23-Mar-2020 21:46:08.939 INFO [Thread-5] org.apache.coyote.AbstractProtocol.pause Pausing ProtocolHandler ["http-nio-80"]
23-Mar-2020 21:46:08.972 INFO [Thread-5] org.apache.coyote.AbstractProtocol.pause Pausing ProtocolHandler ["ajp-nio-8009"]
23-Mar-2020 21:46:08.975 INFO [Thread-5] org.apache.catalina.core.StandardService.stopInternal Stopping service [Catalina]
23-Mar-2020 21:46:09.037 INFO [Thread-5] org.apache.coyote.AbstractProtocol.stop Stopping ProtocolHandler ["http-nio-80"]
23-Mar-2020 21:46:09.041 INFO [Thread-5] org.apache.coyote.AbstractProtocol.stop Stopping ProtocolHandler ["ajp-nio-8009"]
23-Mar-2020 21:46:09.063 INFO [Thread-5] org.apache.coyote.AbstractProtocol.destroy Destroying ProtocolHandler ["http-nio-80"]
23-Mar-2020 21:46:09.064 INFO [Thread-5] org.apache.coyote.AbstractProtocol.destroy Destroying ProtocolHandler ["ajp-nio-8009"]
23-Mar-2020 21:48:09.275 INFO [main] org.apache.catalina.startup.VersionLoggerListener.log Server version name:   Apache Tomcat/9.0.17
23-Mar-2020 21:48:09.278 INFO [main] org.apache.catalina.startup.VersionLoggerListener.log Server built:          Mar 13 2019 15:55:27 UTC
23-Mar-2020 21:48:09.278 INFO [main] org.apache.catalina.startup.VersionLoggerListener.log Server version number: 9.0.17.0
23-Mar-2020 21:48:09.279 INFO [main] org.apache.catalina.startup.VersionLoggerListener.log OS Name:               Linux
23-Mar-2020 21:48:09.279 INFO [main] org.apache.catalina.startup.VersionLoggerListener.log OS Version:            4.15.0-88-generic
23-Mar-2020 21:48:09.279 INFO [main] org.apache.catalina.startup.VersionLoggerListener.log Architecture:          amd64
23-Mar-2020 21:48:09.279 INFO [main] org.apache.catalina.startup.VersionLoggerListener.log Java Home:             /root/.sdkman/candidates/java/8.0.242.hs-adpt/jre
23-Mar-2020 21:48:09.279 INFO [main] org.apache.catalina.startup.VersionLoggerListener.log JVM Version:           1.8.0_242-b08
23-Mar-2020 21:48:09.279 INFO [main] org.apache.catalina.startup.VersionLoggerListener.log JVM Vendor:            AdoptOpenJDK
23-Mar-2020 21:48:09.279 INFO [main] org.apache.catalina.startup.VersionLoggerListener.log CATALINA_BASE:         /home/hj/Desktop/workspace/NICER-master/apache-tomcat-9.0.17
23-Mar-2020 21:48:09.279 INFO [main] org.apache.catalina.startup.VersionLoggerListener.log CATALINA_HOME:         /home/hj/Desktop/workspace/NICER-master/apache-tomcat-9.0.17
23-Mar-2020 21:48:09.279 INFO [main] org.apache.catalina.startup.VersionLoggerListener.log Command line argument: -Djava.util.logging.config.file=/home/hj/Desktop/workspace/NICER-master/apache-tomcat-9.0.17/conf/logging.properties
23-Mar-2020 21:48:09.280 INFO [main] org.apache.catalina.startup.VersionLoggerListener.log Command line argument: -Djava.util.logging.manager=org.apache.juli.ClassLoaderLogManager
23-Mar-2020 21:48:09.280 INFO [main] org.apache.catalina.startup.VersionLoggerListener.log Command line argument: -Djdk.tls.ephemeralDHKeySize=2048
23-Mar-2020 21:48:09.280 INFO [main] org.apache.catalina.startup.VersionLoggerListener.log Command line argument: -Djava.protocol.handler.pkgs=org.apache.catalina.webresources
23-Mar-2020 21:48:09.280 INFO [main] org.apache.catalina.startup.VersionLoggerListener.log Command line argument: -Dorg.apache.catalina.security.SecurityListener.UMASK=0027
23-Mar-2020 21:48:09.280 INFO [main] org.apache.catalina.startup.VersionLoggerListener.log Command line argument: -Dignore.endorsed.dirs=
23-Mar-2020 21:48:09.280 INFO [main] org.apache.catalina.startup.VersionLoggerListener.log Command line argument: -Dcatalina.base=/home/hj/Desktop/workspace/NICER-master/apache-tomcat-9.0.17
23-Mar-2020 21:48:09.280 INFO [main] org.apache.catalina.startup.VersionLoggerListener.log Command line argument: -Dcatalina.home=/home/hj/Desktop/workspace/NICER-master/apache-tomcat-9.0.17
23-Mar-2020 21:48:09.280 INFO [main] org.apache.catalina.startup.VersionLoggerListener.log Command line argument: -Djava.io.tmpdir=/home/hj/Desktop/workspace/NICER-master/apache-tomcat-9.0.17/temp
23-Mar-2020 21:48:09.280 INFO [main] org.apache.catalina.core.AprLifecycleListener.lifecycleEvent The APR based Apache Tomcat Native library which allows optimal performance in production environments was not found on the java.library.path: [/usr/java/packages/lib/amd64:/usr/lib64:/lib64:/lib:/usr/lib]
23-Mar-2020 21:48:09.384 INFO [main] org.apache.coyote.AbstractProtocol.init Initializing ProtocolHandler ["http-nio-80"]
23-Mar-2020 21:48:09.407 INFO [main] org.apache.coyote.AbstractProtocol.init Initializing ProtocolHandler ["ajp-nio-8009"]
23-Mar-2020 21:48:09.409 INFO [main] org.apache.catalina.startup.Catalina.load Server initialization in [449] milliseconds
23-Mar-2020 21:48:09.431 INFO [main] org.apache.catalina.core.StandardService.startInternal Starting service [Catalina]
23-Mar-2020 21:48:09.432 INFO [main] org.apache.catalina.core.StandardEngine.startInternal Starting Servlet engine: [Apache Tomcat/9.0.17]
23-Mar-2020 21:48:09.449 INFO [main] org.apache.catalina.startup.HostConfig.deployWAR Deploying web application archive [/home/hj/Desktop/workspace/NICER-master/apache-tomcat-9.0.17/webapps/ROOT.war]
23-Mar-2020 21:48:11.168 INFO [main] org.apache.jasper.servlet.TldScanner.scanJars At least one JAR was scanned for TLDs yet contained no TLDs. Enable debug logging for this logger for a complete list of JARs that were scanned but no TLDs were found in them. Skipping unneeded JARs during scanning can improve startup time and JSP compilation time.
23-Mar-2020 21:48:11.225 INFO [main] org.apache.catalina.startup.HostConfig.deployWAR Deployment of web application archive [/home/hj/Desktop/workspace/NICER-master/apache-tomcat-9.0.17/webapps/ROOT.war] has finished in [1,777] ms
23-Mar-2020 21:48:11.226 INFO [main] org.apache.catalina.startup.HostConfig.deployDirectory Deploying web application directory [/home/hj/Desktop/workspace/NICER-master/apache-tomcat-9.0.17/webapps/examples]
23-Mar-2020 21:48:12.384 INFO [main] org.apache.jasper.servlet.TldScanner.scanJars At least one JAR was scanned for TLDs yet contained no TLDs. Enable debug logging for this logger for a complete list of JARs that were scanned but no TLDs were found in them. Skipping unneeded JARs during scanning can improve startup time and JSP compilation time.
23-Mar-2020 21:48:12.410 INFO [main] org.apache.catalina.startup.HostConfig.deployDirectory Deployment of web application directory [/home/hj/Desktop/workspace/NICER-master/apache-tomcat-9.0.17/webapps/examples] has finished in [1,184] ms
23-Mar-2020 21:48:12.410 INFO [main] org.apache.catalina.startup.HostConfig.deployDirectory Deploying web application directory [/home/hj/Desktop/workspace/NICER-master/apache-tomcat-9.0.17/webapps/manager]
23-Mar-2020 21:48:13.349 INFO [main] org.apache.jasper.servlet.TldScanner.scanJars At least one JAR was scanned for TLDs yet contained no TLDs. Enable debug logging for this logger for a complete list of JARs that were scanned but no TLDs were found in them. Skipping unneeded JARs during scanning can improve startup time and JSP compilation time.
23-Mar-2020 21:48:13.356 INFO [main] org.apache.catalina.startup.HostConfig.deployDirectory Deployment of web application directory [/home/hj/Desktop/workspace/NICER-master/apache-tomcat-9.0.17/webapps/manager] has finished in [946] ms
23-Mar-2020 21:48:13.357 INFO [main] org.apache.catalina.startup.HostConfig.deployDirectory Deploying web application directory [/home/hj/Desktop/workspace/NICER-master/apache-tomcat-9.0.17/webapps/docs]
23-Mar-2020 21:48:14.293 INFO [main] org.apache.jasper.servlet.TldScanner.scanJars At least one JAR was scanned for TLDs yet contained no TLDs. Enable debug logging for this logger for a complete list of JARs that were scanned but no TLDs were found in them. Skipping unneeded JARs during scanning can improve startup time and JSP compilation time.
23-Mar-2020 21:48:14.296 INFO [main] org.apache.catalina.startup.HostConfig.deployDirectory Deployment of web application directory [/home/hj/Desktop/workspace/NICER-master/apache-tomcat-9.0.17/webapps/docs] has finished in [940] ms
23-Mar-2020 21:48:14.296 INFO [main] org.apache.catalina.startup.HostConfig.deployDirectory Deploying web application directory [/home/hj/Desktop/workspace/NICER-master/apache-tomcat-9.0.17/webapps/host-manager]
23-Mar-2020 21:48:15.064 INFO [main] org.apache.jasper.servlet.TldScanner.scanJars At least one JAR was scanned for TLDs yet contained no TLDs. Enable debug logging for this logger for a complete list of JARs that were scanned but no TLDs were found in them. Skipping unneeded JARs during scanning can improve startup time and JSP compilation time.
23-Mar-2020 21:48:15.066 INFO [main] org.apache.catalina.startup.HostConfig.deployDirectory Deployment of web application directory [/home/hj/Desktop/workspace/NICER-master/apache-tomcat-9.0.17/webapps/host-manager] has finished in [769] ms
23-Mar-2020 21:48:15.068 INFO [main] org.apache.coyote.AbstractProtocol.start Starting ProtocolHandler ["http-nio-80"]
23-Mar-2020 21:48:15.086 INFO [main] org.apache.coyote.AbstractProtocol.start Starting ProtocolHandler ["ajp-nio-8009"]
23-Mar-2020 21:48:15.101 INFO [main] org.apache.catalina.startup.Catalina.start Server startup in [5,692] milliseconds
