19-Mar-2020 19:12:38.998 INFO [main] org.apache.catalina.startup.VersionLoggerListener.log Server version name:   Apache Tomcat/9.0.17
19-Mar-2020 19:12:39.001 INFO [main] org.apache.catalina.startup.VersionLoggerListener.log Server built:          Mar 13 2019 15:55:27 UTC
19-Mar-2020 19:12:39.001 INFO [main] org.apache.catalina.startup.VersionLoggerListener.log Server version number: 9.0.17.0
19-Mar-2020 19:12:39.001 INFO [main] org.apache.catalina.startup.VersionLoggerListener.log OS Name:               Linux
19-Mar-2020 19:12:39.002 INFO [main] org.apache.catalina.startup.VersionLoggerListener.log OS Version:            4.15.0-88-generic
19-Mar-2020 19:12:39.002 INFO [main] org.apache.catalina.startup.VersionLoggerListener.log Architecture:          amd64
19-Mar-2020 19:12:39.002 INFO [main] org.apache.catalina.startup.VersionLoggerListener.log Java Home:             /root/.sdkman/candidates/java/8.0.242.hs-adpt/jre
19-Mar-2020 19:12:39.002 INFO [main] org.apache.catalina.startup.VersionLoggerListener.log JVM Version:           1.8.0_242-b08
19-Mar-2020 19:12:39.002 INFO [main] org.apache.catalina.startup.VersionLoggerListener.log JVM Vendor:            AdoptOpenJDK
19-Mar-2020 19:12:39.002 INFO [main] org.apache.catalina.startup.VersionLoggerListener.log CATALINA_BASE:         /home/hj/Desktop/workspace/NICER-master/apache-tomcat-9.0.17
19-Mar-2020 19:12:39.002 INFO [main] org.apache.catalina.startup.VersionLoggerListener.log CATALINA_HOME:         /home/hj/Desktop/workspace/NICER-master/apache-tomcat-9.0.17
19-Mar-2020 19:12:39.002 INFO [main] org.apache.catalina.startup.VersionLoggerListener.log Command line argument: -Djava.util.logging.config.file=/home/hj/Desktop/workspace/NICER-master/apache-tomcat-9.0.17/conf/logging.properties
19-Mar-2020 19:12:39.002 INFO [main] org.apache.catalina.startup.VersionLoggerListener.log Command line argument: -Djava.util.logging.manager=org.apache.juli.ClassLoaderLogManager
19-Mar-2020 19:12:39.002 INFO [main] org.apache.catalina.startup.VersionLoggerListener.log Command line argument: -Djdk.tls.ephemeralDHKeySize=2048
19-Mar-2020 19:12:39.002 INFO [main] org.apache.catalina.startup.VersionLoggerListener.log Command line argument: -Djava.protocol.handler.pkgs=org.apache.catalina.webresources
19-Mar-2020 19:12:39.002 INFO [main] org.apache.catalina.startup.VersionLoggerListener.log Command line argument: -Dorg.apache.catalina.security.SecurityListener.UMASK=0027
19-Mar-2020 19:12:39.002 INFO [main] org.apache.catalina.startup.VersionLoggerListener.log Command line argument: -Dignore.endorsed.dirs=
19-Mar-2020 19:12:39.005 INFO [main] org.apache.catalina.startup.VersionLoggerListener.log Command line argument: -Dcatalina.base=/home/hj/Desktop/workspace/NICER-master/apache-tomcat-9.0.17
19-Mar-2020 19:12:39.005 INFO [main] org.apache.catalina.startup.VersionLoggerListener.log Command line argument: -Dcatalina.home=/home/hj/Desktop/workspace/NICER-master/apache-tomcat-9.0.17
19-Mar-2020 19:12:39.005 INFO [main] org.apache.catalina.startup.VersionLoggerListener.log Command line argument: -Djava.io.tmpdir=/home/hj/Desktop/workspace/NICER-master/apache-tomcat-9.0.17/temp
19-Mar-2020 19:12:39.005 INFO [main] org.apache.catalina.core.AprLifecycleListener.lifecycleEvent The APR based Apache Tomcat Native library which allows optimal performance in production environments was not found on the java.library.path: [/usr/java/packages/lib/amd64:/usr/lib64:/lib64:/lib:/usr/lib]
19-Mar-2020 19:12:39.135 INFO [main] org.apache.coyote.AbstractProtocol.init Initializing ProtocolHandler ["http-nio-80"]
19-Mar-2020 19:12:39.163 INFO [main] org.apache.coyote.AbstractProtocol.init Initializing ProtocolHandler ["ajp-nio-8009"]
19-Mar-2020 19:12:39.166 INFO [main] org.apache.catalina.startup.Catalina.load Server initialization in [498] milliseconds
19-Mar-2020 19:12:39.189 INFO [main] org.apache.catalina.core.StandardService.startInternal Starting service [Catalina]
19-Mar-2020 19:12:39.189 INFO [main] org.apache.catalina.core.StandardEngine.startInternal Starting Servlet engine: [Apache Tomcat/9.0.17]
19-Mar-2020 19:12:39.199 INFO [main] org.apache.catalina.startup.HostConfig.deployDirectory Deploying web application directory [/home/hj/Desktop/workspace/NICER-master/apache-tomcat-9.0.17/webapps/examples]
19-Mar-2020 19:12:40.892 INFO [main] org.apache.jasper.servlet.TldScanner.scanJars At least one JAR was scanned for TLDs yet contained no TLDs. Enable debug logging for this logger for a complete list of JARs that were scanned but no TLDs were found in them. Skipping unneeded JARs during scanning can improve startup time and JSP compilation time.
19-Mar-2020 19:12:40.951 INFO [main] org.apache.catalina.startup.HostConfig.deployDirectory Deployment of web application directory [/home/hj/Desktop/workspace/NICER-master/apache-tomcat-9.0.17/webapps/examples] has finished in [1,752] ms
19-Mar-2020 19:12:40.951 INFO [main] org.apache.catalina.startup.HostConfig.deployDirectory Deploying web application directory [/home/hj/Desktop/workspace/NICER-master/apache-tomcat-9.0.17/webapps/manager]
19-Mar-2020 19:12:41.939 INFO [main] org.apache.jasper.servlet.TldScanner.scanJars At least one JAR was scanned for TLDs yet contained no TLDs. Enable debug logging for this logger for a complete list of JARs that were scanned but no TLDs were found in them. Skipping unneeded JARs during scanning can improve startup time and JSP compilation time.
19-Mar-2020 19:12:41.943 INFO [main] org.apache.catalina.startup.HostConfig.deployDirectory Deployment of web application directory [/home/hj/Desktop/workspace/NICER-master/apache-tomcat-9.0.17/webapps/manager] has finished in [991] ms
19-Mar-2020 19:12:41.943 INFO [main] org.apache.catalina.startup.HostConfig.deployDirectory Deploying web application directory [/home/hj/Desktop/workspace/NICER-master/apache-tomcat-9.0.17/webapps/ROOT]
19-Mar-2020 19:12:42.666 INFO [main] org.apache.jasper.servlet.TldScanner.scanJars At least one JAR was scanned for TLDs yet contained no TLDs. Enable debug logging for this logger for a complete list of JARs that were scanned but no TLDs were found in them. Skipping unneeded JARs during scanning can improve startup time and JSP compilation time.
19-Mar-2020 19:12:42.667 INFO [main] org.apache.catalina.startup.HostConfig.deployDirectory Deployment of web application directory [/home/hj/Desktop/workspace/NICER-master/apache-tomcat-9.0.17/webapps/ROOT] has finished in [724] ms
19-Mar-2020 19:12:42.667 INFO [main] org.apache.catalina.startup.HostConfig.deployDirectory Deploying web application directory [/home/hj/Desktop/workspace/NICER-master/apache-tomcat-9.0.17/webapps/docs]
19-Mar-2020 19:12:43.248 INFO [main] org.apache.jasper.servlet.TldScanner.scanJars At least one JAR was scanned for TLDs yet contained no TLDs. Enable debug logging for this logger for a complete list of JARs that were scanned but no TLDs were found in them. Skipping unneeded JARs during scanning can improve startup time and JSP compilation time.
19-Mar-2020 19:12:43.249 INFO [main] org.apache.catalina.startup.HostConfig.deployDirectory Deployment of web application directory [/home/hj/Desktop/workspace/NICER-master/apache-tomcat-9.0.17/webapps/docs] has finished in [582] ms
19-Mar-2020 19:12:43.249 INFO [main] org.apache.catalina.startup.HostConfig.deployDirectory Deploying web application directory [/home/hj/Desktop/workspace/NICER-master/apache-tomcat-9.0.17/webapps/host-manager]
19-Mar-2020 19:12:43.873 INFO [main] org.apache.jasper.servlet.TldScanner.scanJars At least one JAR was scanned for TLDs yet contained no TLDs. Enable debug logging for this logger for a complete list of JARs that were scanned but no TLDs were found in them. Skipping unneeded JARs during scanning can improve startup time and JSP compilation time.
19-Mar-2020 19:12:43.875 INFO [main] org.apache.catalina.startup.HostConfig.deployDirectory Deployment of web application directory [/home/hj/Desktop/workspace/NICER-master/apache-tomcat-9.0.17/webapps/host-manager] has finished in [625] ms
19-Mar-2020 19:12:43.877 INFO [main] org.apache.coyote.AbstractProtocol.start Starting ProtocolHandler ["http-nio-80"]
19-Mar-2020 19:12:43.891 INFO [main] org.apache.coyote.AbstractProtocol.start Starting ProtocolHandler ["ajp-nio-8009"]
19-Mar-2020 19:12:43.904 INFO [main] org.apache.catalina.startup.Catalina.start Server startup in [4,737] milliseconds
19-Mar-2020 19:13:11.520 SEVERE [ajp-nio-8009-exec-1] org.apache.coyote.ajp.AjpMessage.processHeader Invalid message received with signature [18245]
19-Mar-2020 19:13:11.521 SEVERE [ajp-nio-8009-exec-2] org.apache.coyote.ajp.AjpMessage.processHeader Invalid message received with signature [18245]
19-Mar-2020 19:13:11.523 SEVERE [ajp-nio-8009-exec-3] org.apache.coyote.ajp.AjpMessage.processHeader Invalid message received with signature [18245]
19-Mar-2020 19:13:18.519 WARNING [main] org.apache.catalina.core.StandardServer.await Invalid shutdown command [GET / HTTP/1.1] received
19-Mar-2020 19:13:18.520 WARNING [main] org.apache.catalina.core.StandardServer.await Invalid shutdown command [GET / HTTP/1.1] received
19-Mar-2020 19:13:18.520 WARNING [main] org.apache.catalina.core.StandardServer.await Invalid shutdown command [GET / HTTP/1.1] received
19-Mar-2020 19:13:18.771 WARNING [main] org.apache.catalina.core.StandardServer.await Invalid shutdown command [GET / HTTP/1.1] received
19-Mar-2020 19:13:18.771 WARNING [main] org.apache.catalina.core.StandardServer.await Invalid shutdown command [GET / HTTP/1.1] received
19-Mar-2020 19:13:18.771 WARNING [main] org.apache.catalina.core.StandardServer.await Invalid shutdown command [GET / HTTP/1.1] received
19-Mar-2020 19:19:34.024 INFO [Catalina-utility-1] org.apache.catalina.startup.HostConfig.undeploy Undeploying context []
19-Mar-2020 19:19:34.053 INFO [Catalina-utility-1] org.apache.catalina.startup.HostConfig.deployWAR Deploying web application archive [/home/hj/Desktop/workspace/NICER-master/apache-tomcat-9.0.17/webapps/ROOT.war]
19-Mar-2020 19:19:34.813 INFO [Catalina-utility-1] org.apache.jasper.servlet.TldScanner.scanJars At least one JAR was scanned for TLDs yet contained no TLDs. Enable debug logging for this logger for a complete list of JARs that were scanned but no TLDs were found in them. Skipping unneeded JARs during scanning can improve startup time and JSP compilation time.
19-Mar-2020 19:19:34.816 INFO [Catalina-utility-1] org.apache.catalina.startup.HostConfig.deployWAR Deployment of web application archive [/home/hj/Desktop/workspace/NICER-master/apache-tomcat-9.0.17/webapps/ROOT.war] has finished in [763] ms
19-Mar-2020 19:20:01.694 INFO [main] org.apache.catalina.core.StandardServer.await A valid shutdown command was received via the shutdown port. Stopping the Server instance.
19-Mar-2020 19:20:01.694 INFO [main] org.apache.coyote.AbstractProtocol.pause Pausing ProtocolHandler ["http-nio-80"]
19-Mar-2020 19:20:01.702 INFO [main] org.apache.coyote.AbstractProtocol.pause Pausing ProtocolHandler ["ajp-nio-8009"]
19-Mar-2020 19:20:01.707 INFO [main] org.apache.catalina.core.StandardService.stopInternal Stopping service [Catalina]
19-Mar-2020 19:20:01.726 INFO [main] org.apache.coyote.AbstractProtocol.stop Stopping ProtocolHandler ["http-nio-80"]
19-Mar-2020 19:20:01.728 INFO [main] org.apache.coyote.AbstractProtocol.stop Stopping ProtocolHandler ["ajp-nio-8009"]
19-Mar-2020 19:20:01.729 INFO [main] org.apache.coyote.AbstractProtocol.destroy Destroying ProtocolHandler ["http-nio-80"]
19-Mar-2020 19:20:01.730 INFO [main] org.apache.coyote.AbstractProtocol.destroy Destroying ProtocolHandler ["ajp-nio-8009"]
19-Mar-2020 19:20:08.038 INFO [main] org.apache.catalina.startup.VersionLoggerListener.log Server version name:   Apache Tomcat/9.0.17
19-Mar-2020 19:20:08.040 INFO [main] org.apache.catalina.startup.VersionLoggerListener.log Server built:          Mar 13 2019 15:55:27 UTC
19-Mar-2020 19:20:08.040 INFO [main] org.apache.catalina.startup.VersionLoggerListener.log Server version number: 9.0.17.0
19-Mar-2020 19:20:08.040 INFO [main] org.apache.catalina.startup.VersionLoggerListener.log OS Name:               Linux
19-Mar-2020 19:20:08.040 INFO [main] org.apache.catalina.startup.VersionLoggerListener.log OS Version:            4.15.0-88-generic
19-Mar-2020 19:20:08.040 INFO [main] org.apache.catalina.startup.VersionLoggerListener.log Architecture:          amd64
19-Mar-2020 19:20:08.040 INFO [main] org.apache.catalina.startup.VersionLoggerListener.log Java Home:             /root/.sdkman/candidates/java/8.0.242.hs-adpt/jre
19-Mar-2020 19:20:08.040 INFO [main] org.apache.catalina.startup.VersionLoggerListener.log JVM Version:           1.8.0_242-b08
19-Mar-2020 19:20:08.040 INFO [main] org.apache.catalina.startup.VersionLoggerListener.log JVM Vendor:            AdoptOpenJDK
19-Mar-2020 19:20:08.040 INFO [main] org.apache.catalina.startup.VersionLoggerListener.log CATALINA_BASE:         /home/hj/Desktop/workspace/NICER-master/apache-tomcat-9.0.17
19-Mar-2020 19:20:08.040 INFO [main] org.apache.catalina.startup.VersionLoggerListener.log CATALINA_HOME:         /home/hj/Desktop/workspace/NICER-master/apache-tomcat-9.0.17
19-Mar-2020 19:20:08.041 INFO [main] org.apache.catalina.startup.VersionLoggerListener.log Command line argument: -Djava.util.logging.config.file=/home/hj/Desktop/workspace/NICER-master/apache-tomcat-9.0.17/conf/logging.properties
19-Mar-2020 19:20:08.041 INFO [main] org.apache.catalina.startup.VersionLoggerListener.log Command line argument: -Djava.util.logging.manager=org.apache.juli.ClassLoaderLogManager
19-Mar-2020 19:20:08.041 INFO [main] org.apache.catalina.startup.VersionLoggerListener.log Command line argument: -Djdk.tls.ephemeralDHKeySize=2048
19-Mar-2020 19:20:08.041 INFO [main] org.apache.catalina.startup.VersionLoggerListener.log Command line argument: -Djava.protocol.handler.pkgs=org.apache.catalina.webresources
19-Mar-2020 19:20:08.041 INFO [main] org.apache.catalina.startup.VersionLoggerListener.log Command line argument: -Dorg.apache.catalina.security.SecurityListener.UMASK=0027
19-Mar-2020 19:20:08.041 INFO [main] org.apache.catalina.startup.VersionLoggerListener.log Command line argument: -Dignore.endorsed.dirs=
19-Mar-2020 19:20:08.041 INFO [main] org.apache.catalina.startup.VersionLoggerListener.log Command line argument: -Dcatalina.base=/home/hj/Desktop/workspace/NICER-master/apache-tomcat-9.0.17
19-Mar-2020 19:20:08.041 INFO [main] org.apache.catalina.startup.VersionLoggerListener.log Command line argument: -Dcatalina.home=/home/hj/Desktop/workspace/NICER-master/apache-tomcat-9.0.17
19-Mar-2020 19:20:08.041 INFO [main] org.apache.catalina.startup.VersionLoggerListener.log Command line argument: -Djava.io.tmpdir=/home/hj/Desktop/workspace/NICER-master/apache-tomcat-9.0.17/temp
19-Mar-2020 19:20:08.041 INFO [main] org.apache.catalina.core.AprLifecycleListener.lifecycleEvent The APR based Apache Tomcat Native library which allows optimal performance in production environments was not found on the java.library.path: [/usr/java/packages/lib/amd64:/usr/lib64:/lib64:/lib:/usr/lib]
19-Mar-2020 19:20:08.123 INFO [main] org.apache.coyote.AbstractProtocol.init Initializing ProtocolHandler ["http-nio-80"]
19-Mar-2020 19:20:08.139 INFO [main] org.apache.coyote.AbstractProtocol.init Initializing ProtocolHandler ["ajp-nio-8009"]
19-Mar-2020 19:20:08.141 INFO [main] org.apache.catalina.startup.Catalina.load Server initialization in [358] milliseconds
19-Mar-2020 19:20:08.160 INFO [main] org.apache.catalina.core.StandardService.startInternal Starting service [Catalina]
19-Mar-2020 19:20:08.160 INFO [main] org.apache.catalina.core.StandardEngine.startInternal Starting Servlet engine: [Apache Tomcat/9.0.17]
19-Mar-2020 19:20:08.174 INFO [main] org.apache.catalina.startup.HostConfig.deployWAR Deploying web application archive [/home/hj/Desktop/workspace/NICER-master/apache-tomcat-9.0.17/webapps/ROOT.war]
19-Mar-2020 19:20:09.540 INFO [main] org.apache.jasper.servlet.TldScanner.scanJars At least one JAR was scanned for TLDs yet contained no TLDs. Enable debug logging for this logger for a complete list of JARs that were scanned but no TLDs were found in them. Skipping unneeded JARs during scanning can improve startup time and JSP compilation time.
19-Mar-2020 19:20:09.569 INFO [main] org.apache.catalina.startup.HostConfig.deployWAR Deployment of web application archive [/home/hj/Desktop/workspace/NICER-master/apache-tomcat-9.0.17/webapps/ROOT.war] has finished in [1,395] ms
19-Mar-2020 19:20:09.570 INFO [main] org.apache.catalina.startup.HostConfig.deployDirectory Deploying web application directory [/home/hj/Desktop/workspace/NICER-master/apache-tomcat-9.0.17/webapps/examples]
19-Mar-2020 19:20:10.628 INFO [main] org.apache.jasper.servlet.TldScanner.scanJars At least one JAR was scanned for TLDs yet contained no TLDs. Enable debug logging for this logger for a complete list of JARs that were scanned but no TLDs were found in them. Skipping unneeded JARs during scanning can improve startup time and JSP compilation time.
19-Mar-2020 19:20:10.651 INFO [main] org.apache.catalina.startup.HostConfig.deployDirectory Deployment of web application directory [/home/hj/Desktop/workspace/NICER-master/apache-tomcat-9.0.17/webapps/examples] has finished in [1,081] ms
19-Mar-2020 19:20:10.652 INFO [main] org.apache.catalina.startup.HostConfig.deployDirectory Deploying web application directory [/home/hj/Desktop/workspace/NICER-master/apache-tomcat-9.0.17/webapps/manager]
19-Mar-2020 19:20:11.543 INFO [main] org.apache.jasper.servlet.TldScanner.scanJars At least one JAR was scanned for TLDs yet contained no TLDs. Enable debug logging for this logger for a complete list of JARs that were scanned but no TLDs were found in them. Skipping unneeded JARs during scanning can improve startup time and JSP compilation time.
19-Mar-2020 19:20:11.546 INFO [main] org.apache.catalina.startup.HostConfig.deployDirectory Deployment of web application directory [/home/hj/Desktop/workspace/NICER-master/apache-tomcat-9.0.17/webapps/manager] has finished in [894] ms
19-Mar-2020 19:20:11.546 INFO [main] org.apache.catalina.startup.HostConfig.deployDirectory Deploying web application directory [/home/hj/Desktop/workspace/NICER-master/apache-tomcat-9.0.17/webapps/docs]
19-Mar-2020 19:20:12.284 INFO [main] org.apache.jasper.servlet.TldScanner.scanJars At least one JAR was scanned for TLDs yet contained no TLDs. Enable debug logging for this logger for a complete list of JARs that were scanned but no TLDs were found in them. Skipping unneeded JARs during scanning can improve startup time and JSP compilation time.
19-Mar-2020 19:20:12.286 INFO [main] org.apache.catalina.startup.HostConfig.deployDirectory Deployment of web application directory [/home/hj/Desktop/workspace/NICER-master/apache-tomcat-9.0.17/webapps/docs] has finished in [739] ms
19-Mar-2020 19:20:12.286 INFO [main] org.apache.catalina.startup.HostConfig.deployDirectory Deploying web application directory [/home/hj/Desktop/workspace/NICER-master/apache-tomcat-9.0.17/webapps/host-manager]
19-Mar-2020 19:20:12.820 INFO [main] org.apache.jasper.servlet.TldScanner.scanJars At least one JAR was scanned for TLDs yet contained no TLDs. Enable debug logging for this logger for a complete list of JARs that were scanned but no TLDs were found in them. Skipping unneeded JARs during scanning can improve startup time and JSP compilation time.
19-Mar-2020 19:20:12.821 INFO [main] org.apache.catalina.startup.HostConfig.deployDirectory Deployment of web application directory [/home/hj/Desktop/workspace/NICER-master/apache-tomcat-9.0.17/webapps/host-manager] has finished in [535] ms
19-Mar-2020 19:20:12.824 INFO [main] org.apache.coyote.AbstractProtocol.start Starting ProtocolHandler ["http-nio-80"]
19-Mar-2020 19:20:12.839 INFO [main] org.apache.coyote.AbstractProtocol.start Starting ProtocolHandler ["ajp-nio-8009"]
19-Mar-2020 19:20:12.853 INFO [main] org.apache.catalina.startup.Catalina.start Server startup in [4,712] milliseconds
