07-Jun-2020 08:28:00.007 INFO [main] org.apache.catalina.startup.VersionLoggerListener.log Server version name:   Apache Tomcat/9.0.17
07-Jun-2020 08:28:00.012 INFO [main] org.apache.catalina.startup.VersionLoggerListener.log Server built:          Mar 13 2019 15:55:27 UTC
07-Jun-2020 08:28:00.012 INFO [main] org.apache.catalina.startup.VersionLoggerListener.log Server version number: 9.0.17.0
07-Jun-2020 08:28:00.012 INFO [main] org.apache.catalina.startup.VersionLoggerListener.log OS Name:               Linux
07-Jun-2020 08:28:00.012 INFO [main] org.apache.catalina.startup.VersionLoggerListener.log OS Version:            4.15.0-88-generic
07-Jun-2020 08:28:00.012 INFO [main] org.apache.catalina.startup.VersionLoggerListener.log Architecture:          amd64
07-Jun-2020 08:28:00.012 INFO [main] org.apache.catalina.startup.VersionLoggerListener.log Java Home:             /usr/lib/jvm/java-1.8.0-openjdk-1.8.0.242.b08-0.el8_1.x86_64/jre
07-Jun-2020 08:28:00.012 INFO [main] org.apache.catalina.startup.VersionLoggerListener.log JVM Version:           1.8.0_242-b08
07-Jun-2020 08:28:00.013 INFO [main] org.apache.catalina.startup.VersionLoggerListener.log JVM Vendor:            Oracle Corporation
07-Jun-2020 08:28:00.013 INFO [main] org.apache.catalina.startup.VersionLoggerListener.log CATALINA_BASE:         /DGU-NICER/apache-tomcat-9.0.17
07-Jun-2020 08:28:00.013 INFO [main] org.apache.catalina.startup.VersionLoggerListener.log CATALINA_HOME:         /DGU-NICER/apache-tomcat-9.0.17
07-Jun-2020 08:28:00.013 INFO [main] org.apache.catalina.startup.VersionLoggerListener.log Command line argument: -Djava.util.logging.config.file=/DGU-NICER/apache-tomcat-9.0.17/conf/logging.properties
07-Jun-2020 08:28:00.013 INFO [main] org.apache.catalina.startup.VersionLoggerListener.log Command line argument: -Djava.util.logging.manager=org.apache.juli.ClassLoaderLogManager
07-Jun-2020 08:28:00.013 INFO [main] org.apache.catalina.startup.VersionLoggerListener.log Command line argument: -Djdk.tls.ephemeralDHKeySize=2048
07-Jun-2020 08:28:00.013 INFO [main] org.apache.catalina.startup.VersionLoggerListener.log Command line argument: -Djava.protocol.handler.pkgs=org.apache.catalina.webresources
07-Jun-2020 08:28:00.013 INFO [main] org.apache.catalina.startup.VersionLoggerListener.log Command line argument: -Dorg.apache.catalina.security.SecurityListener.UMASK=0027
07-Jun-2020 08:28:00.014 INFO [main] org.apache.catalina.startup.VersionLoggerListener.log Command line argument: -Dignore.endorsed.dirs=
07-Jun-2020 08:28:00.014 INFO [main] org.apache.catalina.startup.VersionLoggerListener.log Command line argument: -Dcatalina.base=/DGU-NICER/apache-tomcat-9.0.17
07-Jun-2020 08:28:00.014 INFO [main] org.apache.catalina.startup.VersionLoggerListener.log Command line argument: -Dcatalina.home=/DGU-NICER/apache-tomcat-9.0.17
07-Jun-2020 08:28:00.014 INFO [main] org.apache.catalina.startup.VersionLoggerListener.log Command line argument: -Djava.io.tmpdir=/DGU-NICER/apache-tomcat-9.0.17/temp
07-Jun-2020 08:28:00.014 INFO [main] org.apache.catalina.core.AprLifecycleListener.lifecycleEvent The APR based Apache Tomcat Native library which allows optimal performance in production environments was not found on the java.library.path: [/usr/java/packages/lib/amd64:/usr/lib64:/lib64:/lib:/usr/lib]
07-Jun-2020 08:28:00.105 INFO [main] org.apache.coyote.AbstractProtocol.init Initializing ProtocolHandler ["http-nio-80"]
07-Jun-2020 08:28:00.131 INFO [main] org.apache.coyote.AbstractProtocol.init Initializing ProtocolHandler ["ajp-nio-8009"]
07-Jun-2020 08:28:00.134 INFO [main] org.apache.catalina.startup.Catalina.load Server initialization in [497] milliseconds
07-Jun-2020 08:28:00.160 INFO [main] org.apache.catalina.core.StandardService.startInternal Starting service [Catalina]
07-Jun-2020 08:28:00.160 INFO [main] org.apache.catalina.core.StandardEngine.startInternal Starting Servlet engine: [Apache Tomcat/9.0.17]
07-Jun-2020 08:28:00.176 INFO [main] org.apache.catalina.startup.HostConfig.deployWAR Deploying web application archive [/DGU-NICER/apache-tomcat-9.0.17/webapps/ROOT.war]
07-Jun-2020 08:28:02.390 INFO [main] org.apache.jasper.servlet.TldScanner.scanJars At least one JAR was scanned for TLDs yet contained no TLDs. Enable debug logging for this logger for a complete list of JARs that were scanned but no TLDs were found in them. Skipping unneeded JARs during scanning can improve startup time and JSP compilation time.
07-Jun-2020 08:28:02.440 INFO [main] org.apache.catalina.startup.HostConfig.deployWAR Deployment of web application archive [/DGU-NICER/apache-tomcat-9.0.17/webapps/ROOT.war] has finished in [2,264] ms
07-Jun-2020 08:28:02.441 INFO [main] org.apache.catalina.startup.HostConfig.deployDirectory Deploying web application directory [/DGU-NICER/apache-tomcat-9.0.17/webapps/examples]
07-Jun-2020 08:28:03.845 INFO [main] org.apache.jasper.servlet.TldScanner.scanJars At least one JAR was scanned for TLDs yet contained no TLDs. Enable debug logging for this logger for a complete list of JARs that were scanned but no TLDs were found in them. Skipping unneeded JARs during scanning can improve startup time and JSP compilation time.
07-Jun-2020 08:28:03.881 INFO [main] org.apache.catalina.startup.HostConfig.deployDirectory Deployment of web application directory [/DGU-NICER/apache-tomcat-9.0.17/webapps/examples] has finished in [1,440] ms
07-Jun-2020 08:28:03.882 INFO [main] org.apache.catalina.startup.HostConfig.deployDirectory Deploying web application directory [/DGU-NICER/apache-tomcat-9.0.17/webapps/manager]
07-Jun-2020 08:28:04.752 INFO [main] org.apache.jasper.servlet.TldScanner.scanJars At least one JAR was scanned for TLDs yet contained no TLDs. Enable debug logging for this logger for a complete list of JARs that were scanned but no TLDs were found in them. Skipping unneeded JARs during scanning can improve startup time and JSP compilation time.
07-Jun-2020 08:28:04.757 INFO [main] org.apache.catalina.startup.HostConfig.deployDirectory Deployment of web application directory [/DGU-NICER/apache-tomcat-9.0.17/webapps/manager] has finished in [875] ms
07-Jun-2020 08:28:04.757 INFO [main] org.apache.catalina.startup.HostConfig.deployDirectory Deploying web application directory [/DGU-NICER/apache-tomcat-9.0.17/webapps/docs]
07-Jun-2020 08:28:05.559 INFO [main] org.apache.jasper.servlet.TldScanner.scanJars At least one JAR was scanned for TLDs yet contained no TLDs. Enable debug logging for this logger for a complete list of JARs that were scanned but no TLDs were found in them. Skipping unneeded JARs during scanning can improve startup time and JSP compilation time.
07-Jun-2020 08:28:05.561 INFO [main] org.apache.catalina.startup.HostConfig.deployDirectory Deployment of web application directory [/DGU-NICER/apache-tomcat-9.0.17/webapps/docs] has finished in [804] ms
07-Jun-2020 08:28:05.561 INFO [main] org.apache.catalina.startup.HostConfig.deployDirectory Deploying web application directory [/DGU-NICER/apache-tomcat-9.0.17/webapps/host-manager]
07-Jun-2020 08:28:06.228 INFO [main] org.apache.jasper.servlet.TldScanner.scanJars At least one JAR was scanned for TLDs yet contained no TLDs. Enable debug logging for this logger for a complete list of JARs that were scanned but no TLDs were found in them. Skipping unneeded JARs during scanning can improve startup time and JSP compilation time.
07-Jun-2020 08:28:06.230 INFO [main] org.apache.catalina.startup.HostConfig.deployDirectory Deployment of web application directory [/DGU-NICER/apache-tomcat-9.0.17/webapps/host-manager] has finished in [668] ms
07-Jun-2020 08:28:06.234 INFO [main] org.apache.coyote.AbstractProtocol.start Starting ProtocolHandler ["http-nio-80"]
07-Jun-2020 08:28:06.249 INFO [main] org.apache.coyote.AbstractProtocol.start Starting ProtocolHandler ["ajp-nio-8009"]
07-Jun-2020 08:28:06.253 INFO [main] org.apache.catalina.startup.Catalina.start Server startup in [6,119] milliseconds
07-Jun-2020 08:28:06.255 SEVERE [main] org.apache.catalina.core.StandardServer.await Failed to create server shutdown socket on address [localhost] and port [8005] (base port [8005] and offset [0])
 java.net.BindException: Address already in use (Bind failed)
	at java.net.PlainSocketImpl.socketBind(Native Method)
	at java.net.AbstractPlainSocketImpl.bind(AbstractPlainSocketImpl.java:387)
	at java.net.ServerSocket.bind(ServerSocket.java:390)
	at java.net.ServerSocket.<init>(ServerSocket.java:252)
	at org.apache.catalina.core.StandardServer.await(StandardServer.java:582)
	at org.apache.catalina.startup.Catalina.await(Catalina.java:722)
	at org.apache.catalina.startup.Catalina.start(Catalina.java:668)
	at sun.reflect.NativeMethodAccessorImpl.invoke0(Native Method)
	at sun.reflect.NativeMethodAccessorImpl.invoke(NativeMethodAccessorImpl.java:62)
	at sun.reflect.DelegatingMethodAccessorImpl.invoke(DelegatingMethodAccessorImpl.java:43)
	at java.lang.reflect.Method.invoke(Method.java:498)
	at org.apache.catalina.startup.Bootstrap.start(Bootstrap.java:350)
	at org.apache.catalina.startup.Bootstrap.main(Bootstrap.java:492)

07-Jun-2020 08:28:06.258 INFO [main] org.apache.coyote.AbstractProtocol.pause Pausing ProtocolHandler ["http-nio-80"]
07-Jun-2020 08:28:06.266 INFO [main] org.apache.coyote.AbstractProtocol.pause Pausing ProtocolHandler ["ajp-nio-8009"]
07-Jun-2020 08:28:06.272 INFO [main] org.apache.catalina.core.StandardService.stopInternal Stopping service [Catalina]
07-Jun-2020 08:28:06.296 INFO [main] org.apache.coyote.AbstractProtocol.stop Stopping ProtocolHandler ["http-nio-80"]
07-Jun-2020 08:28:06.299 INFO [main] org.apache.coyote.AbstractProtocol.stop Stopping ProtocolHandler ["ajp-nio-8009"]
07-Jun-2020 08:28:06.300 INFO [main] org.apache.coyote.AbstractProtocol.destroy Destroying ProtocolHandler ["http-nio-80"]
07-Jun-2020 08:28:06.301 INFO [1] org.apache.coyote.AbstractProtocol.destroy Destroying ProtocolHandler ["ajp-nio-8009"]
07-Jun-2020 08:28:26.963 INFO [main] org.apache.catalina.startup.VersionLoggerListener.log Server version name:   Apache Tomcat/9.0.17
07-Jun-2020 08:28:26.965 INFO [main] org.apache.catalina.startup.VersionLoggerListener.log Server built:          Mar 13 2019 15:55:27 UTC
07-Jun-2020 08:28:26.965 INFO [main] org.apache.catalina.startup.VersionLoggerListener.log Server version number: 9.0.17.0
07-Jun-2020 08:28:26.965 INFO [main] org.apache.catalina.startup.VersionLoggerListener.log OS Name:               Linux
07-Jun-2020 08:28:26.965 INFO [main] org.apache.catalina.startup.VersionLoggerListener.log OS Version:            4.15.0-88-generic
07-Jun-2020 08:28:26.966 INFO [main] org.apache.catalina.startup.VersionLoggerListener.log Architecture:          amd64
07-Jun-2020 08:28:26.966 INFO [main] org.apache.catalina.startup.VersionLoggerListener.log Java Home:             /usr/lib/jvm/java-1.8.0-openjdk-1.8.0.242.b08-0.el8_1.x86_64/jre
07-Jun-2020 08:28:26.966 INFO [main] org.apache.catalina.startup.VersionLoggerListener.log JVM Version:           1.8.0_242-b08
07-Jun-2020 08:28:26.966 INFO [main] org.apache.catalina.startup.VersionLoggerListener.log JVM Vendor:            Oracle Corporation
07-Jun-2020 08:28:26.966 INFO [main] org.apache.catalina.startup.VersionLoggerListener.log CATALINA_BASE:         /DGU-NICER/apache-tomcat-9.0.17
07-Jun-2020 08:28:26.966 INFO [main] org.apache.catalina.startup.VersionLoggerListener.log CATALINA_HOME:         /DGU-NICER/apache-tomcat-9.0.17
07-Jun-2020 08:28:26.967 INFO [main] org.apache.catalina.startup.VersionLoggerListener.log Command line argument: -Djava.util.logging.config.file=/DGU-NICER/apache-tomcat-9.0.17/conf/logging.properties
07-Jun-2020 08:28:26.967 INFO [main] org.apache.catalina.startup.VersionLoggerListener.log Command line argument: -Djava.util.logging.manager=org.apache.juli.ClassLoaderLogManager
07-Jun-2020 08:28:26.967 INFO [main] org.apache.catalina.startup.VersionLoggerListener.log Command line argument: -Djdk.tls.ephemeralDHKeySize=2048
07-Jun-2020 08:28:26.967 INFO [main] org.apache.catalina.startup.VersionLoggerListener.log Command line argument: -Djava.protocol.handler.pkgs=org.apache.catalina.webresources
07-Jun-2020 08:28:26.967 INFO [main] org.apache.catalina.startup.VersionLoggerListener.log Command line argument: -Dorg.apache.catalina.security.SecurityListener.UMASK=0027
07-Jun-2020 08:28:26.967 INFO [main] org.apache.catalina.startup.VersionLoggerListener.log Command line argument: -Dignore.endorsed.dirs=
07-Jun-2020 08:28:26.968 INFO [main] org.apache.catalina.startup.VersionLoggerListener.log Command line argument: -Dcatalina.base=/DGU-NICER/apache-tomcat-9.0.17
07-Jun-2020 08:28:26.968 INFO [main] org.apache.catalina.startup.VersionLoggerListener.log Command line argument: -Dcatalina.home=/DGU-NICER/apache-tomcat-9.0.17
07-Jun-2020 08:28:26.968 INFO [main] org.apache.catalina.startup.VersionLoggerListener.log Command line argument: -Djava.io.tmpdir=/DGU-NICER/apache-tomcat-9.0.17/temp
07-Jun-2020 08:28:26.968 INFO [main] org.apache.catalina.core.AprLifecycleListener.lifecycleEvent The APR based Apache Tomcat Native library which allows optimal performance in production environments was not found on the java.library.path: [/usr/java/packages/lib/amd64:/usr/lib64:/lib64:/lib:/usr/lib]
07-Jun-2020 08:28:27.035 INFO [main] org.apache.coyote.AbstractProtocol.init Initializing ProtocolHandler ["http-nio-80"]
07-Jun-2020 08:28:27.059 INFO [main] org.apache.coyote.AbstractProtocol.init Initializing ProtocolHandler ["ajp-nio-8009"]
07-Jun-2020 08:28:27.061 INFO [main] org.apache.catalina.startup.Catalina.load Server initialization in [442] milliseconds
07-Jun-2020 08:28:27.090 INFO [main] org.apache.catalina.core.StandardService.startInternal Starting service [Catalina]
07-Jun-2020 08:28:27.090 INFO [main] org.apache.catalina.core.StandardEngine.startInternal Starting Servlet engine: [Apache Tomcat/9.0.17]
07-Jun-2020 08:28:27.106 INFO [main] org.apache.catalina.startup.HostConfig.deployWAR Deploying web application archive [/DGU-NICER/apache-tomcat-9.0.17/webapps/ROOT.war]
07-Jun-2020 08:28:28.743 INFO [main] org.apache.jasper.servlet.TldScanner.scanJars At least one JAR was scanned for TLDs yet contained no TLDs. Enable debug logging for this logger for a complete list of JARs that were scanned but no TLDs were found in them. Skipping unneeded JARs during scanning can improve startup time and JSP compilation time.
07-Jun-2020 08:28:28.781 INFO [main] org.apache.catalina.startup.HostConfig.deployWAR Deployment of web application archive [/DGU-NICER/apache-tomcat-9.0.17/webapps/ROOT.war] has finished in [1,675] ms
07-Jun-2020 08:28:28.782 INFO [main] org.apache.catalina.startup.HostConfig.deployDirectory Deploying web application directory [/DGU-NICER/apache-tomcat-9.0.17/webapps/examples]
07-Jun-2020 08:28:30.025 INFO [main] org.apache.jasper.servlet.TldScanner.scanJars At least one JAR was scanned for TLDs yet contained no TLDs. Enable debug logging for this logger for a complete list of JARs that were scanned but no TLDs were found in them. Skipping unneeded JARs during scanning can improve startup time and JSP compilation time.
07-Jun-2020 08:28:30.052 INFO [main] org.apache.catalina.startup.HostConfig.deployDirectory Deployment of web application directory [/DGU-NICER/apache-tomcat-9.0.17/webapps/examples] has finished in [1,270] ms
07-Jun-2020 08:28:30.053 INFO [main] org.apache.catalina.startup.HostConfig.deployDirectory Deploying web application directory [/DGU-NICER/apache-tomcat-9.0.17/webapps/manager]
07-Jun-2020 08:28:30.856 INFO [main] org.apache.jasper.servlet.TldScanner.scanJars At least one JAR was scanned for TLDs yet contained no TLDs. Enable debug logging for this logger for a complete list of JARs that were scanned but no TLDs were found in them. Skipping unneeded JARs during scanning can improve startup time and JSP compilation time.
07-Jun-2020 08:28:30.860 INFO [main] org.apache.catalina.startup.HostConfig.deployDirectory Deployment of web application directory [/DGU-NICER/apache-tomcat-9.0.17/webapps/manager] has finished in [807] ms
07-Jun-2020 08:28:30.860 INFO [main] org.apache.catalina.startup.HostConfig.deployDirectory Deploying web application directory [/DGU-NICER/apache-tomcat-9.0.17/webapps/docs]
07-Jun-2020 08:28:31.599 INFO [main] org.apache.jasper.servlet.TldScanner.scanJars At least one JAR was scanned for TLDs yet contained no TLDs. Enable debug logging for this logger for a complete list of JARs that were scanned but no TLDs were found in them. Skipping unneeded JARs during scanning can improve startup time and JSP compilation time.
07-Jun-2020 08:28:31.600 INFO [main] org.apache.catalina.startup.HostConfig.deployDirectory Deployment of web application directory [/DGU-NICER/apache-tomcat-9.0.17/webapps/docs] has finished in [740] ms
07-Jun-2020 08:28:31.600 INFO [main] org.apache.catalina.startup.HostConfig.deployDirectory Deploying web application directory [/DGU-NICER/apache-tomcat-9.0.17/webapps/host-manager]
07-Jun-2020 08:28:32.125 INFO [main] org.apache.jasper.servlet.TldScanner.scanJars At least one JAR was scanned for TLDs yet contained no TLDs. Enable debug logging for this logger for a complete list of JARs that were scanned but no TLDs were found in them. Skipping unneeded JARs during scanning can improve startup time and JSP compilation time.
07-Jun-2020 08:28:32.127 INFO [main] org.apache.catalina.startup.HostConfig.deployDirectory Deployment of web application directory [/DGU-NICER/apache-tomcat-9.0.17/webapps/host-manager] has finished in [527] ms
07-Jun-2020 08:28:32.132 INFO [main] org.apache.coyote.AbstractProtocol.start Starting ProtocolHandler ["http-nio-80"]
07-Jun-2020 08:28:32.146 INFO [main] org.apache.coyote.AbstractProtocol.start Starting ProtocolHandler ["ajp-nio-8009"]
07-Jun-2020 08:28:32.155 INFO [main] org.apache.catalina.startup.Catalina.start Server startup in [5,093] milliseconds
07-Jun-2020 08:28:32.156 SEVERE [main] org.apache.catalina.core.StandardServer.await Failed to create server shutdown socket on address [localhost] and port [8005] (base port [8005] and offset [0])
 java.net.BindException: Address already in use (Bind failed)
	at java.net.PlainSocketImpl.socketBind(Native Method)
	at java.net.AbstractPlainSocketImpl.bind(AbstractPlainSocketImpl.java:387)
	at java.net.ServerSocket.bind(ServerSocket.java:390)
	at java.net.ServerSocket.<init>(ServerSocket.java:252)
	at org.apache.catalina.core.StandardServer.await(StandardServer.java:582)
	at org.apache.catalina.startup.Catalina.await(Catalina.java:722)
	at org.apache.catalina.startup.Catalina.start(Catalina.java:668)
	at sun.reflect.NativeMethodAccessorImpl.invoke0(Native Method)
	at sun.reflect.NativeMethodAccessorImpl.invoke(NativeMethodAccessorImpl.java:62)
	at sun.reflect.DelegatingMethodAccessorImpl.invoke(DelegatingMethodAccessorImpl.java:43)
	at java.lang.reflect.Method.invoke(Method.java:498)
	at org.apache.catalina.startup.Bootstrap.start(Bootstrap.java:350)
	at org.apache.catalina.startup.Bootstrap.main(Bootstrap.java:492)

07-Jun-2020 08:28:32.157 INFO [main] org.apache.coyote.AbstractProtocol.pause Pausing ProtocolHandler ["http-nio-80"]
07-Jun-2020 08:28:32.165 INFO [main] org.apache.coyote.AbstractProtocol.pause Pausing ProtocolHandler ["ajp-nio-8009"]
07-Jun-2020 08:28:32.171 INFO [main] org.apache.catalina.core.StandardService.stopInternal Stopping service [Catalina]
07-Jun-2020 08:28:32.195 INFO [main] org.apache.coyote.AbstractProtocol.stop Stopping ProtocolHandler ["http-nio-80"]
07-Jun-2020 08:28:32.198 INFO [main] org.apache.coyote.AbstractProtocol.stop Stopping ProtocolHandler ["ajp-nio-8009"]
07-Jun-2020 08:28:32.200 INFO [main] org.apache.coyote.AbstractProtocol.destroy Destroying ProtocolHandler ["http-nio-80"]
07-Jun-2020 08:28:32.201 INFO [main] org.apache.coyote.AbstractProtocol.destroy Destroying ProtocolHandler ["ajp-nio-8009"]
07-Jun-2020 08:29:36.887 INFO [main] org.apache.catalina.startup.VersionLoggerListener.log Server version name:   Apache Tomcat/9.0.17
07-Jun-2020 08:29:36.888 INFO [main] org.apache.catalina.startup.VersionLoggerListener.log Server built:          Mar 13 2019 15:55:27 UTC
07-Jun-2020 08:29:36.888 INFO [main] org.apache.catalina.startup.VersionLoggerListener.log Server version number: 9.0.17.0
07-Jun-2020 08:29:36.888 INFO [main] org.apache.catalina.startup.VersionLoggerListener.log OS Name:               Linux
07-Jun-2020 08:29:36.889 INFO [main] org.apache.catalina.startup.VersionLoggerListener.log OS Version:            4.15.0-88-generic
07-Jun-2020 08:29:36.889 INFO [main] org.apache.catalina.startup.VersionLoggerListener.log Architecture:          amd64
07-Jun-2020 08:29:36.889 INFO [main] org.apache.catalina.startup.VersionLoggerListener.log Java Home:             /usr/lib/jvm/java-1.8.0-openjdk-1.8.0.242.b08-0.el8_1.x86_64/jre
07-Jun-2020 08:29:36.889 INFO [main] org.apache.catalina.startup.VersionLoggerListener.log JVM Version:           1.8.0_242-b08
07-Jun-2020 08:29:36.889 INFO [main] org.apache.catalina.startup.VersionLoggerListener.log JVM Vendor:            Oracle Corporation
07-Jun-2020 08:29:36.889 INFO [main] org.apache.catalina.startup.VersionLoggerListener.log CATALINA_BASE:         /DGU-NICER/apache-tomcat-9.0.17
07-Jun-2020 08:29:36.889 INFO [main] org.apache.catalina.startup.VersionLoggerListener.log CATALINA_HOME:         /DGU-NICER/apache-tomcat-9.0.17
07-Jun-2020 08:29:36.889 INFO [main] org.apache.catalina.startup.VersionLoggerListener.log Command line argument: -Djava.util.logging.config.file=/DGU-NICER/apache-tomcat-9.0.17/conf/logging.properties
07-Jun-2020 08:29:36.890 INFO [main] org.apache.catalina.startup.VersionLoggerListener.log Command line argument: -Djava.util.logging.manager=org.apache.juli.ClassLoaderLogManager
07-Jun-2020 08:29:36.890 INFO [main] org.apache.catalina.startup.VersionLoggerListener.log Command line argument: -Djdk.tls.ephemeralDHKeySize=2048
07-Jun-2020 08:29:36.890 INFO [main] org.apache.catalina.startup.VersionLoggerListener.log Command line argument: -Djava.protocol.handler.pkgs=org.apache.catalina.webresources
07-Jun-2020 08:29:36.890 INFO [main] org.apache.catalina.startup.VersionLoggerListener.log Command line argument: -Dorg.apache.catalina.security.SecurityListener.UMASK=0027
07-Jun-2020 08:29:36.890 INFO [main] org.apache.catalina.startup.VersionLoggerListener.log Command line argument: -Dignore.endorsed.dirs=
07-Jun-2020 08:29:36.890 INFO [main] org.apache.catalina.startup.VersionLoggerListener.log Command line argument: -Dcatalina.base=/DGU-NICER/apache-tomcat-9.0.17
07-Jun-2020 08:29:36.890 INFO [main] org.apache.catalina.startup.VersionLoggerListener.log Command line argument: -Dcatalina.home=/DGU-NICER/apache-tomcat-9.0.17
07-Jun-2020 08:29:36.890 INFO [main] org.apache.catalina.startup.VersionLoggerListener.log Command line argument: -Djava.io.tmpdir=/DGU-NICER/apache-tomcat-9.0.17/temp
07-Jun-2020 08:29:36.890 INFO [main] org.apache.catalina.core.AprLifecycleListener.lifecycleEvent The APR based Apache Tomcat Native library which allows optimal performance in production environments was not found on the java.library.path: [/usr/java/packages/lib/amd64:/usr/lib64:/lib64:/lib:/usr/lib]
07-Jun-2020 08:29:36.948 INFO [main] org.apache.coyote.AbstractProtocol.init Initializing ProtocolHandler ["http-nio-80"]
07-Jun-2020 08:29:36.968 INFO [main] org.apache.coyote.AbstractProtocol.init Initializing ProtocolHandler ["ajp-nio-8009"]
07-Jun-2020 08:29:36.970 INFO [main] org.apache.catalina.startup.Catalina.load Server initialization in [380] milliseconds
07-Jun-2020 08:29:36.992 INFO [main] org.apache.catalina.core.StandardService.startInternal Starting service [Catalina]
07-Jun-2020 08:29:36.993 INFO [main] org.apache.catalina.core.StandardEngine.startInternal Starting Servlet engine: [Apache Tomcat/9.0.17]
07-Jun-2020 08:29:37.008 INFO [main] org.apache.catalina.startup.HostConfig.deployWAR Deploying web application archive [/DGU-NICER/apache-tomcat-9.0.17/webapps/ROOT.war]
07-Jun-2020 08:29:38.618 INFO [main] org.apache.jasper.servlet.TldScanner.scanJars At least one JAR was scanned for TLDs yet contained no TLDs. Enable debug logging for this logger for a complete list of JARs that were scanned but no TLDs were found in them. Skipping unneeded JARs during scanning can improve startup time and JSP compilation time.
07-Jun-2020 08:29:38.665 INFO [main] org.apache.catalina.startup.HostConfig.deployWAR Deployment of web application archive [/DGU-NICER/apache-tomcat-9.0.17/webapps/ROOT.war] has finished in [1,657] ms
07-Jun-2020 08:29:38.666 INFO [main] org.apache.catalina.startup.HostConfig.deployDirectory Deploying web application directory [/DGU-NICER/apache-tomcat-9.0.17/webapps/examples]
07-Jun-2020 08:29:39.852 INFO [main] org.apache.jasper.servlet.TldScanner.scanJars At least one JAR was scanned for TLDs yet contained no TLDs. Enable debug logging for this logger for a complete list of JARs that were scanned but no TLDs were found in them. Skipping unneeded JARs during scanning can improve startup time and JSP compilation time.
07-Jun-2020 08:29:39.882 INFO [main] org.apache.catalina.startup.HostConfig.deployDirectory Deployment of web application directory [/DGU-NICER/apache-tomcat-9.0.17/webapps/examples] has finished in [1,216] ms
07-Jun-2020 08:29:39.883 INFO [main] org.apache.catalina.startup.HostConfig.deployDirectory Deploying web application directory [/DGU-NICER/apache-tomcat-9.0.17/webapps/manager]
07-Jun-2020 08:29:40.794 INFO [main] org.apache.jasper.servlet.TldScanner.scanJars At least one JAR was scanned for TLDs yet contained no TLDs. Enable debug logging for this logger for a complete list of JARs that were scanned but no TLDs were found in them. Skipping unneeded JARs during scanning can improve startup time and JSP compilation time.
07-Jun-2020 08:29:40.798 INFO [main] org.apache.catalina.startup.HostConfig.deployDirectory Deployment of web application directory [/DGU-NICER/apache-tomcat-9.0.17/webapps/manager] has finished in [916] ms
07-Jun-2020 08:29:40.798 INFO [main] org.apache.catalina.startup.HostConfig.deployDirectory Deploying web application directory [/DGU-NICER/apache-tomcat-9.0.17/webapps/docs]
07-Jun-2020 08:29:41.632 INFO [main] org.apache.jasper.servlet.TldScanner.scanJars At least one JAR was scanned for TLDs yet contained no TLDs. Enable debug logging for this logger for a complete list of JARs that were scanned but no TLDs were found in them. Skipping unneeded JARs during scanning can improve startup time and JSP compilation time.
07-Jun-2020 08:29:41.634 INFO [main] org.apache.catalina.startup.HostConfig.deployDirectory Deployment of web application directory [/DGU-NICER/apache-tomcat-9.0.17/webapps/docs] has finished in [836] ms
07-Jun-2020 08:29:41.634 INFO [main] org.apache.catalina.startup.HostConfig.deployDirectory Deploying web application directory [/DGU-NICER/apache-tomcat-9.0.17/webapps/host-manager]
07-Jun-2020 08:29:42.198 INFO [main] org.apache.jasper.servlet.TldScanner.scanJars At least one JAR was scanned for TLDs yet contained no TLDs. Enable debug logging for this logger for a complete list of JARs that were scanned but no TLDs were found in them. Skipping unneeded JARs during scanning can improve startup time and JSP compilation time.
07-Jun-2020 08:29:42.199 INFO [main] org.apache.catalina.startup.HostConfig.deployDirectory Deployment of web application directory [/DGU-NICER/apache-tomcat-9.0.17/webapps/host-manager] has finished in [565] ms
07-Jun-2020 08:29:42.206 INFO [main] org.apache.coyote.AbstractProtocol.start Starting ProtocolHandler ["http-nio-80"]
07-Jun-2020 08:29:42.221 INFO [main] org.apache.coyote.AbstractProtocol.start Starting ProtocolHandler ["ajp-nio-8009"]
07-Jun-2020 08:29:42.232 INFO [main] org.apache.catalina.startup.Catalina.start Server startup in [5,262] milliseconds
07-Jun-2020 08:32:32.028 WARNING [main] org.apache.catalina.core.StandardServer.await Invalid shutdown command [GET / HTTP/1.1] received
07-Jun-2020 08:32:32.028 WARNING [main] org.apache.catalina.core.StandardServer.await Invalid shutdown command [GET / HTTP/1.1] received
07-Jun-2020 08:32:32.029 WARNING [main] org.apache.catalina.core.StandardServer.await Invalid shutdown command [GET / HTTP/1.1] received
07-Jun-2020 08:32:32.128 WARNING [main] org.apache.catalina.core.StandardServer.await Invalid shutdown command [GET / HTTP/1.1] received
07-Jun-2020 08:32:32.128 WARNING [main] org.apache.catalina.core.StandardServer.await Invalid shutdown command [GET / HTTP/1.1] received
07-Jun-2020 08:32:32.129 WARNING [main] org.apache.catalina.core.StandardServer.await Invalid shutdown command [GET / HTTP/1.1] received
07-Jun-2020 08:32:32.909 WARNING [main] org.apache.catalina.core.StandardServer.await Invalid shutdown command [GET / HTTP/1.1] received
07-Jun-2020 08:32:32.909 WARNING [main] org.apache.catalina.core.StandardServer.await Invalid shutdown command [GET / HTTP/1.1] received
07-Jun-2020 08:32:32.911 WARNING [main] org.apache.catalina.core.StandardServer.await Invalid shutdown command [GET / HTTP/1.1] received
07-Jun-2020 08:32:33.352 WARNING [main] org.apache.catalina.core.StandardServer.await Invalid shutdown command [GET / HTTP/1.1] received
07-Jun-2020 08:32:33.354 WARNING [main] org.apache.catalina.core.StandardServer.await Invalid shutdown command [GET / HTTP/1.1] received
07-Jun-2020 08:32:33.355 WARNING [main] org.apache.catalina.core.StandardServer.await Invalid shutdown command [GET / HTTP/1.1] received
07-Jun-2020 08:32:33.539 WARNING [main] org.apache.catalina.core.StandardServer.await Invalid shutdown command [GET / HTTP/1.1] received
07-Jun-2020 08:32:33.540 WARNING [main] org.apache.catalina.core.StandardServer.await Invalid shutdown command [GET / HTTP/1.1] received
07-Jun-2020 08:32:33.541 WARNING [main] org.apache.catalina.core.StandardServer.await Invalid shutdown command [GET / HTTP/1.1] received
07-Jun-2020 08:32:33.724 WARNING [main] org.apache.catalina.core.StandardServer.await Invalid shutdown command [GET / HTTP/1.1] received
07-Jun-2020 08:32:33.725 WARNING [main] org.apache.catalina.core.StandardServer.await Invalid shutdown command [GET / HTTP/1.1] received
07-Jun-2020 08:32:33.726 WARNING [main] org.apache.catalina.core.StandardServer.await Invalid shutdown command [GET / HTTP/1.1] received
07-Jun-2020 08:32:33.880 WARNING [main] org.apache.catalina.core.StandardServer.await Invalid shutdown command [GET / HTTP/1.1] received
07-Jun-2020 08:32:33.881 WARNING [main] org.apache.catalina.core.StandardServer.await Invalid shutdown command [GET / HTTP/1.1] received
07-Jun-2020 08:32:33.882 WARNING [main] org.apache.catalina.core.StandardServer.await Invalid shutdown command [GET / HTTP/1.1] received
07-Jun-2020 08:32:37.464 SEVERE [ajp-nio-8009-exec-1] org.apache.coyote.ajp.AjpMessage.processHeader Invalid message received with signature [18245]
07-Jun-2020 08:32:37.466 SEVERE [ajp-nio-8009-exec-2] org.apache.coyote.ajp.AjpMessage.processHeader Invalid message received with signature [18245]
07-Jun-2020 08:32:37.469 SEVERE [ajp-nio-8009-exec-3] org.apache.coyote.ajp.AjpMessage.processHeader Invalid message received with signature [18245]
07-Jun-2020 08:44:49.542 INFO [main] org.apache.catalina.startup.VersionLoggerListener.log Server version name:   Apache Tomcat/9.0.17
07-Jun-2020 08:44:49.544 INFO [main] org.apache.catalina.startup.VersionLoggerListener.log Server built:          Mar 13 2019 15:55:27 UTC
07-Jun-2020 08:44:49.544 INFO [main] org.apache.catalina.startup.VersionLoggerListener.log Server version number: 9.0.17.0
07-Jun-2020 08:44:49.544 INFO [main] org.apache.catalina.startup.VersionLoggerListener.log OS Name:               Linux
07-Jun-2020 08:44:49.544 INFO [main] org.apache.catalina.startup.VersionLoggerListener.log OS Version:            4.15.0-88-generic
07-Jun-2020 08:44:49.545 INFO [main] org.apache.catalina.startup.VersionLoggerListener.log Architecture:          amd64
07-Jun-2020 08:44:49.545 INFO [main] org.apache.catalina.startup.VersionLoggerListener.log Java Home:             /usr/lib/jvm/java-1.8.0-openjdk-1.8.0.242.b08-0.el8_1.x86_64/jre
07-Jun-2020 08:44:49.545 INFO [main] org.apache.catalina.startup.VersionLoggerListener.log JVM Version:           1.8.0_242-b08
07-Jun-2020 08:44:49.545 INFO [main] org.apache.catalina.startup.VersionLoggerListener.log JVM Vendor:            Oracle Corporation
07-Jun-2020 08:44:49.545 INFO [main] org.apache.catalina.startup.VersionLoggerListener.log CATALINA_BASE:         /DGU-NICER/apache-tomcat-9.0.17
07-Jun-2020 08:44:49.545 INFO [main] org.apache.catalina.startup.VersionLoggerListener.log CATALINA_HOME:         /DGU-NICER/apache-tomcat-9.0.17
07-Jun-2020 08:44:49.545 INFO [main] org.apache.catalina.startup.VersionLoggerListener.log Command line argument: -Djava.util.logging.config.file=/DGU-NICER/apache-tomcat-9.0.17/conf/logging.properties
07-Jun-2020 08:44:49.546 INFO [main] org.apache.catalina.startup.VersionLoggerListener.log Command line argument: -Djava.util.logging.manager=org.apache.juli.ClassLoaderLogManager
07-Jun-2020 08:44:49.546 INFO [main] org.apache.catalina.startup.VersionLoggerListener.log Command line argument: -Djdk.tls.ephemeralDHKeySize=2048
07-Jun-2020 08:44:49.546 INFO [main] org.apache.catalina.startup.VersionLoggerListener.log Command line argument: -Djava.protocol.handler.pkgs=org.apache.catalina.webresources
07-Jun-2020 08:44:49.546 INFO [main] org.apache.catalina.startup.VersionLoggerListener.log Command line argument: -Dorg.apache.catalina.security.SecurityListener.UMASK=0027
07-Jun-2020 08:44:49.546 INFO [main] org.apache.catalina.startup.VersionLoggerListener.log Command line argument: -Dignore.endorsed.dirs=
07-Jun-2020 08:44:49.555 INFO [main] org.apache.catalina.startup.VersionLoggerListener.log Command line argument: -Dcatalina.base=/DGU-NICER/apache-tomcat-9.0.17
07-Jun-2020 08:44:49.555 INFO [main] org.apache.catalina.startup.VersionLoggerListener.log Command line argument: -Dcatalina.home=/DGU-NICER/apache-tomcat-9.0.17
07-Jun-2020 08:44:49.555 INFO [main] org.apache.catalina.startup.VersionLoggerListener.log Command line argument: -Djava.io.tmpdir=/DGU-NICER/apache-tomcat-9.0.17/temp
07-Jun-2020 08:44:49.556 INFO [main] org.apache.catalina.core.AprLifecycleListener.lifecycleEvent The APR based Apache Tomcat Native library which allows optimal performance in production environments was not found on the java.library.path: [/usr/java/packages/lib/amd64:/usr/lib64:/lib64:/lib:/usr/lib]
07-Jun-2020 08:44:49.614 INFO [main] org.apache.coyote.AbstractProtocol.init Initializing ProtocolHandler ["http-nio-80"]
07-Jun-2020 08:44:49.623 SEVERE [main] org.apache.catalina.util.LifecycleBase.handleSubClassException Failed to initialize component [Connector[HTTP/1.1-80]]
 org.apache.catalina.LifecycleException: Protocol handler initialization failed
	at org.apache.catalina.connector.Connector.initInternal(Connector.java:983)
	at org.apache.catalina.util.LifecycleBase.init(LifecycleBase.java:136)
	at org.apache.catalina.core.StandardService.initInternal(StandardService.java:535)
	at org.apache.catalina.util.LifecycleBase.init(LifecycleBase.java:136)
	at org.apache.catalina.core.StandardServer.initInternal(StandardServer.java:1055)
	at org.apache.catalina.util.LifecycleBase.init(LifecycleBase.java:136)
	at org.apache.catalina.startup.Catalina.load(Catalina.java:585)
	at org.apache.catalina.startup.Catalina.load(Catalina.java:608)
	at sun.reflect.NativeMethodAccessorImpl.invoke0(Native Method)
	at sun.reflect.NativeMethodAccessorImpl.invoke(NativeMethodAccessorImpl.java:62)
	at sun.reflect.DelegatingMethodAccessorImpl.invoke(DelegatingMethodAccessorImpl.java:43)
	at java.lang.reflect.Method.invoke(Method.java:498)
	at org.apache.catalina.startup.Bootstrap.load(Bootstrap.java:306)
	at org.apache.catalina.startup.Bootstrap.main(Bootstrap.java:491)
Caused by: java.net.BindException: Address already in use
	at sun.nio.ch.Net.bind0(Native Method)
	at sun.nio.ch.Net.bind(Net.java:433)
	at sun.nio.ch.Net.bind(Net.java:425)
	at sun.nio.ch.ServerSocketChannelImpl.bind(ServerSocketChannelImpl.java:220)
	at sun.nio.ch.ServerSocketAdaptor.bind(ServerSocketAdaptor.java:85)
	at org.apache.tomcat.util.net.NioEndpoint.initServerSocket(NioEndpoint.java:236)
	at org.apache.tomcat.util.net.NioEndpoint.bind(NioEndpoint.java:210)
	at org.apache.tomcat.util.net.AbstractEndpoint.bindWithCleanup(AbstractEndpoint.java:1103)
	at org.apache.tomcat.util.net.AbstractEndpoint.init(AbstractEndpoint.java:1116)
	at org.apache.coyote.AbstractProtocol.init(AbstractProtocol.java:557)
	at org.apache.coyote.http11.AbstractHttp11Protocol.init(AbstractHttp11Protocol.java:74)
	at org.apache.catalina.connector.Connector.initInternal(Connector.java:980)
	... 13 more

07-Jun-2020 08:44:49.624 INFO [main] org.apache.coyote.AbstractProtocol.init Initializing ProtocolHandler ["ajp-nio-8009"]
07-Jun-2020 08:44:49.625 SEVERE [main] org.apache.catalina.util.LifecycleBase.handleSubClassException Failed to initialize component [Connector[AJP/1.3-8009]]
 org.apache.catalina.LifecycleException: Protocol handler initialization failed
	at org.apache.catalina.connector.Connector.initInternal(Connector.java:983)
	at org.apache.catalina.util.LifecycleBase.init(LifecycleBase.java:136)
	at org.apache.catalina.core.StandardService.initInternal(StandardService.java:535)
	at org.apache.catalina.util.LifecycleBase.init(LifecycleBase.java:136)
	at org.apache.catalina.core.StandardServer.initInternal(StandardServer.java:1055)
	at org.apache.catalina.util.LifecycleBase.init(LifecycleBase.java:136)
	at org.apache.catalina.startup.Catalina.load(Catalina.java:585)
	at org.apache.catalina.startup.Catalina.load(Catalina.java:608)
	at sun.reflect.NativeMethodAccessorImpl.invoke0(Native Method)
	at sun.reflect.NativeMethodAccessorImpl.invoke(NativeMethodAccessorImpl.java:62)
	at sun.reflect.DelegatingMethodAccessorImpl.invoke(DelegatingMethodAccessorImpl.java:43)
	at java.lang.reflect.Method.invoke(Method.java:498)
	at org.apache.catalina.startup.Bootstrap.load(Bootstrap.java:306)
	at org.apache.catalina.startup.Bootstrap.main(Bootstrap.java:491)
Caused by: java.net.BindException: Address already in use
	at sun.nio.ch.Net.bind0(Native Method)
	at sun.nio.ch.Net.bind(Net.java:433)
	at sun.nio.ch.Net.bind(Net.java:425)
	at sun.nio.ch.ServerSocketChannelImpl.bind(ServerSocketChannelImpl.java:220)
	at sun.nio.ch.ServerSocketAdaptor.bind(ServerSocketAdaptor.java:85)
	at org.apache.tomcat.util.net.NioEndpoint.initServerSocket(NioEndpoint.java:236)
	at org.apache.tomcat.util.net.NioEndpoint.bind(NioEndpoint.java:210)
	at org.apache.tomcat.util.net.AbstractEndpoint.bindWithCleanup(AbstractEndpoint.java:1103)
	at org.apache.tomcat.util.net.AbstractEndpoint.init(AbstractEndpoint.java:1116)
	at org.apache.coyote.AbstractProtocol.init(AbstractProtocol.java:557)
	at org.apache.catalina.connector.Connector.initInternal(Connector.java:980)
	... 13 more

07-Jun-2020 08:44:49.626 INFO [main] org.apache.catalina.startup.Catalina.load Server initialization in [405] milliseconds
07-Jun-2020 08:44:49.645 INFO [main] org.apache.catalina.core.StandardService.startInternal Starting service [Catalina]
07-Jun-2020 08:44:49.645 INFO [main] org.apache.catalina.core.StandardEngine.startInternal Starting Servlet engine: [Apache Tomcat/9.0.17]
07-Jun-2020 08:44:49.660 INFO [main] org.apache.catalina.startup.HostConfig.deployWAR Deploying web application archive [/DGU-NICER/apache-tomcat-9.0.17/webapps/ROOT.war]
07-Jun-2020 08:44:51.215 INFO [main] org.apache.jasper.servlet.TldScanner.scanJars At least one JAR was scanned for TLDs yet contained no TLDs. Enable debug logging for this logger for a complete list of JARs that were scanned but no TLDs were found in them. Skipping unneeded JARs during scanning can improve startup time and JSP compilation time.
07-Jun-2020 08:44:51.251 INFO [main] org.apache.catalina.startup.HostConfig.deployWAR Deployment of web application archive [/DGU-NICER/apache-tomcat-9.0.17/webapps/ROOT.war] has finished in [1,590] ms
07-Jun-2020 08:44:51.251 INFO [main] org.apache.catalina.startup.HostConfig.deployDirectory Deploying web application directory [/DGU-NICER/apache-tomcat-9.0.17/webapps/examples]
07-Jun-2020 08:44:52.393 INFO [main] org.apache.jasper.servlet.TldScanner.scanJars At least one JAR was scanned for TLDs yet contained no TLDs. Enable debug logging for this logger for a complete list of JARs that were scanned but no TLDs were found in them. Skipping unneeded JARs during scanning can improve startup time and JSP compilation time.
07-Jun-2020 08:44:52.433 INFO [main] org.apache.catalina.startup.HostConfig.deployDirectory Deployment of web application directory [/DGU-NICER/apache-tomcat-9.0.17/webapps/examples] has finished in [1,182] ms
07-Jun-2020 08:44:52.433 INFO [main] org.apache.catalina.startup.HostConfig.deployDirectory Deploying web application directory [/DGU-NICER/apache-tomcat-9.0.17/webapps/manager]
07-Jun-2020 08:44:52.480 INFO [Catalina-utility-1] org.apache.catalina.startup.HostConfig.undeploy Undeploying context []
07-Jun-2020 08:44:52.515 INFO [Catalina-utility-1] org.apache.catalina.startup.HostConfig.deployWAR Deploying web application archive [/DGU-NICER/apache-tomcat-9.0.17/webapps/ROOT.war]
07-Jun-2020 08:44:53.638 INFO [Catalina-utility-1] org.apache.jasper.servlet.TldScanner.scanJars At least one JAR was scanned for TLDs yet contained no TLDs. Enable debug logging for this logger for a complete list of JARs that were scanned but no TLDs were found in them. Skipping unneeded JARs during scanning can improve startup time and JSP compilation time.
07-Jun-2020 08:44:53.641 INFO [main] org.apache.jasper.servlet.TldScanner.scanJars At least one JAR was scanned for TLDs yet contained no TLDs. Enable debug logging for this logger for a complete list of JARs that were scanned but no TLDs were found in them. Skipping unneeded JARs during scanning can improve startup time and JSP compilation time.
07-Jun-2020 08:44:53.643 INFO [Catalina-utility-1] org.apache.catalina.startup.HostConfig.deployWAR Deployment of web application archive [/DGU-NICER/apache-tomcat-9.0.17/webapps/ROOT.war] has finished in [1,128] ms
07-Jun-2020 08:44:53.647 INFO [main] org.apache.catalina.startup.HostConfig.deployDirectory Deployment of web application directory [/DGU-NICER/apache-tomcat-9.0.17/webapps/manager] has finished in [1,213] ms
07-Jun-2020 08:44:53.647 INFO [main] org.apache.catalina.startup.HostConfig.deployDirectory Deploying web application directory [/DGU-NICER/apache-tomcat-9.0.17/webapps/docs]
07-Jun-2020 08:44:54.571 INFO [main] org.apache.jasper.servlet.TldScanner.scanJars At least one JAR was scanned for TLDs yet contained no TLDs. Enable debug logging for this logger for a complete list of JARs that were scanned but no TLDs were found in them. Skipping unneeded JARs during scanning can improve startup time and JSP compilation time.
07-Jun-2020 08:44:54.572 INFO [main] org.apache.catalina.startup.HostConfig.deployDirectory Deployment of web application directory [/DGU-NICER/apache-tomcat-9.0.17/webapps/docs] has finished in [925] ms
07-Jun-2020 08:44:54.573 INFO [main] org.apache.catalina.startup.HostConfig.deployDirectory Deploying web application directory [/DGU-NICER/apache-tomcat-9.0.17/webapps/host-manager]
07-Jun-2020 08:44:55.215 INFO [main] org.apache.jasper.servlet.TldScanner.scanJars At least one JAR was scanned for TLDs yet contained no TLDs. Enable debug logging for this logger for a complete list of JARs that were scanned but no TLDs were found in them. Skipping unneeded JARs during scanning can improve startup time and JSP compilation time.
07-Jun-2020 08:44:55.216 INFO [main] org.apache.catalina.startup.HostConfig.deployDirectory Deployment of web application directory [/DGU-NICER/apache-tomcat-9.0.17/webapps/host-manager] has finished in [644] ms
07-Jun-2020 08:44:55.219 INFO [main] org.apache.catalina.startup.Catalina.start Server startup in [5,592] milliseconds
07-Jun-2020 08:44:55.220 SEVERE [main] org.apache.catalina.core.StandardServer.await Failed to create server shutdown socket on address [localhost] and port [8005] (base port [8005] and offset [0])
 java.net.BindException: Address already in use (Bind failed)
	at java.net.PlainSocketImpl.socketBind(Native Method)
	at java.net.AbstractPlainSocketImpl.bind(AbstractPlainSocketImpl.java:387)
	at java.net.ServerSocket.bind(ServerSocket.java:390)
	at java.net.ServerSocket.<init>(ServerSocket.java:252)
	at org.apache.catalina.core.StandardServer.await(StandardServer.java:582)
	at org.apache.catalina.startup.Catalina.await(Catalina.java:722)
	at org.apache.catalina.startup.Catalina.start(Catalina.java:668)
	at sun.reflect.NativeMethodAccessorImpl.invoke0(Native Method)
	at sun.reflect.NativeMethodAccessorImpl.invoke(NativeMethodAccessorImpl.java:62)
	at sun.reflect.DelegatingMethodAccessorImpl.invoke(DelegatingMethodAccessorImpl.java:43)
	at java.lang.reflect.Method.invoke(Method.java:498)
	at org.apache.catalina.startup.Bootstrap.start(Bootstrap.java:350)
	at org.apache.catalina.startup.Bootstrap.main(Bootstrap.java:492)

07-Jun-2020 08:44:55.221 INFO [main] org.apache.coyote.AbstractProtocol.pause Pausing ProtocolHandler ["http-nio-80"]
07-Jun-2020 08:44:55.221 INFO [main] org.apache.coyote.AbstractProtocol.pause Pausing ProtocolHandler ["ajp-nio-8009"]
07-Jun-2020 08:44:55.221 INFO [main] org.apache.catalina.core.StandardService.stopInternal Stopping service [Catalina]
07-Jun-2020 08:44:55.238 INFO [main] org.apache.coyote.AbstractProtocol.stop Stopping ProtocolHandler ["http-nio-80"]
07-Jun-2020 08:44:55.238 INFO [main] org.apache.coyote.AbstractProtocol.destroy Destroying ProtocolHandler ["http-nio-80"]
07-Jun-2020 08:44:55.239 INFO [main] org.apache.coyote.AbstractProtocol.stop Stopping ProtocolHandler ["ajp-nio-8009"]
07-Jun-2020 08:44:55.239 INFO [main] org.apache.coyote.AbstractProtocol.destroy Destroying ProtocolHandler ["ajp-nio-8009"]
07-Jun-2020 09:37:22.844 INFO [Catalina-utility-2] org.apache.catalina.startup.HostConfig.deployWAR Deploying web application archive [/DGU-NICER/apache-tomcat-9.0.17/webapps/ROOT1.war]
07-Jun-2020 09:37:23.686 INFO [Catalina-utility-2] org.apache.jasper.servlet.TldScanner.scanJars At least one JAR was scanned for TLDs yet contained no TLDs. Enable debug logging for this logger for a complete list of JARs that were scanned but no TLDs were found in them. Skipping unneeded JARs during scanning can improve startup time and JSP compilation time.
07-Jun-2020 09:37:23.688 INFO [Catalina-utility-2] org.apache.catalina.startup.HostConfig.deployWAR Deployment of web application archive [/DGU-NICER/apache-tomcat-9.0.17/webapps/ROOT1.war] has finished in [844] ms
07-Jun-2020 09:37:33.692 INFO [Catalina-utility-1] org.apache.catalina.startup.HostConfig.deployWAR Deploying web application archive [/DGU-NICER/apache-tomcat-9.0.17/webapps/NICER.war]
07-Jun-2020 09:37:34.358 INFO [Catalina-utility-1] org.apache.jasper.servlet.TldScanner.scanJars At least one JAR was scanned for TLDs yet contained no TLDs. Enable debug logging for this logger for a complete list of JARs that were scanned but no TLDs were found in them. Skipping unneeded JARs during scanning can improve startup time and JSP compilation time.
07-Jun-2020 09:37:34.360 INFO [Catalina-utility-1] org.apache.catalina.startup.HostConfig.deployWAR Deployment of web application archive [/DGU-NICER/apache-tomcat-9.0.17/webapps/NICER.war] has finished in [669] ms
07-Jun-2020 09:37:54.866 INFO [Catalina-utility-1] org.apache.catalina.startup.HostConfig.undeploy Undeploying context []
07-Jun-2020 09:37:55.379 INFO [Catalina-utility-1] org.apache.catalina.startup.HostConfig.undeploy Undeploying context [/ROOT1]
07-Jun-2020 09:37:55.416 INFO [Catalina-utility-1] org.apache.catalina.startup.HostConfig.deployWAR Deploying web application archive [/DGU-NICER/apache-tomcat-9.0.17/webapps/ROOT.war]
07-Jun-2020 09:37:56.097 INFO [Catalina-utility-1] org.apache.jasper.servlet.TldScanner.scanJars At least one JAR was scanned for TLDs yet contained no TLDs. Enable debug logging for this logger for a complete list of JARs that were scanned but no TLDs were found in them. Skipping unneeded JARs during scanning can improve startup time and JSP compilation time.
07-Jun-2020 09:37:56.099 INFO [Catalina-utility-1] org.apache.catalina.startup.HostConfig.deployWAR Deployment of web application archive [/DGU-NICER/apache-tomcat-9.0.17/webapps/ROOT.war] has finished in [683] ms
07-Jun-2020 09:37:56.099 INFO [Catalina-utility-1] org.apache.catalina.startup.HostConfig.deployWAR Deploying web application archive [/DGU-NICER/apache-tomcat-9.0.17/webapps/ROOT1.war]
07-Jun-2020 09:37:56.873 INFO [Catalina-utility-1] org.apache.jasper.servlet.TldScanner.scanJars At least one JAR was scanned for TLDs yet contained no TLDs. Enable debug logging for this logger for a complete list of JARs that were scanned but no TLDs were found in them. Skipping unneeded JARs during scanning can improve startup time and JSP compilation time.
07-Jun-2020 09:37:56.874 INFO [Catalina-utility-1] org.apache.catalina.startup.HostConfig.deployWAR Deployment of web application archive [/DGU-NICER/apache-tomcat-9.0.17/webapps/ROOT1.war] has finished in [775] ms
07-Jun-2020 09:38:40.435 INFO [main] org.apache.catalina.core.StandardServer.await A valid shutdown command was received via the shutdown port. Stopping the Server instance.
07-Jun-2020 09:38:40.435 INFO [main] org.apache.coyote.AbstractProtocol.pause Pausing ProtocolHandler ["http-nio-80"]
07-Jun-2020 09:38:40.443 INFO [main] org.apache.coyote.AbstractProtocol.pause Pausing ProtocolHandler ["ajp-nio-8009"]
07-Jun-2020 09:38:40.502 INFO [main] org.apache.catalina.core.StandardService.stopInternal Stopping service [Catalina]
07-Jun-2020 09:38:40.529 INFO [main] org.apache.coyote.AbstractProtocol.stop Stopping ProtocolHandler ["http-nio-80"]
07-Jun-2020 09:38:40.531 INFO [main] org.apache.coyote.AbstractProtocol.stop Stopping ProtocolHandler ["ajp-nio-8009"]
07-Jun-2020 09:38:40.532 INFO [main] org.apache.coyote.AbstractProtocol.destroy Destroying ProtocolHandler ["http-nio-80"]
07-Jun-2020 09:38:40.533 INFO [main] org.apache.coyote.AbstractProtocol.destroy Destroying ProtocolHandler ["ajp-nio-8009"]
07-Jun-2020 09:38:44.396 INFO [main] org.apache.catalina.startup.VersionLoggerListener.log Server version name:   Apache Tomcat/9.0.17
07-Jun-2020 09:38:44.398 INFO [main] org.apache.catalina.startup.VersionLoggerListener.log Server built:          Mar 13 2019 15:55:27 UTC
07-Jun-2020 09:38:44.398 INFO [main] org.apache.catalina.startup.VersionLoggerListener.log Server version number: 9.0.17.0
07-Jun-2020 09:38:44.398 INFO [main] org.apache.catalina.startup.VersionLoggerListener.log OS Name:               Linux
07-Jun-2020 09:38:44.398 INFO [main] org.apache.catalina.startup.VersionLoggerListener.log OS Version:            4.15.0-88-generic
07-Jun-2020 09:38:44.398 INFO [main] org.apache.catalina.startup.VersionLoggerListener.log Architecture:          amd64
07-Jun-2020 09:38:44.398 INFO [main] org.apache.catalina.startup.VersionLoggerListener.log Java Home:             /usr/lib/jvm/java-1.8.0-openjdk-1.8.0.242.b08-0.el8_1.x86_64/jre
07-Jun-2020 09:38:44.399 INFO [main] org.apache.catalina.startup.VersionLoggerListener.log JVM Version:           1.8.0_242-b08
07-Jun-2020 09:38:44.399 INFO [main] org.apache.catalina.startup.VersionLoggerListener.log JVM Vendor:            Oracle Corporation
07-Jun-2020 09:38:44.399 INFO [main] org.apache.catalina.startup.VersionLoggerListener.log CATALINA_BASE:         /DGU-NICER/apache-tomcat-9.0.17
07-Jun-2020 09:38:44.399 INFO [main] org.apache.catalina.startup.VersionLoggerListener.log CATALINA_HOME:         /DGU-NICER/apache-tomcat-9.0.17
07-Jun-2020 09:38:44.399 INFO [main] org.apache.catalina.startup.VersionLoggerListener.log Command line argument: -Djava.util.logging.config.file=/DGU-NICER/apache-tomcat-9.0.17/conf/logging.properties
07-Jun-2020 09:38:44.399 INFO [main] org.apache.catalina.startup.VersionLoggerListener.log Command line argument: -Djava.util.logging.manager=org.apache.juli.ClassLoaderLogManager
07-Jun-2020 09:38:44.400 INFO [main] org.apache.catalina.startup.VersionLoggerListener.log Command line argument: -Djdk.tls.ephemeralDHKeySize=2048
07-Jun-2020 09:38:44.400 INFO [main] org.apache.catalina.startup.VersionLoggerListener.log Command line argument: -Djava.protocol.handler.pkgs=org.apache.catalina.webresources
07-Jun-2020 09:38:44.400 INFO [main] org.apache.catalina.startup.VersionLoggerListener.log Command line argument: -Dorg.apache.catalina.security.SecurityListener.UMASK=0027
07-Jun-2020 09:38:44.400 INFO [main] org.apache.catalina.startup.VersionLoggerListener.log Command line argument: -Dignore.endorsed.dirs=
07-Jun-2020 09:38:44.400 INFO [main] org.apache.catalina.startup.VersionLoggerListener.log Command line argument: -Dcatalina.base=/DGU-NICER/apache-tomcat-9.0.17
07-Jun-2020 09:38:44.401 INFO [main] org.apache.catalina.startup.VersionLoggerListener.log Command line argument: -Dcatalina.home=/DGU-NICER/apache-tomcat-9.0.17
07-Jun-2020 09:38:44.401 INFO [main] org.apache.catalina.startup.VersionLoggerListener.log Command line argument: -Djava.io.tmpdir=/DGU-NICER/apache-tomcat-9.0.17/temp
07-Jun-2020 09:38:44.401 INFO [main] org.apache.catalina.core.AprLifecycleListener.lifecycleEvent The APR based Apache Tomcat Native library which allows optimal performance in production environments was not found on the java.library.path: [/usr/java/packages/lib/amd64:/usr/lib64:/lib64:/lib:/usr/lib]
07-Jun-2020 09:38:44.465 INFO [main] org.apache.coyote.AbstractProtocol.init Initializing ProtocolHandler ["http-nio-80"]
07-Jun-2020 09:38:44.487 INFO [main] org.apache.coyote.AbstractProtocol.init Initializing ProtocolHandler ["ajp-nio-8009"]
07-Jun-2020 09:38:44.490 INFO [main] org.apache.catalina.startup.Catalina.load Server initialization in [422] milliseconds
07-Jun-2020 09:38:44.515 INFO [main] org.apache.catalina.core.StandardService.startInternal Starting service [Catalina]
07-Jun-2020 09:38:44.515 INFO [main] org.apache.catalina.core.StandardEngine.startInternal Starting Servlet engine: [Apache Tomcat/9.0.17]
07-Jun-2020 09:38:44.534 INFO [main] org.apache.catalina.startup.HostConfig.deployWAR Deploying web application archive [/DGU-NICER/apache-tomcat-9.0.17/webapps/ROOT.war]
07-Jun-2020 09:38:46.100 INFO [main] org.apache.jasper.servlet.TldScanner.scanJars At least one JAR was scanned for TLDs yet contained no TLDs. Enable debug logging for this logger for a complete list of JARs that were scanned but no TLDs were found in them. Skipping unneeded JARs during scanning can improve startup time and JSP compilation time.
07-Jun-2020 09:38:46.146 INFO [main] org.apache.catalina.startup.HostConfig.deployWAR Deployment of web application archive [/DGU-NICER/apache-tomcat-9.0.17/webapps/ROOT.war] has finished in [1,612] ms
07-Jun-2020 09:38:46.147 INFO [main] org.apache.catalina.startup.HostConfig.deployWAR Deploying web application archive [/DGU-NICER/apache-tomcat-9.0.17/webapps/ROOT1.war]
07-Jun-2020 09:38:47.296 INFO [main] org.apache.jasper.servlet.TldScanner.scanJars At least one JAR was scanned for TLDs yet contained no TLDs. Enable debug logging for this logger for a complete list of JARs that were scanned but no TLDs were found in them. Skipping unneeded JARs during scanning can improve startup time and JSP compilation time.
07-Jun-2020 09:38:47.299 INFO [main] org.apache.catalina.startup.HostConfig.deployWAR Deployment of web application archive [/DGU-NICER/apache-tomcat-9.0.17/webapps/ROOT1.war] has finished in [1,152] ms
07-Jun-2020 09:38:47.299 INFO [main] org.apache.catalina.startup.HostConfig.deployWAR Deploying web application archive [/DGU-NICER/apache-tomcat-9.0.17/webapps/NICER.war]
07-Jun-2020 09:38:48.240 INFO [main] org.apache.jasper.servlet.TldScanner.scanJars At least one JAR was scanned for TLDs yet contained no TLDs. Enable debug logging for this logger for a complete list of JARs that were scanned but no TLDs were found in them. Skipping unneeded JARs during scanning can improve startup time and JSP compilation time.
07-Jun-2020 09:38:48.243 INFO [main] org.apache.catalina.startup.HostConfig.deployWAR Deployment of web application archive [/DGU-NICER/apache-tomcat-9.0.17/webapps/NICER.war] has finished in [944] ms
07-Jun-2020 09:38:48.244 INFO [main] org.apache.catalina.startup.HostConfig.deployDirectory Deploying web application directory [/DGU-NICER/apache-tomcat-9.0.17/webapps/examples]
07-Jun-2020 09:38:49.252 INFO [main] org.apache.jasper.servlet.TldScanner.scanJars At least one JAR was scanned for TLDs yet contained no TLDs. Enable debug logging for this logger for a complete list of JARs that were scanned but no TLDs were found in them. Skipping unneeded JARs during scanning can improve startup time and JSP compilation time.
07-Jun-2020 09:38:49.287 INFO [main] org.apache.catalina.startup.HostConfig.deployDirectory Deployment of web application directory [/DGU-NICER/apache-tomcat-9.0.17/webapps/examples] has finished in [1,044] ms
07-Jun-2020 09:38:49.287 INFO [main] org.apache.catalina.startup.HostConfig.deployDirectory Deploying web application directory [/DGU-NICER/apache-tomcat-9.0.17/webapps/manager]
07-Jun-2020 09:38:49.918 INFO [main] org.apache.jasper.servlet.TldScanner.scanJars At least one JAR was scanned for TLDs yet contained no TLDs. Enable debug logging for this logger for a complete list of JARs that were scanned but no TLDs were found in them. Skipping unneeded JARs during scanning can improve startup time and JSP compilation time.
07-Jun-2020 09:38:49.922 INFO [main] org.apache.catalina.startup.HostConfig.deployDirectory Deployment of web application directory [/DGU-NICER/apache-tomcat-9.0.17/webapps/manager] has finished in [634] ms
07-Jun-2020 09:38:49.922 INFO [main] org.apache.catalina.startup.HostConfig.deployDirectory Deploying web application directory [/DGU-NICER/apache-tomcat-9.0.17/webapps/docs]
07-Jun-2020 09:38:50.541 INFO [main] org.apache.jasper.servlet.TldScanner.scanJars At least one JAR was scanned for TLDs yet contained no TLDs. Enable debug logging for this logger for a complete list of JARs that were scanned but no TLDs were found in them. Skipping unneeded JARs during scanning can improve startup time and JSP compilation time.
07-Jun-2020 09:38:50.544 INFO [main] org.apache.catalina.startup.HostConfig.deployDirectory Deployment of web application directory [/DGU-NICER/apache-tomcat-9.0.17/webapps/docs] has finished in [621] ms
07-Jun-2020 09:38:50.544 INFO [main] org.apache.catalina.startup.HostConfig.deployDirectory Deploying web application directory [/DGU-NICER/apache-tomcat-9.0.17/webapps/host-manager]
07-Jun-2020 09:38:51.184 INFO [main] org.apache.jasper.servlet.TldScanner.scanJars At least one JAR was scanned for TLDs yet contained no TLDs. Enable debug logging for this logger for a complete list of JARs that were scanned but no TLDs were found in them. Skipping unneeded JARs during scanning can improve startup time and JSP compilation time.
07-Jun-2020 09:38:51.186 INFO [main] org.apache.catalina.startup.HostConfig.deployDirectory Deployment of web application directory [/DGU-NICER/apache-tomcat-9.0.17/webapps/host-manager] has finished in [642] ms
07-Jun-2020 09:38:51.189 INFO [main] org.apache.coyote.AbstractProtocol.start Starting ProtocolHandler ["http-nio-80"]
07-Jun-2020 09:38:51.195 INFO [main] org.apache.coyote.AbstractProtocol.start Starting ProtocolHandler ["ajp-nio-8009"]
07-Jun-2020 09:38:51.198 INFO [main] org.apache.catalina.startup.Catalina.start Server startup in [6,707] milliseconds
07-Jun-2020 09:39:51.720 INFO [Catalina-utility-2] org.apache.catalina.startup.HostConfig.undeploy Undeploying context []
07-Jun-2020 09:39:52.250 INFO [Catalina-utility-2] org.apache.catalina.startup.HostConfig.undeploy Undeploying context [/NICER]
07-Jun-2020 09:39:52.758 INFO [Catalina-utility-2] org.apache.catalina.startup.HostConfig.undeploy Undeploying context [/ROOT1]
07-Jun-2020 09:40:22.782 INFO [Catalina-utility-1] org.apache.catalina.startup.HostConfig.deployWAR Deploying web application archive [/DGU-NICER/apache-tomcat-9.0.17/webapps/ROOT.war]
07-Jun-2020 09:40:23.628 INFO [Catalina-utility-1] org.apache.jasper.servlet.TldScanner.scanJars At least one JAR was scanned for TLDs yet contained no TLDs. Enable debug logging for this logger for a complete list of JARs that were scanned but no TLDs were found in them. Skipping unneeded JARs during scanning can improve startup time and JSP compilation time.
07-Jun-2020 09:40:23.630 INFO [Catalina-utility-1] org.apache.catalina.startup.HostConfig.deployWAR Deployment of web application archive [/DGU-NICER/apache-tomcat-9.0.17/webapps/ROOT.war] has finished in [848] ms
07-Jun-2020 09:40:28.379 INFO [main] org.apache.catalina.core.StandardServer.await A valid shutdown command was received via the shutdown port. Stopping the Server instance.
07-Jun-2020 09:40:28.379 INFO [main] org.apache.coyote.AbstractProtocol.pause Pausing ProtocolHandler ["http-nio-80"]
07-Jun-2020 09:40:28.387 INFO [main] org.apache.coyote.AbstractProtocol.pause Pausing ProtocolHandler ["ajp-nio-8009"]
07-Jun-2020 09:40:28.392 INFO [main] org.apache.catalina.core.StandardService.stopInternal Stopping service [Catalina]
07-Jun-2020 09:40:28.410 INFO [main] org.apache.coyote.AbstractProtocol.stop Stopping ProtocolHandler ["http-nio-80"]
07-Jun-2020 09:40:28.412 INFO [main] org.apache.coyote.AbstractProtocol.stop Stopping ProtocolHandler ["ajp-nio-8009"]
07-Jun-2020 09:40:28.413 INFO [main] org.apache.coyote.AbstractProtocol.destroy Destroying ProtocolHandler ["http-nio-80"]
07-Jun-2020 09:40:28.417 INFO [main] org.apache.coyote.AbstractProtocol.destroy Destroying ProtocolHandler ["ajp-nio-8009"]
07-Jun-2020 09:40:29.712 INFO [main] org.apache.catalina.startup.VersionLoggerListener.log Server version name:   Apache Tomcat/9.0.17
07-Jun-2020 09:40:29.714 INFO [main] org.apache.catalina.startup.VersionLoggerListener.log Server built:          Mar 13 2019 15:55:27 UTC
07-Jun-2020 09:40:29.715 INFO [main] org.apache.catalina.startup.VersionLoggerListener.log Server version number: 9.0.17.0
07-Jun-2020 09:40:29.715 INFO [main] org.apache.catalina.startup.VersionLoggerListener.log OS Name:               Linux
07-Jun-2020 09:40:29.715 INFO [main] org.apache.catalina.startup.VersionLoggerListener.log OS Version:            4.15.0-88-generic
07-Jun-2020 09:40:29.715 INFO [main] org.apache.catalina.startup.VersionLoggerListener.log Architecture:          amd64
07-Jun-2020 09:40:29.715 INFO [main] org.apache.catalina.startup.VersionLoggerListener.log Java Home:             /usr/lib/jvm/java-1.8.0-openjdk-1.8.0.242.b08-0.el8_1.x86_64/jre
07-Jun-2020 09:40:29.715 INFO [main] org.apache.catalina.startup.VersionLoggerListener.log JVM Version:           1.8.0_242-b08
07-Jun-2020 09:40:29.715 INFO [main] org.apache.catalina.startup.VersionLoggerListener.log JVM Vendor:            Oracle Corporation
07-Jun-2020 09:40:29.716 INFO [main] org.apache.catalina.startup.VersionLoggerListener.log CATALINA_BASE:         /DGU-NICER/apache-tomcat-9.0.17
07-Jun-2020 09:40:29.716 INFO [main] org.apache.catalina.startup.VersionLoggerListener.log CATALINA_HOME:         /DGU-NICER/apache-tomcat-9.0.17
07-Jun-2020 09:40:29.716 INFO [main] org.apache.catalina.startup.VersionLoggerListener.log Command line argument: -Djava.util.logging.config.file=/DGU-NICER/apache-tomcat-9.0.17/conf/logging.properties
07-Jun-2020 09:40:29.716 INFO [main] org.apache.catalina.startup.VersionLoggerListener.log Command line argument: -Djava.util.logging.manager=org.apache.juli.ClassLoaderLogManager
07-Jun-2020 09:40:29.716 INFO [main] org.apache.catalina.startup.VersionLoggerListener.log Command line argument: -Djdk.tls.ephemeralDHKeySize=2048
07-Jun-2020 09:40:29.716 INFO [main] org.apache.catalina.startup.VersionLoggerListener.log Command line argument: -Djava.protocol.handler.pkgs=org.apache.catalina.webresources
07-Jun-2020 09:40:29.717 INFO [main] org.apache.catalina.startup.VersionLoggerListener.log Command line argument: -Dorg.apache.catalina.security.SecurityListener.UMASK=0027
07-Jun-2020 09:40:29.717 INFO [main] org.apache.catalina.startup.VersionLoggerListener.log Command line argument: -Dignore.endorsed.dirs=
07-Jun-2020 09:40:29.717 INFO [main] org.apache.catalina.startup.VersionLoggerListener.log Command line argument: -Dcatalina.base=/DGU-NICER/apache-tomcat-9.0.17
07-Jun-2020 09:40:29.717 INFO [main] org.apache.catalina.startup.VersionLoggerListener.log Command line argument: -Dcatalina.home=/DGU-NICER/apache-tomcat-9.0.17
07-Jun-2020 09:40:29.717 INFO [main] org.apache.catalina.startup.VersionLoggerListener.log Command line argument: -Djava.io.tmpdir=/DGU-NICER/apache-tomcat-9.0.17/temp
07-Jun-2020 09:40:29.717 INFO [main] org.apache.catalina.core.AprLifecycleListener.lifecycleEvent The APR based Apache Tomcat Native library which allows optimal performance in production environments was not found on the java.library.path: [/usr/java/packages/lib/amd64:/usr/lib64:/lib64:/lib:/usr/lib]
07-Jun-2020 09:40:29.780 INFO [main] org.apache.coyote.AbstractProtocol.init Initializing ProtocolHandler ["http-nio-80"]
07-Jun-2020 09:40:29.800 INFO [main] org.apache.coyote.AbstractProtocol.init Initializing ProtocolHandler ["ajp-nio-8009"]
07-Jun-2020 09:40:29.802 INFO [main] org.apache.catalina.startup.Catalina.load Server initialization in [424] milliseconds
07-Jun-2020 09:40:29.826 INFO [main] org.apache.catalina.core.StandardService.startInternal Starting service [Catalina]
07-Jun-2020 09:40:29.826 INFO [main] org.apache.catalina.core.StandardEngine.startInternal Starting Servlet engine: [Apache Tomcat/9.0.17]
07-Jun-2020 09:40:29.842 INFO [main] org.apache.catalina.startup.HostConfig.deployWAR Deploying web application archive [/DGU-NICER/apache-tomcat-9.0.17/webapps/ROOT.war]
07-Jun-2020 09:40:31.554 INFO [main] org.apache.jasper.servlet.TldScanner.scanJars At least one JAR was scanned for TLDs yet contained no TLDs. Enable debug logging for this logger for a complete list of JARs that were scanned but no TLDs were found in them. Skipping unneeded JARs during scanning can improve startup time and JSP compilation time.
07-Jun-2020 09:40:31.594 INFO [main] org.apache.catalina.startup.HostConfig.deployWAR Deployment of web application archive [/DGU-NICER/apache-tomcat-9.0.17/webapps/ROOT.war] has finished in [1,752] ms
07-Jun-2020 09:40:31.595 INFO [main] org.apache.catalina.startup.HostConfig.deployDirectory Deploying web application directory [/DGU-NICER/apache-tomcat-9.0.17/webapps/examples]
07-Jun-2020 09:40:32.856 INFO [main] org.apache.jasper.servlet.TldScanner.scanJars At least one JAR was scanned for TLDs yet contained no TLDs. Enable debug logging for this logger for a complete list of JARs that were scanned but no TLDs were found in them. Skipping unneeded JARs during scanning can improve startup time and JSP compilation time.
07-Jun-2020 09:40:32.889 INFO [main] org.apache.catalina.startup.HostConfig.deployDirectory Deployment of web application directory [/DGU-NICER/apache-tomcat-9.0.17/webapps/examples] has finished in [1,294] ms
07-Jun-2020 09:40:32.889 INFO [main] org.apache.catalina.startup.HostConfig.deployDirectory Deploying web application directory [/DGU-NICER/apache-tomcat-9.0.17/webapps/manager]
07-Jun-2020 09:40:33.734 INFO [main] org.apache.jasper.servlet.TldScanner.scanJars At least one JAR was scanned for TLDs yet contained no TLDs. Enable debug logging for this logger for a complete list of JARs that were scanned but no TLDs were found in them. Skipping unneeded JARs during scanning can improve startup time and JSP compilation time.
07-Jun-2020 09:40:33.738 INFO [main] org.apache.catalina.startup.HostConfig.deployDirectory Deployment of web application directory [/DGU-NICER/apache-tomcat-9.0.17/webapps/manager] has finished in [849] ms
07-Jun-2020 09:40:33.738 INFO [main] org.apache.catalina.startup.HostConfig.deployDirectory Deploying web application directory [/DGU-NICER/apache-tomcat-9.0.17/webapps/docs]
07-Jun-2020 09:40:34.420 INFO [main] org.apache.jasper.servlet.TldScanner.scanJars At least one JAR was scanned for TLDs yet contained no TLDs. Enable debug logging for this logger for a complete list of JARs that were scanned but no TLDs were found in them. Skipping unneeded JARs during scanning can improve startup time and JSP compilation time.
07-Jun-2020 09:40:34.422 INFO [main] org.apache.catalina.startup.HostConfig.deployDirectory Deployment of web application directory [/DGU-NICER/apache-tomcat-9.0.17/webapps/docs] has finished in [684] ms
07-Jun-2020 09:40:34.422 INFO [main] org.apache.catalina.startup.HostConfig.deployDirectory Deploying web application directory [/DGU-NICER/apache-tomcat-9.0.17/webapps/host-manager]
07-Jun-2020 09:40:34.952 INFO [main] org.apache.jasper.servlet.TldScanner.scanJars At least one JAR was scanned for TLDs yet contained no TLDs. Enable debug logging for this logger for a complete list of JARs that were scanned but no TLDs were found in them. Skipping unneeded JARs during scanning can improve startup time and JSP compilation time.
07-Jun-2020 09:40:34.954 INFO [main] org.apache.catalina.startup.HostConfig.deployDirectory Deployment of web application directory [/DGU-NICER/apache-tomcat-9.0.17/webapps/host-manager] has finished in [531] ms
07-Jun-2020 09:40:34.956 INFO [main] org.apache.coyote.AbstractProtocol.start Starting ProtocolHandler ["http-nio-80"]
07-Jun-2020 09:40:34.967 INFO [main] org.apache.coyote.AbstractProtocol.start Starting ProtocolHandler ["ajp-nio-8009"]
07-Jun-2020 09:40:34.972 INFO [main] org.apache.catalina.startup.Catalina.start Server startup in [5,169] milliseconds
07-Jun-2020 20:08:27.474  [main] org.apache.catalina.startup.VersionLoggerListener.log   :        Apache Tomcat/9.0.17
07-Jun-2020 20:08:27.595  [main] org.apache.catalina.startup.VersionLoggerListener.log Server  :          Mar 13 2019 15:55:27 UTC
07-Jun-2020 20:08:27.595  [main] org.apache.catalina.startup.VersionLoggerListener.log Server  :         9.0.17.0
07-Jun-2020 20:08:27.596  [main] org.apache.catalina.startup.VersionLoggerListener.log  :               Windows 10
07-Jun-2020 20:08:27.596  [main] org.apache.catalina.startup.VersionLoggerListener.log  :            10.0
07-Jun-2020 20:08:27.597  [main] org.apache.catalina.startup.VersionLoggerListener.log :          amd64
07-Jun-2020 20:08:27.597  [main] org.apache.catalina.startup.VersionLoggerListener.log  :             E:\programFiles\Java\jdk1.8.0_241\jre
07-Jun-2020 20:08:27.597  [main] org.apache.catalina.startup.VersionLoggerListener.log JVM :           1.8.0_241-b07
07-Jun-2020 20:08:27.598  [main] org.apache.catalina.startup.VersionLoggerListener.log JVM :            Oracle Corporation
07-Jun-2020 20:08:27.598  [main] org.apache.catalina.startup.VersionLoggerListener.log CATALINA_BASE:         C:\Users\4whom\Desktop\workspace\gaebyultemp\apache-tomcat-9.0.17
07-Jun-2020 20:08:27.598  [main] org.apache.catalina.startup.VersionLoggerListener.log CATALINA_HOME:         C:\Users\4whom\Desktop\workspace\gaebyultemp\apache-tomcat-9.0.17
07-Jun-2020 20:08:27.600  [main] org.apache.catalina.startup.VersionLoggerListener.log   : -Djava.util.logging.config.file=C:\Users\4whom\Desktop\workspace\gaebyultemp\apache-tomcat-9.0.17\conf\logging.properties
07-Jun-2020 20:08:27.601  [main] org.apache.catalina.startup.VersionLoggerListener.log   : -Djava.util.logging.manager=org.apache.juli.ClassLoaderLogManager
07-Jun-2020 20:08:27.602  [main] org.apache.catalina.startup.VersionLoggerListener.log   : -Djdk.tls.ephemeralDHKeySize=2048
07-Jun-2020 20:08:27.609  [main] org.apache.catalina.startup.VersionLoggerListener.log   : -Djava.protocol.handler.pkgs=org.apache.catalina.webresources
07-Jun-2020 20:08:27.611  [main] org.apache.catalina.startup.VersionLoggerListener.log   : -Dignore.endorsed.dirs=
07-Jun-2020 20:08:27.613  [main] org.apache.catalina.startup.VersionLoggerListener.log   : -Dcatalina.base=C:\Users\4whom\Desktop\workspace\gaebyultemp\apache-tomcat-9.0.17
07-Jun-2020 20:08:27.616  [main] org.apache.catalina.startup.VersionLoggerListener.log   : -Dcatalina.home=C:\Users\4whom\Desktop\workspace\gaebyultemp\apache-tomcat-9.0.17
07-Jun-2020 20:08:27.617  [main] org.apache.catalina.startup.VersionLoggerListener.log   : -Djava.io.tmpdir=C:\Users\4whom\Desktop\workspace\gaebyultemp\apache-tomcat-9.0.17\temp
07-Jun-2020 20:08:27.623  [main] org.apache.catalina.core.AprLifecycleListener.lifecycleEvent     , APR  Apache Tomcat Native ,  java.library.path  : [E:\programFiles\Java\jdk1.8.0_241\bin;C:\WINDOWS\Sun\Java\bin;C:\WINDOWS\system32;C:\WINDOWS;C:\Program Files (x86)\NAT Service;C:\Program Files (x86)\Common Files\Oracle\Java\javapath;C:\WINDOWS\system32;C:\WINDOWS;C:\WINDOWS\System32\Wbem;C:\WINDOWS\System32\WindowsPowerShell\v1.0\;C:\WINDOWS\System32\OpenSSH\;C:\Gradle\bin;C:\Program Files\Git\cmd;C:\Program Files\thrift;C:\Program Files\apache-maven-3.6.3\bin;C:\Program Files\protoc-3.11.2-win64\bin;C:\Program Files\nodejs;C:\Program Files\thrift;E:\flutter\bin;E:\programFiles\Dart\dart-sdk\bin;C:\Users\4whom\AppData\Local\Android\Sdk\platform-tools;E:\programFiles\Java\jdk1.8.0_241\bin;E:\Go\bin;E:\programFiles\Apache\zookeeper\bin;E:\CMake\bin;E:\programFiles\Qt\5.14.1\msvc2017_64\bin;C:\Program Files\Common Files\Autodesk Shared\;C:\Program Files\Microsoft SQL Server\120\Tools\Binn\;C:\Program Files\PuTTY\;C:\Users\4whom\AppData\Local\Programs\Python\Python37\Scripts\;C:\Users\4whom\AppData\Local\Programs\Python\Python37\;C:\Users\4whom\AppData\Local\Programs\Python\Python38-32\Scripts\;C:\Users\4whom\AppData\Local\Programs\Python\Python38-32\;C:\Users\4whom\AppData\Local\Microsoft\WindowsApps;C:\Users\4whom\AppData\Roaming\npm;E:\programFiles\WebStorm 2019.3.1\bin;;E:\Docker Toolbox;E:\programFiles\Java\jdk1.8.0_241\bin;C:\Users\4whom\go\bin;;E:\Docker Toolbox;.]
07-Jun-2020 20:08:28.403  [main] org.apache.coyote.AbstractProtocol.init   ["http-nio-80"]() .
07-Jun-2020 20:08:29.500  [main] org.apache.coyote.AbstractProtocol.init   ["ajp-nio-8009"]() .
07-Jun-2020 20:08:29.510  [main] org.apache.catalina.startup.Catalina.load [3,172]    .
07-Jun-2020 20:08:29.559  [main] org.apache.catalina.core.StandardService.startInternal  [Catalina]() .
07-Jun-2020 20:08:29.561  [main] org.apache.catalina.core.StandardEngine.startInternal   : [Apache Tomcat/9.0.17]
07-Jun-2020 20:08:29.588  [main] org.apache.catalina.startup.HostConfig.deployWAR    [C:\Users\4whom\Desktop\workspace\gaebyultemp\apache-tomcat-9.0.17\webapps\ROOT.war]() .
07-Jun-2020 20:08:38.398  [main] org.apache.jasper.servlet.TldScanner.scanJars   JAR TLD       .  TLD  JAR   ,     .    JAR ,    JSP     .
07-Jun-2020 20:08:38.460  [main] org.apache.catalina.startup.HostConfig.deployWAR    [C:\Users\4whom\Desktop\workspace\gaebyultemp\apache-tomcat-9.0.17\webapps\ROOT.war]  [8,872]  .
07-Jun-2020 20:08:38.464  [main] org.apache.catalina.startup.HostConfig.deployDirectory    [C:\Users\4whom\Desktop\workspace\gaebyultemp\apache-tomcat-9.0.17\webapps\docs]() .
07-Jun-2020 20:08:46.977  [main] org.apache.jasper.servlet.TldScanner.scanJars   JAR TLD       .  TLD  JAR   ,     .    JAR ,    JSP     .
07-Jun-2020 20:08:46.988  [main] org.apache.catalina.startup.HostConfig.deployDirectory    [C:\Users\4whom\Desktop\workspace\gaebyultemp\apache-tomcat-9.0.17\webapps\docs]   [8,524]  .
07-Jun-2020 20:08:46.992  [main] org.apache.catalina.startup.HostConfig.deployDirectory    [C:\Users\4whom\Desktop\workspace\gaebyultemp\apache-tomcat-9.0.17\webapps\examples]() .
07-Jun-2020 20:08:55.532  [main] org.apache.jasper.servlet.TldScanner.scanJars   JAR TLD       .  TLD  JAR   ,     .    JAR ,    JSP     .
07-Jun-2020 20:08:55.642  [main] org.apache.catalina.startup.HostConfig.deployDirectory    [C:\Users\4whom\Desktop\workspace\gaebyultemp\apache-tomcat-9.0.17\webapps\examples]   [8,650]  .
07-Jun-2020 20:08:55.648  [main] org.apache.catalina.startup.HostConfig.deployDirectory    [C:\Users\4whom\Desktop\workspace\gaebyultemp\apache-tomcat-9.0.17\webapps\host-manager]() .
07-Jun-2020 20:09:02.965  [main] org.apache.jasper.servlet.TldScanner.scanJars   JAR TLD       .  TLD  JAR   ,     .    JAR ,    JSP     .
07-Jun-2020 20:09:02.981  [main] org.apache.catalina.startup.HostConfig.deployDirectory    [C:\Users\4whom\Desktop\workspace\gaebyultemp\apache-tomcat-9.0.17\webapps\host-manager]   [7,333]  .
07-Jun-2020 20:09:02.984  [main] org.apache.catalina.startup.HostConfig.deployDirectory    [C:\Users\4whom\Desktop\workspace\gaebyultemp\apache-tomcat-9.0.17\webapps\manager]() .
07-Jun-2020 20:09:10.815  [main] org.apache.jasper.servlet.TldScanner.scanJars   JAR TLD       .  TLD  JAR   ,     .    JAR ,    JSP     .
07-Jun-2020 20:09:10.835  [main] org.apache.catalina.startup.HostConfig.deployDirectory    [C:\Users\4whom\Desktop\workspace\gaebyultemp\apache-tomcat-9.0.17\webapps\manager]   [7,851]  .
07-Jun-2020 20:09:10.858  [main] org.apache.coyote.AbstractProtocol.start   ["http-nio-80"]() .
07-Jun-2020 20:09:10.882  [main] org.apache.coyote.AbstractProtocol.start   ["ajp-nio-8009"]() .
07-Jun-2020 20:09:10.893  [main] org.apache.catalina.startup.Catalina.start  [41,379]   .
07-Jun-2020 20:09:10.950  [ajp-nio-8009-exec-8] org.apache.coyote.ajp.AjpMessage.processHeader  [18245]() ,    .
07-Jun-2020 20:11:54.720  [Catalina-utility-2] org.apache.catalina.startup.HostConfig.deployWAR    [C:\Users\4whom\Desktop\workspace\gaebyultemp\apache-tomcat-9.0.17\webapps\NICER.war]() .
07-Jun-2020 20:12:14.938  [Catalina-utility-2] org.apache.jasper.servlet.TldScanner.scanJars   JAR TLD       .  TLD  JAR   ,     .    JAR ,    JSP     .
07-Jun-2020 20:12:14.955  [Catalina-utility-2] org.apache.catalina.startup.HostConfig.deployWAR    [C:\Users\4whom\Desktop\workspace\gaebyultemp\apache-tomcat-9.0.17\webapps\NICER.war]  [20,235]  .
07-Jun-2020 20:12:24.962  [Catalina-utility-1] org.apache.catalina.startup.HostConfig.undeploy  []  .
07-Jun-2020 20:12:25.495  [Catalina-utility-1] org.apache.catalina.startup.HostConfig.undeploy  [/NICER]  .
07-Jun-2020 20:12:25.543  [Catalina-utility-1] org.apache.catalina.startup.HostConfig.deployWAR    [C:\Users\4whom\Desktop\workspace\gaebyultemp\apache-tomcat-9.0.17\webapps\ROOT.war]() .
07-Jun-2020 20:12:29.334  [main] org.apache.catalina.core.StandardServer.await       .   .
07-Jun-2020 20:12:29.342  [main] org.apache.coyote.AbstractProtocol.pause   ["http-nio-80"]()   
07-Jun-2020 20:12:30.394  [main] org.apache.coyote.AbstractProtocol.pause   ["ajp-nio-8009"]()   
07-Jun-2020 20:12:31.426  [main] org.apache.catalina.core.StandardService.stopInternal  [Catalina]() .
07-Jun-2020 20:12:31.438  [main] org.apache.coyote.AbstractProtocol.stop   ["http-nio-80"]() .
07-Jun-2020 20:12:31.442  [main] org.apache.coyote.AbstractProtocol.stop   ["ajp-nio-8009"]() .
07-Jun-2020 20:12:31.446  [main] org.apache.coyote.AbstractProtocol.destroy   ["http-nio-80"]() .
07-Jun-2020 20:12:31.449  [main] org.apache.coyote.AbstractProtocol.destroy   ["ajp-nio-8009"]() .
07-Jun-2020 20:12:36.209  [main] org.apache.catalina.startup.VersionLoggerListener.log   :        Apache Tomcat/9.0.17
07-Jun-2020 20:12:36.221  [main] org.apache.catalina.startup.VersionLoggerListener.log Server  :          Mar 13 2019 15:55:27 UTC
07-Jun-2020 20:12:36.222  [main] org.apache.catalina.startup.VersionLoggerListener.log Server  :         9.0.17.0
07-Jun-2020 20:12:36.222  [main] org.apache.catalina.startup.VersionLoggerListener.log  :               Windows 10
07-Jun-2020 20:12:36.223  [main] org.apache.catalina.startup.VersionLoggerListener.log  :            10.0
07-Jun-2020 20:12:36.223  [main] org.apache.catalina.startup.VersionLoggerListener.log :          amd64
07-Jun-2020 20:12:36.224  [main] org.apache.catalina.startup.VersionLoggerListener.log  :             E:\programFiles\Java\jdk1.8.0_241\jre
07-Jun-2020 20:12:36.226  [main] org.apache.catalina.startup.VersionLoggerListener.log JVM :           1.8.0_241-b07
07-Jun-2020 20:12:36.226  [main] org.apache.catalina.startup.VersionLoggerListener.log JVM :            Oracle Corporation
07-Jun-2020 20:12:36.226  [main] org.apache.catalina.startup.VersionLoggerListener.log CATALINA_BASE:         C:\Users\4whom\Desktop\workspace\gaebyultemp\apache-tomcat-9.0.17
07-Jun-2020 20:12:36.227  [main] org.apache.catalina.startup.VersionLoggerListener.log CATALINA_HOME:         C:\Users\4whom\Desktop\workspace\gaebyultemp\apache-tomcat-9.0.17
07-Jun-2020 20:12:36.228  [main] org.apache.catalina.startup.VersionLoggerListener.log   : -Djava.util.logging.config.file=C:\Users\4whom\Desktop\workspace\gaebyultemp\apache-tomcat-9.0.17\conf\logging.properties
07-Jun-2020 20:12:36.229  [main] org.apache.catalina.startup.VersionLoggerListener.log   : -Djava.util.logging.manager=org.apache.juli.ClassLoaderLogManager
07-Jun-2020 20:12:36.234  [main] org.apache.catalina.startup.VersionLoggerListener.log   : -Djdk.tls.ephemeralDHKeySize=2048
07-Jun-2020 20:12:36.236  [main] org.apache.catalina.startup.VersionLoggerListener.log   : -Djava.protocol.handler.pkgs=org.apache.catalina.webresources
07-Jun-2020 20:12:36.237  [main] org.apache.catalina.startup.VersionLoggerListener.log   : -Dignore.endorsed.dirs=
07-Jun-2020 20:12:36.239  [main] org.apache.catalina.startup.VersionLoggerListener.log   : -Dcatalina.base=C:\Users\4whom\Desktop\workspace\gaebyultemp\apache-tomcat-9.0.17
07-Jun-2020 20:12:36.240  [main] org.apache.catalina.startup.VersionLoggerListener.log   : -Dcatalina.home=C:\Users\4whom\Desktop\workspace\gaebyultemp\apache-tomcat-9.0.17
07-Jun-2020 20:12:36.243  [main] org.apache.catalina.startup.VersionLoggerListener.log   : -Djava.io.tmpdir=C:\Users\4whom\Desktop\workspace\gaebyultemp\apache-tomcat-9.0.17\temp
07-Jun-2020 20:12:36.245  [main] org.apache.catalina.core.AprLifecycleListener.lifecycleEvent     , APR  Apache Tomcat Native ,  java.library.path  : [E:\programFiles\Java\jdk1.8.0_241\bin;C:\WINDOWS\Sun\Java\bin;C:\WINDOWS\system32;C:\WINDOWS;C:\Program Files (x86)\NAT Service;C:\Program Files (x86)\Common Files\Oracle\Java\javapath;C:\WINDOWS\system32;C:\WINDOWS;C:\WINDOWS\System32\Wbem;C:\WINDOWS\System32\WindowsPowerShell\v1.0\;C:\WINDOWS\System32\OpenSSH\;C:\Gradle\bin;C:\Program Files\Git\cmd;C:\Program Files\thrift;C:\Program Files\apache-maven-3.6.3\bin;C:\Program Files\protoc-3.11.2-win64\bin;C:\Program Files\nodejs;C:\Program Files\thrift;E:\flutter\bin;E:\programFiles\Dart\dart-sdk\bin;C:\Users\4whom\AppData\Local\Android\Sdk\platform-tools;E:\programFiles\Java\jdk1.8.0_241\bin;E:\Go\bin;E:\programFiles\Apache\zookeeper\bin;E:\CMake\bin;E:\programFiles\Qt\5.14.1\msvc2017_64\bin;C:\Program Files\Common Files\Autodesk Shared\;C:\Program Files\Microsoft SQL Server\120\Tools\Binn\;C:\Program Files\PuTTY\;C:\Users\4whom\AppData\Local\Programs\Python\Python37\Scripts\;C:\Users\4whom\AppData\Local\Programs\Python\Python37\;C:\Users\4whom\AppData\Local\Programs\Python\Python38-32\Scripts\;C:\Users\4whom\AppData\Local\Programs\Python\Python38-32\;C:\Users\4whom\AppData\Local\Microsoft\WindowsApps;C:\Users\4whom\AppData\Roaming\npm;E:\programFiles\WebStorm 2019.3.1\bin;;E:\Docker Toolbox;E:\programFiles\Java\jdk1.8.0_241\bin;C:\Users\4whom\go\bin;;E:\Docker Toolbox;.]
07-Jun-2020 20:12:36.560  [main] org.apache.coyote.AbstractProtocol.init   ["http-nio-80"]() .
07-Jun-2020 20:12:37.759  [main] org.apache.coyote.AbstractProtocol.init   ["ajp-nio-8009"]() .
07-Jun-2020 20:12:37.766  [main] org.apache.catalina.startup.Catalina.load [5,316]    .
07-Jun-2020 20:12:37.805  [main] org.apache.catalina.core.StandardService.startInternal  [Catalina]() .
07-Jun-2020 20:12:37.807  [main] org.apache.catalina.core.StandardEngine.startInternal   : [Apache Tomcat/9.0.17]
07-Jun-2020 20:12:37.834  [main] org.apache.catalina.startup.HostConfig.deployWAR    [C:\Users\4whom\Desktop\workspace\gaebyultemp\apache-tomcat-9.0.17\webapps\ROOT.war]() .
07-Jun-2020 20:12:44.703  [Catalina-utility-1] org.apache.jasper.servlet.TldScanner.scanJars   JAR TLD       .  TLD  JAR   ,     .    JAR ,    JSP     .
07-Jun-2020 20:12:44.717  [main] org.apache.catalina.core.ContainerBase.removeChild      
 org.apache.catalina.LifecycleException:  [STARTED]    [StandardEngine[Catalina].StandardHost[localhost].StandardContext[]] ,   Lifecycle   ([before_destroy]).
	at org.apache.catalina.util.LifecycleBase.invalidTransition(LifecycleBase.java:431)
	at org.apache.catalina.util.LifecycleBase.destroy(LifecycleBase.java:317)
	at org.apache.catalina.core.ContainerBase.removeChild(ContainerBase.java:814)
	at org.apache.catalina.core.ContainerBase.destroyInternal(ContainerBase.java:1016)
	at org.apache.catalina.util.LifecycleBase.destroy(LifecycleBase.java:322)
	at org.apache.catalina.core.ContainerBase.removeChild(ContainerBase.java:814)
	at org.apache.catalina.core.ContainerBase.destroyInternal(ContainerBase.java:1016)
	at org.apache.catalina.util.LifecycleBase.destroy(LifecycleBase.java:322)
	at org.apache.catalina.core.StandardService.destroyInternal(StandardService.java:558)
	at org.apache.catalina.util.LifecycleBase.destroy(LifecycleBase.java:322)
	at org.apache.catalina.core.StandardServer.destroyInternal(StandardServer.java:1063)
	at org.apache.catalina.util.LifecycleBase.destroy(LifecycleBase.java:322)
	at org.apache.catalina.startup.Catalina.stop(Catalina.java:708)
	at org.apache.catalina.startup.Catalina.start(Catalina.java:669)
	at sun.reflect.NativeMethodAccessorImpl.invoke0(Native Method)
	at sun.reflect.NativeMethodAccessorImpl.invoke(NativeMethodAccessorImpl.java:62)
	at sun.reflect.DelegatingMethodAccessorImpl.invoke(DelegatingMethodAccessorImpl.java:43)
	at java.lang.reflect.Method.invoke(Method.java:498)
	at org.apache.catalina.startup.Bootstrap.start(Bootstrap.java:350)
	at org.apache.catalina.startup.Bootstrap.main(Bootstrap.java:492)

07-Jun-2020 20:12:44.744  [Catalina-utility-1] org.apache.catalina.startup.HostConfig.deployWAR    [C:\Users\4whom\Desktop\workspace\gaebyultemp\apache-tomcat-9.0.17\webapps\ROOT.war]  [19,201]  .
07-Jun-2020 20:12:47.233  [main] org.apache.jasper.servlet.TldScanner.scanJars   JAR TLD       .  TLD  JAR   ,     .    JAR ,    JSP     .
07-Jun-2020 20:12:47.294  [main] org.apache.catalina.startup.HostConfig.deployWAR    [C:\Users\4whom\Desktop\workspace\gaebyultemp\apache-tomcat-9.0.17\webapps\ROOT.war]  [9,459]  .
07-Jun-2020 20:12:47.298  [main] org.apache.catalina.startup.HostConfig.deployDirectory    [C:\Users\4whom\Desktop\workspace\gaebyultemp\apache-tomcat-9.0.17\webapps\docs]() .
07-Jun-2020 20:12:55.078  [main] org.apache.jasper.servlet.TldScanner.scanJars   JAR TLD       .  TLD  JAR   ,     .    JAR ,    JSP     .
07-Jun-2020 20:12:55.089  [main] org.apache.catalina.startup.HostConfig.deployDirectory    [C:\Users\4whom\Desktop\workspace\gaebyultemp\apache-tomcat-9.0.17\webapps\docs]   [7,791]  .
07-Jun-2020 20:12:55.091  [main] org.apache.catalina.startup.HostConfig.deployDirectory    [C:\Users\4whom\Desktop\workspace\gaebyultemp\apache-tomcat-9.0.17\webapps\examples]() .
