29-Mar-2020 19:48:03.336 INFO [main] org.apache.catalina.startup.VersionLoggerListener.log Server version name:   Apache Tomcat/9.0.17
29-Mar-2020 19:48:03.338 INFO [main] org.apache.catalina.startup.VersionLoggerListener.log Server built:          Mar 13 2019 15:55:27 UTC
29-Mar-2020 19:48:03.338 INFO [main] org.apache.catalina.startup.VersionLoggerListener.log Server version number: 9.0.17.0
29-Mar-2020 19:48:03.338 INFO [main] org.apache.catalina.startup.VersionLoggerListener.log OS Name:               Linux
29-Mar-2020 19:48:03.338 INFO [main] org.apache.catalina.startup.VersionLoggerListener.log OS Version:            4.15.0-88-generic
29-Mar-2020 19:48:03.338 INFO [main] org.apache.catalina.startup.VersionLoggerListener.log Architecture:          amd64
29-Mar-2020 19:48:03.338 INFO [main] org.apache.catalina.startup.VersionLoggerListener.log Java Home:             /usr/lib/jvm/java-8-openjdk-amd64/jre
29-Mar-2020 19:48:03.338 INFO [main] org.apache.catalina.startup.VersionLoggerListener.log JVM Version:           1.8.0_242-8u242-b08-0ubuntu3~16.04-b08
29-Mar-2020 19:48:03.338 INFO [main] org.apache.catalina.startup.VersionLoggerListener.log JVM Vendor:            Private Build
29-Mar-2020 19:48:03.338 INFO [main] org.apache.catalina.startup.VersionLoggerListener.log CATALINA_BASE:         /home/hj/Desktop/workspace/NICER-master/apache-tomcat-9.0.17
29-Mar-2020 19:48:03.338 INFO [main] org.apache.catalina.startup.VersionLoggerListener.log CATALINA_HOME:         /home/hj/Desktop/workspace/NICER-master/apache-tomcat-9.0.17
29-Mar-2020 19:48:03.339 INFO [main] org.apache.catalina.startup.VersionLoggerListener.log Command line argument: -Djava.util.logging.config.file=/home/hj/Desktop/workspace/NICER-master/apache-tomcat-9.0.17/conf/logging.properties
29-Mar-2020 19:48:03.339 INFO [main] org.apache.catalina.startup.VersionLoggerListener.log Command line argument: -Djava.util.logging.manager=org.apache.juli.ClassLoaderLogManager
29-Mar-2020 19:48:03.339 INFO [main] org.apache.catalina.startup.VersionLoggerListener.log Command line argument: -Djdk.tls.ephemeralDHKeySize=2048
29-Mar-2020 19:48:03.339 INFO [main] org.apache.catalina.startup.VersionLoggerListener.log Command line argument: -Djava.protocol.handler.pkgs=org.apache.catalina.webresources
29-Mar-2020 19:48:03.339 INFO [main] org.apache.catalina.startup.VersionLoggerListener.log Command line argument: -Dorg.apache.catalina.security.SecurityListener.UMASK=0027
29-Mar-2020 19:48:03.339 INFO [main] org.apache.catalina.startup.VersionLoggerListener.log Command line argument: -Dignore.endorsed.dirs=
29-Mar-2020 19:48:03.339 INFO [main] org.apache.catalina.startup.VersionLoggerListener.log Command line argument: -Dcatalina.base=/home/hj/Desktop/workspace/NICER-master/apache-tomcat-9.0.17
29-Mar-2020 19:48:03.339 INFO [main] org.apache.catalina.startup.VersionLoggerListener.log Command line argument: -Dcatalina.home=/home/hj/Desktop/workspace/NICER-master/apache-tomcat-9.0.17
29-Mar-2020 19:48:03.339 INFO [main] org.apache.catalina.startup.VersionLoggerListener.log Command line argument: -Djava.io.tmpdir=/home/hj/Desktop/workspace/NICER-master/apache-tomcat-9.0.17/temp
29-Mar-2020 19:48:03.339 INFO [main] org.apache.catalina.core.AprLifecycleListener.lifecycleEvent The APR based Apache Tomcat Native library which allows optimal performance in production environments was not found on the java.library.path: [/usr/java/packages/lib/amd64:/usr/lib/x86_64-linux-gnu/jni:/lib/x86_64-linux-gnu:/usr/lib/x86_64-linux-gnu:/usr/lib/jni:/lib:/usr/lib]
29-Mar-2020 19:48:03.473 INFO [main] org.apache.coyote.AbstractProtocol.init Initializing ProtocolHandler ["http-nio-80"]
29-Mar-2020 19:48:03.498 INFO [main] org.apache.coyote.AbstractProtocol.init Initializing ProtocolHandler ["ajp-nio-8009"]
29-Mar-2020 19:48:03.501 INFO [main] org.apache.catalina.startup.Catalina.load Server initialization in [463] milliseconds
29-Mar-2020 19:48:03.530 INFO [main] org.apache.catalina.core.StandardService.startInternal Starting service [Catalina]
29-Mar-2020 19:48:03.530 INFO [main] org.apache.catalina.core.StandardEngine.startInternal Starting Servlet engine: [Apache Tomcat/9.0.17]
29-Mar-2020 19:48:03.548 INFO [main] org.apache.catalina.startup.HostConfig.deployWAR Deploying web application archive [/home/hj/Desktop/workspace/NICER-master/apache-tomcat-9.0.17/webapps/ROOT.war]
29-Mar-2020 19:48:05.306 INFO [main] org.apache.jasper.servlet.TldScanner.scanJars At least one JAR was scanned for TLDs yet contained no TLDs. Enable debug logging for this logger for a complete list of JARs that were scanned but no TLDs were found in them. Skipping unneeded JARs during scanning can improve startup time and JSP compilation time.
29-Mar-2020 19:48:05.343 INFO [main] org.apache.catalina.startup.HostConfig.deployWAR Deployment of web application archive [/home/hj/Desktop/workspace/NICER-master/apache-tomcat-9.0.17/webapps/ROOT.war] has finished in [1,795] ms
29-Mar-2020 19:48:05.344 INFO [main] org.apache.catalina.startup.HostConfig.deployDirectory Deploying web application directory [/home/hj/Desktop/workspace/NICER-master/apache-tomcat-9.0.17/webapps/examples]
29-Mar-2020 19:48:06.455 INFO [main] org.apache.jasper.servlet.TldScanner.scanJars At least one JAR was scanned for TLDs yet contained no TLDs. Enable debug logging for this logger for a complete list of JARs that were scanned but no TLDs were found in them. Skipping unneeded JARs during scanning can improve startup time and JSP compilation time.
29-Mar-2020 19:48:06.483 INFO [main] org.apache.catalina.startup.HostConfig.deployDirectory Deployment of web application directory [/home/hj/Desktop/workspace/NICER-master/apache-tomcat-9.0.17/webapps/examples] has finished in [1,139] ms
29-Mar-2020 19:48:06.484 INFO [main] org.apache.catalina.startup.HostConfig.deployDirectory Deploying web application directory [/home/hj/Desktop/workspace/NICER-master/apache-tomcat-9.0.17/webapps/manager]
29-Mar-2020 19:48:07.369 INFO [main] org.apache.jasper.servlet.TldScanner.scanJars At least one JAR was scanned for TLDs yet contained no TLDs. Enable debug logging for this logger for a complete list of JARs that were scanned but no TLDs were found in them. Skipping unneeded JARs during scanning can improve startup time and JSP compilation time.
29-Mar-2020 19:48:07.372 INFO [main] org.apache.catalina.startup.HostConfig.deployDirectory Deployment of web application directory [/home/hj/Desktop/workspace/NICER-master/apache-tomcat-9.0.17/webapps/manager] has finished in [888] ms
29-Mar-2020 19:48:07.372 INFO [main] org.apache.catalina.startup.HostConfig.deployDirectory Deploying web application directory [/home/hj/Desktop/workspace/NICER-master/apache-tomcat-9.0.17/webapps/docs]
29-Mar-2020 19:48:08.177 INFO [main] org.apache.jasper.servlet.TldScanner.scanJars At least one JAR was scanned for TLDs yet contained no TLDs. Enable debug logging for this logger for a complete list of JARs that were scanned but no TLDs were found in them. Skipping unneeded JARs during scanning can improve startup time and JSP compilation time.
29-Mar-2020 19:48:08.178 INFO [main] org.apache.catalina.startup.HostConfig.deployDirectory Deployment of web application directory [/home/hj/Desktop/workspace/NICER-master/apache-tomcat-9.0.17/webapps/docs] has finished in [806] ms
29-Mar-2020 19:48:08.179 INFO [main] org.apache.catalina.startup.HostConfig.deployDirectory Deploying web application directory [/home/hj/Desktop/workspace/NICER-master/apache-tomcat-9.0.17/webapps/host-manager]
29-Mar-2020 19:48:09.054 INFO [main] org.apache.jasper.servlet.TldScanner.scanJars At least one JAR was scanned for TLDs yet contained no TLDs. Enable debug logging for this logger for a complete list of JARs that were scanned but no TLDs were found in them. Skipping unneeded JARs during scanning can improve startup time and JSP compilation time.
29-Mar-2020 19:48:09.056 INFO [main] org.apache.catalina.startup.HostConfig.deployDirectory Deployment of web application directory [/home/hj/Desktop/workspace/NICER-master/apache-tomcat-9.0.17/webapps/host-manager] has finished in [877] ms
29-Mar-2020 19:48:09.059 INFO [main] org.apache.coyote.AbstractProtocol.start Starting ProtocolHandler ["http-nio-80"]
29-Mar-2020 19:48:09.072 INFO [main] org.apache.coyote.AbstractProtocol.start Starting ProtocolHandler ["ajp-nio-8009"]
29-Mar-2020 19:48:09.076 INFO [main] org.apache.catalina.startup.Catalina.start Server startup in [5,575] milliseconds
29-Mar-2020 20:03:34.600 INFO [main] org.apache.catalina.core.StandardServer.await A valid shutdown command was received via the shutdown port. Stopping the Server instance.
29-Mar-2020 20:03:34.600 INFO [main] org.apache.coyote.AbstractProtocol.pause Pausing ProtocolHandler ["http-nio-80"]
29-Mar-2020 20:03:34.608 INFO [main] org.apache.coyote.AbstractProtocol.pause Pausing ProtocolHandler ["ajp-nio-8009"]
29-Mar-2020 20:03:34.613 INFO [main] org.apache.catalina.core.StandardService.stopInternal Stopping service [Catalina]
29-Mar-2020 20:03:34.641 INFO [main] org.apache.coyote.AbstractProtocol.stop Stopping ProtocolHandler ["http-nio-80"]
29-Mar-2020 20:03:34.645 INFO [main] org.apache.coyote.AbstractProtocol.stop Stopping ProtocolHandler ["ajp-nio-8009"]
29-Mar-2020 20:03:34.646 INFO [main] org.apache.coyote.AbstractProtocol.destroy Destroying ProtocolHandler ["http-nio-80"]
29-Mar-2020 20:03:34.647 INFO [main] org.apache.coyote.AbstractProtocol.destroy Destroying ProtocolHandler ["ajp-nio-8009"]
29-Mar-2020 20:04:32.171 INFO [main] org.apache.catalina.startup.VersionLoggerListener.log Server version name:   Apache Tomcat/9.0.17
29-Mar-2020 20:04:32.173 INFO [main] org.apache.catalina.startup.VersionLoggerListener.log Server built:          Mar 13 2019 15:55:27 UTC
29-Mar-2020 20:04:32.173 INFO [main] org.apache.catalina.startup.VersionLoggerListener.log Server version number: 9.0.17.0
29-Mar-2020 20:04:32.173 INFO [main] org.apache.catalina.startup.VersionLoggerListener.log OS Name:               Linux
29-Mar-2020 20:04:32.173 INFO [main] org.apache.catalina.startup.VersionLoggerListener.log OS Version:            4.15.0-88-generic
29-Mar-2020 20:04:32.173 INFO [main] org.apache.catalina.startup.VersionLoggerListener.log Architecture:          amd64
29-Mar-2020 20:04:32.174 INFO [main] org.apache.catalina.startup.VersionLoggerListener.log Java Home:             /usr/lib/jvm/java-8-openjdk-amd64/jre
29-Mar-2020 20:04:32.174 INFO [main] org.apache.catalina.startup.VersionLoggerListener.log JVM Version:           1.8.0_242-8u242-b08-0ubuntu3~16.04-b08
29-Mar-2020 20:04:32.174 INFO [main] org.apache.catalina.startup.VersionLoggerListener.log JVM Vendor:            Private Build
29-Mar-2020 20:04:32.174 INFO [main] org.apache.catalina.startup.VersionLoggerListener.log CATALINA_BASE:         /home/hj/Desktop/workspace/NICER-master/apache-tomcat-9.0.17
29-Mar-2020 20:04:32.174 INFO [main] org.apache.catalina.startup.VersionLoggerListener.log CATALINA_HOME:         /home/hj/Desktop/workspace/NICER-master/apache-tomcat-9.0.17
29-Mar-2020 20:04:32.174 INFO [main] org.apache.catalina.startup.VersionLoggerListener.log Command line argument: -Djava.util.logging.config.file=/home/hj/Desktop/workspace/NICER-master/apache-tomcat-9.0.17/conf/logging.properties
29-Mar-2020 20:04:32.175 INFO [main] org.apache.catalina.startup.VersionLoggerListener.log Command line argument: -Djava.util.logging.manager=org.apache.juli.ClassLoaderLogManager
29-Mar-2020 20:04:32.175 INFO [main] org.apache.catalina.startup.VersionLoggerListener.log Command line argument: -Djdk.tls.ephemeralDHKeySize=2048
29-Mar-2020 20:04:32.175 INFO [main] org.apache.catalina.startup.VersionLoggerListener.log Command line argument: -Djava.protocol.handler.pkgs=org.apache.catalina.webresources
29-Mar-2020 20:04:32.175 INFO [main] org.apache.catalina.startup.VersionLoggerListener.log Command line argument: -Dorg.apache.catalina.security.SecurityListener.UMASK=0027
29-Mar-2020 20:04:32.175 INFO [main] org.apache.catalina.startup.VersionLoggerListener.log Command line argument: -Dignore.endorsed.dirs=
29-Mar-2020 20:04:32.175 INFO [main] org.apache.catalina.startup.VersionLoggerListener.log Command line argument: -Dcatalina.base=/home/hj/Desktop/workspace/NICER-master/apache-tomcat-9.0.17
29-Mar-2020 20:04:32.175 INFO [main] org.apache.catalina.startup.VersionLoggerListener.log Command line argument: -Dcatalina.home=/home/hj/Desktop/workspace/NICER-master/apache-tomcat-9.0.17
29-Mar-2020 20:04:32.175 INFO [main] org.apache.catalina.startup.VersionLoggerListener.log Command line argument: -Djava.io.tmpdir=/home/hj/Desktop/workspace/NICER-master/apache-tomcat-9.0.17/temp
29-Mar-2020 20:04:32.176 INFO [main] org.apache.catalina.core.AprLifecycleListener.lifecycleEvent The APR based Apache Tomcat Native library which allows optimal performance in production environments was not found on the java.library.path: [/usr/java/packages/lib/amd64:/usr/lib/x86_64-linux-gnu/jni:/lib/x86_64-linux-gnu:/usr/lib/x86_64-linux-gnu:/usr/lib/jni:/lib:/usr/lib]
29-Mar-2020 20:04:32.295 INFO [main] org.apache.coyote.AbstractProtocol.init Initializing ProtocolHandler ["http-nio-80"]
29-Mar-2020 20:04:32.313 INFO [main] org.apache.coyote.AbstractProtocol.init Initializing ProtocolHandler ["ajp-nio-8009"]
29-Mar-2020 20:04:32.316 INFO [main] org.apache.catalina.startup.Catalina.load Server initialization in [403] milliseconds
29-Mar-2020 20:04:32.343 INFO [main] org.apache.catalina.core.StandardService.startInternal Starting service [Catalina]
29-Mar-2020 20:04:32.343 INFO [main] org.apache.catalina.core.StandardEngine.startInternal Starting Servlet engine: [Apache Tomcat/9.0.17]
29-Mar-2020 20:04:32.364 INFO [main] org.apache.catalina.startup.HostConfig.deployWAR Deploying web application archive [/home/hj/Desktop/workspace/NICER-master/apache-tomcat-9.0.17/webapps/ROOT.war]
29-Mar-2020 20:04:33.892 INFO [main] org.apache.jasper.servlet.TldScanner.scanJars At least one JAR was scanned for TLDs yet contained no TLDs. Enable debug logging for this logger for a complete list of JARs that were scanned but no TLDs were found in them. Skipping unneeded JARs during scanning can improve startup time and JSP compilation time.
29-Mar-2020 20:04:33.949 INFO [main] org.apache.catalina.startup.HostConfig.deployWAR Deployment of web application archive [/home/hj/Desktop/workspace/NICER-master/apache-tomcat-9.0.17/webapps/ROOT.war] has finished in [1,585] ms
29-Mar-2020 20:04:33.950 INFO [main] org.apache.catalina.startup.HostConfig.deployDirectory Deploying web application directory [/home/hj/Desktop/workspace/NICER-master/apache-tomcat-9.0.17/webapps/examples]
29-Mar-2020 20:04:35.133 INFO [main] org.apache.jasper.servlet.TldScanner.scanJars At least one JAR was scanned for TLDs yet contained no TLDs. Enable debug logging for this logger for a complete list of JARs that were scanned but no TLDs were found in them. Skipping unneeded JARs during scanning can improve startup time and JSP compilation time.
29-Mar-2020 20:04:35.160 INFO [main] org.apache.catalina.startup.HostConfig.deployDirectory Deployment of web application directory [/home/hj/Desktop/workspace/NICER-master/apache-tomcat-9.0.17/webapps/examples] has finished in [1,210] ms
29-Mar-2020 20:04:35.160 INFO [main] org.apache.catalina.startup.HostConfig.deployDirectory Deploying web application directory [/home/hj/Desktop/workspace/NICER-master/apache-tomcat-9.0.17/webapps/manager]
29-Mar-2020 20:04:36.051 INFO [main] org.apache.jasper.servlet.TldScanner.scanJars At least one JAR was scanned for TLDs yet contained no TLDs. Enable debug logging for this logger for a complete list of JARs that were scanned but no TLDs were found in them. Skipping unneeded JARs during scanning can improve startup time and JSP compilation time.
29-Mar-2020 20:04:36.055 INFO [main] org.apache.catalina.startup.HostConfig.deployDirectory Deployment of web application directory [/home/hj/Desktop/workspace/NICER-master/apache-tomcat-9.0.17/webapps/manager] has finished in [894] ms
29-Mar-2020 20:04:36.055 INFO [main] org.apache.catalina.startup.HostConfig.deployDirectory Deploying web application directory [/home/hj/Desktop/workspace/NICER-master/apache-tomcat-9.0.17/webapps/docs]
29-Mar-2020 20:04:36.860 INFO [main] org.apache.jasper.servlet.TldScanner.scanJars At least one JAR was scanned for TLDs yet contained no TLDs. Enable debug logging for this logger for a complete list of JARs that were scanned but no TLDs were found in them. Skipping unneeded JARs during scanning can improve startup time and JSP compilation time.
29-Mar-2020 20:04:36.861 INFO [main] org.apache.catalina.startup.HostConfig.deployDirectory Deployment of web application directory [/home/hj/Desktop/workspace/NICER-master/apache-tomcat-9.0.17/webapps/docs] has finished in [805] ms
29-Mar-2020 20:04:36.861 INFO [main] org.apache.catalina.startup.HostConfig.deployDirectory Deploying web application directory [/home/hj/Desktop/workspace/NICER-master/apache-tomcat-9.0.17/webapps/host-manager]
29-Mar-2020 20:04:37.471 INFO [main] org.apache.jasper.servlet.TldScanner.scanJars At least one JAR was scanned for TLDs yet contained no TLDs. Enable debug logging for this logger for a complete list of JARs that were scanned but no TLDs were found in them. Skipping unneeded JARs during scanning can improve startup time and JSP compilation time.
29-Mar-2020 20:04:37.473 INFO [main] org.apache.catalina.startup.HostConfig.deployDirectory Deployment of web application directory [/home/hj/Desktop/workspace/NICER-master/apache-tomcat-9.0.17/webapps/host-manager] has finished in [612] ms
29-Mar-2020 20:04:37.476 INFO [main] org.apache.coyote.AbstractProtocol.start Starting ProtocolHandler ["http-nio-80"]
29-Mar-2020 20:04:37.489 INFO [main] org.apache.coyote.AbstractProtocol.start Starting ProtocolHandler ["ajp-nio-8009"]
29-Mar-2020 20:04:37.509 INFO [main] org.apache.catalina.startup.Catalina.start Server startup in [5,192] milliseconds
29-Mar-2020 20:05:39.950 INFO [main] org.apache.catalina.core.StandardServer.await A valid shutdown command was received via the shutdown port. Stopping the Server instance.
29-Mar-2020 20:05:39.951 INFO [main] org.apache.coyote.AbstractProtocol.pause Pausing ProtocolHandler ["http-nio-80"]
29-Mar-2020 20:05:39.958 INFO [main] org.apache.coyote.AbstractProtocol.pause Pausing ProtocolHandler ["ajp-nio-8009"]
29-Mar-2020 20:05:39.964 INFO [main] org.apache.catalina.core.StandardService.stopInternal Stopping service [Catalina]
29-Mar-2020 20:05:39.982 INFO [main] org.apache.coyote.AbstractProtocol.stop Stopping ProtocolHandler ["http-nio-80"]
29-Mar-2020 20:05:39.985 INFO [main] org.apache.coyote.AbstractProtocol.stop Stopping ProtocolHandler ["ajp-nio-8009"]
29-Mar-2020 20:05:39.987 INFO [main] org.apache.coyote.AbstractProtocol.destroy Destroying ProtocolHandler ["http-nio-80"]
29-Mar-2020 20:05:39.988 INFO [main] org.apache.coyote.AbstractProtocol.destroy Destroying ProtocolHandler ["ajp-nio-8009"]
29-Mar-2020 20:05:46.937 INFO [main] org.apache.catalina.startup.VersionLoggerListener.log Server version name:   Apache Tomcat/9.0.17
29-Mar-2020 20:05:46.938 INFO [main] org.apache.catalina.startup.VersionLoggerListener.log Server built:          Mar 13 2019 15:55:27 UTC
29-Mar-2020 20:05:46.938 INFO [main] org.apache.catalina.startup.VersionLoggerListener.log Server version number: 9.0.17.0
29-Mar-2020 20:05:46.938 INFO [main] org.apache.catalina.startup.VersionLoggerListener.log OS Name:               Linux
29-Mar-2020 20:05:46.938 INFO [main] org.apache.catalina.startup.VersionLoggerListener.log OS Version:            4.15.0-88-generic
29-Mar-2020 20:05:46.939 INFO [main] org.apache.catalina.startup.VersionLoggerListener.log Architecture:          amd64
29-Mar-2020 20:05:46.939 INFO [main] org.apache.catalina.startup.VersionLoggerListener.log Java Home:             /usr/lib/jvm/java-8-openjdk-amd64/jre
29-Mar-2020 20:05:46.939 INFO [main] org.apache.catalina.startup.VersionLoggerListener.log JVM Version:           1.8.0_242-8u242-b08-0ubuntu3~16.04-b08
29-Mar-2020 20:05:46.939 INFO [main] org.apache.catalina.startup.VersionLoggerListener.log JVM Vendor:            Private Build
29-Mar-2020 20:05:46.939 INFO [main] org.apache.catalina.startup.VersionLoggerListener.log CATALINA_BASE:         /home/hj/Desktop/workspace/NICER-master/apache-tomcat-9.0.17
29-Mar-2020 20:05:46.939 INFO [main] org.apache.catalina.startup.VersionLoggerListener.log CATALINA_HOME:         /home/hj/Desktop/workspace/NICER-master/apache-tomcat-9.0.17
29-Mar-2020 20:05:46.939 INFO [main] org.apache.catalina.startup.VersionLoggerListener.log Command line argument: -Djava.util.logging.config.file=/home/hj/Desktop/workspace/NICER-master/apache-tomcat-9.0.17/conf/logging.properties
29-Mar-2020 20:05:46.939 INFO [main] org.apache.catalina.startup.VersionLoggerListener.log Command line argument: -Djava.util.logging.manager=org.apache.juli.ClassLoaderLogManager
29-Mar-2020 20:05:46.939 INFO [main] org.apache.catalina.startup.VersionLoggerListener.log Command line argument: -Djdk.tls.ephemeralDHKeySize=2048
29-Mar-2020 20:05:46.939 INFO [main] org.apache.catalina.startup.VersionLoggerListener.log Command line argument: -Djava.protocol.handler.pkgs=org.apache.catalina.webresources
29-Mar-2020 20:05:46.939 INFO [main] org.apache.catalina.startup.VersionLoggerListener.log Command line argument: -Dorg.apache.catalina.security.SecurityListener.UMASK=0027
29-Mar-2020 20:05:46.939 INFO [main] org.apache.catalina.startup.VersionLoggerListener.log Command line argument: -Dignore.endorsed.dirs=
29-Mar-2020 20:05:46.940 INFO [main] org.apache.catalina.startup.VersionLoggerListener.log Command line argument: -Dcatalina.base=/home/hj/Desktop/workspace/NICER-master/apache-tomcat-9.0.17
29-Mar-2020 20:05:46.940 INFO [main] org.apache.catalina.startup.VersionLoggerListener.log Command line argument: -Dcatalina.home=/home/hj/Desktop/workspace/NICER-master/apache-tomcat-9.0.17
29-Mar-2020 20:05:46.940 INFO [main] org.apache.catalina.startup.VersionLoggerListener.log Command line argument: -Djava.io.tmpdir=/home/hj/Desktop/workspace/NICER-master/apache-tomcat-9.0.17/temp
29-Mar-2020 20:05:46.940 INFO [main] org.apache.catalina.core.AprLifecycleListener.lifecycleEvent The APR based Apache Tomcat Native library which allows optimal performance in production environments was not found on the java.library.path: [/usr/java/packages/lib/amd64:/usr/lib/x86_64-linux-gnu/jni:/lib/x86_64-linux-gnu:/usr/lib/x86_64-linux-gnu:/usr/lib/jni:/lib:/usr/lib]
29-Mar-2020 20:05:47.022 INFO [main] org.apache.coyote.AbstractProtocol.init Initializing ProtocolHandler ["http-nio-80"]
29-Mar-2020 20:05:47.039 INFO [main] org.apache.coyote.AbstractProtocol.init Initializing ProtocolHandler ["ajp-nio-8009"]
29-Mar-2020 20:05:47.041 INFO [main] org.apache.catalina.startup.Catalina.load Server initialization in [372] milliseconds
29-Mar-2020 20:05:47.060 INFO [main] org.apache.catalina.core.StandardService.startInternal Starting service [Catalina]
29-Mar-2020 20:05:47.061 INFO [main] org.apache.catalina.core.StandardEngine.startInternal Starting Servlet engine: [Apache Tomcat/9.0.17]
29-Mar-2020 20:05:47.076 INFO [main] org.apache.catalina.startup.HostConfig.deployWAR Deploying web application archive [/home/hj/Desktop/workspace/NICER-master/apache-tomcat-9.0.17/webapps/ROOT.war]
29-Mar-2020 20:05:48.397 INFO [main] org.apache.jasper.servlet.TldScanner.scanJars At least one JAR was scanned for TLDs yet contained no TLDs. Enable debug logging for this logger for a complete list of JARs that were scanned but no TLDs were found in them. Skipping unneeded JARs during scanning can improve startup time and JSP compilation time.
29-Mar-2020 20:05:48.440 INFO [main] org.apache.catalina.startup.HostConfig.deployWAR Deployment of web application archive [/home/hj/Desktop/workspace/NICER-master/apache-tomcat-9.0.17/webapps/ROOT.war] has finished in [1,364] ms
29-Mar-2020 20:05:48.441 INFO [main] org.apache.catalina.startup.HostConfig.deployDirectory Deploying web application directory [/home/hj/Desktop/workspace/NICER-master/apache-tomcat-9.0.17/webapps/examples]
29-Mar-2020 20:05:49.515 INFO [main] org.apache.jasper.servlet.TldScanner.scanJars At least one JAR was scanned for TLDs yet contained no TLDs. Enable debug logging for this logger for a complete list of JARs that were scanned but no TLDs were found in them. Skipping unneeded JARs during scanning can improve startup time and JSP compilation time.
29-Mar-2020 20:05:49.539 INFO [main] org.apache.catalina.startup.HostConfig.deployDirectory Deployment of web application directory [/home/hj/Desktop/workspace/NICER-master/apache-tomcat-9.0.17/webapps/examples] has finished in [1,098] ms
29-Mar-2020 20:05:49.539 INFO [main] org.apache.catalina.startup.HostConfig.deployDirectory Deploying web application directory [/home/hj/Desktop/workspace/NICER-master/apache-tomcat-9.0.17/webapps/manager]
29-Mar-2020 20:05:50.461 INFO [main] org.apache.jasper.servlet.TldScanner.scanJars At least one JAR was scanned for TLDs yet contained no TLDs. Enable debug logging for this logger for a complete list of JARs that were scanned but no TLDs were found in them. Skipping unneeded JARs during scanning can improve startup time and JSP compilation time.
29-Mar-2020 20:05:50.464 INFO [main] org.apache.catalina.startup.HostConfig.deployDirectory Deployment of web application directory [/home/hj/Desktop/workspace/NICER-master/apache-tomcat-9.0.17/webapps/manager] has finished in [925] ms
29-Mar-2020 20:05:50.464 INFO [main] org.apache.catalina.startup.HostConfig.deployDirectory Deploying web application directory [/home/hj/Desktop/workspace/NICER-master/apache-tomcat-9.0.17/webapps/docs]
29-Mar-2020 20:05:51.486 INFO [main] org.apache.jasper.servlet.TldScanner.scanJars At least one JAR was scanned for TLDs yet contained no TLDs. Enable debug logging for this logger for a complete list of JARs that were scanned but no TLDs were found in them. Skipping unneeded JARs during scanning can improve startup time and JSP compilation time.
29-Mar-2020 20:05:51.488 INFO [main] org.apache.catalina.startup.HostConfig.deployDirectory Deployment of web application directory [/home/hj/Desktop/workspace/NICER-master/apache-tomcat-9.0.17/webapps/docs] has finished in [1,024] ms
29-Mar-2020 20:05:51.488 INFO [main] org.apache.catalina.startup.HostConfig.deployDirectory Deploying web application directory [/home/hj/Desktop/workspace/NICER-master/apache-tomcat-9.0.17/webapps/host-manager]
29-Mar-2020 20:05:52.371 INFO [main] org.apache.jasper.servlet.TldScanner.scanJars At least one JAR was scanned for TLDs yet contained no TLDs. Enable debug logging for this logger for a complete list of JARs that were scanned but no TLDs were found in them. Skipping unneeded JARs during scanning can improve startup time and JSP compilation time.
29-Mar-2020 20:05:52.374 INFO [main] org.apache.catalina.startup.HostConfig.deployDirectory Deployment of web application directory [/home/hj/Desktop/workspace/NICER-master/apache-tomcat-9.0.17/webapps/host-manager] has finished in [885] ms
29-Mar-2020 20:05:52.386 INFO [main] org.apache.coyote.AbstractProtocol.start Starting ProtocolHandler ["http-nio-80"]
29-Mar-2020 20:05:52.430 INFO [main] org.apache.coyote.AbstractProtocol.start Starting ProtocolHandler ["ajp-nio-8009"]
29-Mar-2020 20:05:52.447 INFO [main] org.apache.catalina.startup.Catalina.start Server startup in [5,405] milliseconds
29-Mar-2020 20:08:26.674 INFO [main] org.apache.catalina.core.StandardServer.await A valid shutdown command was received via the shutdown port. Stopping the Server instance.
29-Mar-2020 20:08:26.675 INFO [main] org.apache.coyote.AbstractProtocol.pause Pausing ProtocolHandler ["http-nio-80"]
29-Mar-2020 20:08:26.682 INFO [main] org.apache.coyote.AbstractProtocol.pause Pausing ProtocolHandler ["ajp-nio-8009"]
29-Mar-2020 20:08:26.688 INFO [main] org.apache.catalina.core.StandardService.stopInternal Stopping service [Catalina]
29-Mar-2020 20:08:26.707 INFO [main] org.apache.coyote.AbstractProtocol.stop Stopping ProtocolHandler ["http-nio-80"]
29-Mar-2020 20:08:26.710 INFO [main] org.apache.coyote.AbstractProtocol.stop Stopping ProtocolHandler ["ajp-nio-8009"]
29-Mar-2020 20:08:26.712 INFO [main] org.apache.coyote.AbstractProtocol.destroy Destroying ProtocolHandler ["http-nio-80"]
29-Mar-2020 20:08:26.712 INFO [main] org.apache.coyote.AbstractProtocol.destroy Destroying ProtocolHandler ["ajp-nio-8009"]
29-Mar-2020 20:34:02.130 INFO [main] org.apache.catalina.startup.VersionLoggerListener.log Server version name:   Apache Tomcat/9.0.17
29-Mar-2020 20:34:02.131 INFO [main] org.apache.catalina.startup.VersionLoggerListener.log Server built:          Mar 13 2019 15:55:27 UTC
29-Mar-2020 20:34:02.131 INFO [main] org.apache.catalina.startup.VersionLoggerListener.log Server version number: 9.0.17.0
29-Mar-2020 20:34:02.131 INFO [main] org.apache.catalina.startup.VersionLoggerListener.log OS Name:               Linux
29-Mar-2020 20:34:02.131 INFO [main] org.apache.catalina.startup.VersionLoggerListener.log OS Version:            4.15.0-88-generic
29-Mar-2020 20:34:02.132 INFO [main] org.apache.catalina.startup.VersionLoggerListener.log Architecture:          amd64
29-Mar-2020 20:34:02.132 INFO [main] org.apache.catalina.startup.VersionLoggerListener.log Java Home:             /usr/lib/jvm/java-8-openjdk-amd64/jre
29-Mar-2020 20:34:02.132 INFO [main] org.apache.catalina.startup.VersionLoggerListener.log JVM Version:           1.8.0_242-8u242-b08-0ubuntu3~16.04-b08
29-Mar-2020 20:34:02.132 INFO [main] org.apache.catalina.startup.VersionLoggerListener.log JVM Vendor:            Private Build
29-Mar-2020 20:34:02.132 INFO [main] org.apache.catalina.startup.VersionLoggerListener.log CATALINA_BASE:         /home/hj/Desktop/workspace/NICER-master/apache-tomcat-9.0.17
29-Mar-2020 20:34:02.132 INFO [main] org.apache.catalina.startup.VersionLoggerListener.log CATALINA_HOME:         /home/hj/Desktop/workspace/NICER-master/apache-tomcat-9.0.17
29-Mar-2020 20:34:02.132 INFO [main] org.apache.catalina.startup.VersionLoggerListener.log Command line argument: -Djava.util.logging.config.file=/home/hj/Desktop/workspace/NICER-master/apache-tomcat-9.0.17/conf/logging.properties
29-Mar-2020 20:34:02.132 INFO [main] org.apache.catalina.startup.VersionLoggerListener.log Command line argument: -Djava.util.logging.manager=org.apache.juli.ClassLoaderLogManager
29-Mar-2020 20:34:02.132 INFO [main] org.apache.catalina.startup.VersionLoggerListener.log Command line argument: -Djdk.tls.ephemeralDHKeySize=2048
29-Mar-2020 20:34:02.132 INFO [main] org.apache.catalina.startup.VersionLoggerListener.log Command line argument: -Djava.protocol.handler.pkgs=org.apache.catalina.webresources
29-Mar-2020 20:34:02.132 INFO [main] org.apache.catalina.startup.VersionLoggerListener.log Command line argument: -Dorg.apache.catalina.security.SecurityListener.UMASK=0027
29-Mar-2020 20:34:02.132 INFO [main] org.apache.catalina.startup.VersionLoggerListener.log Command line argument: -Dignore.endorsed.dirs=
29-Mar-2020 20:34:02.133 INFO [main] org.apache.catalina.startup.VersionLoggerListener.log Command line argument: -Dcatalina.base=/home/hj/Desktop/workspace/NICER-master/apache-tomcat-9.0.17
29-Mar-2020 20:34:02.133 INFO [main] org.apache.catalina.startup.VersionLoggerListener.log Command line argument: -Dcatalina.home=/home/hj/Desktop/workspace/NICER-master/apache-tomcat-9.0.17
29-Mar-2020 20:34:02.133 INFO [main] org.apache.catalina.startup.VersionLoggerListener.log Command line argument: -Djava.io.tmpdir=/home/hj/Desktop/workspace/NICER-master/apache-tomcat-9.0.17/temp
29-Mar-2020 20:34:02.133 INFO [main] org.apache.catalina.core.AprLifecycleListener.lifecycleEvent The APR based Apache Tomcat Native library which allows optimal performance in production environments was not found on the java.library.path: [/usr/java/packages/lib/amd64:/usr/lib/x86_64-linux-gnu/jni:/lib/x86_64-linux-gnu:/usr/lib/x86_64-linux-gnu:/usr/lib/jni:/lib:/usr/lib]
29-Mar-2020 20:34:02.209 INFO [main] org.apache.coyote.AbstractProtocol.init Initializing ProtocolHandler ["http-nio-80"]
29-Mar-2020 20:34:02.224 INFO [main] org.apache.coyote.AbstractProtocol.init Initializing ProtocolHandler ["ajp-nio-8009"]
29-Mar-2020 20:34:02.227 INFO [main] org.apache.catalina.startup.Catalina.load Server initialization in [359] milliseconds
29-Mar-2020 20:34:02.244 INFO [main] org.apache.catalina.core.StandardService.startInternal Starting service [Catalina]
29-Mar-2020 20:34:02.244 INFO [main] org.apache.catalina.core.StandardEngine.startInternal Starting Servlet engine: [Apache Tomcat/9.0.17]
29-Mar-2020 20:34:02.258 INFO [main] org.apache.catalina.startup.HostConfig.deployWAR Deploying web application archive [/home/hj/Desktop/workspace/NICER-master/apache-tomcat-9.0.17/webapps/ROOT.war]
29-Mar-2020 20:34:03.704 INFO [main] org.apache.jasper.servlet.TldScanner.scanJars At least one JAR was scanned for TLDs yet contained no TLDs. Enable debug logging for this logger for a complete list of JARs that were scanned but no TLDs were found in them. Skipping unneeded JARs during scanning can improve startup time and JSP compilation time.
29-Mar-2020 20:34:03.745 INFO [main] org.apache.catalina.startup.HostConfig.deployWAR Deployment of web application archive [/home/hj/Desktop/workspace/NICER-master/apache-tomcat-9.0.17/webapps/ROOT.war] has finished in [1,487] ms
29-Mar-2020 20:34:03.746 INFO [main] org.apache.catalina.startup.HostConfig.deployDirectory Deploying web application directory [/home/hj/Desktop/workspace/NICER-master/apache-tomcat-9.0.17/webapps/examples]
29-Mar-2020 20:34:04.921 INFO [main] org.apache.jasper.servlet.TldScanner.scanJars At least one JAR was scanned for TLDs yet contained no TLDs. Enable debug logging for this logger for a complete list of JARs that were scanned but no TLDs were found in them. Skipping unneeded JARs during scanning can improve startup time and JSP compilation time.
29-Mar-2020 20:34:04.946 INFO [main] org.apache.catalina.startup.HostConfig.deployDirectory Deployment of web application directory [/home/hj/Desktop/workspace/NICER-master/apache-tomcat-9.0.17/webapps/examples] has finished in [1,201] ms
29-Mar-2020 20:34:04.946 INFO [main] org.apache.catalina.startup.HostConfig.deployDirectory Deploying web application directory [/home/hj/Desktop/workspace/NICER-master/apache-tomcat-9.0.17/webapps/manager]
29-Mar-2020 20:34:05.972 INFO [main] org.apache.jasper.servlet.TldScanner.scanJars At least one JAR was scanned for TLDs yet contained no TLDs. Enable debug logging for this logger for a complete list of JARs that were scanned but no TLDs were found in them. Skipping unneeded JARs during scanning can improve startup time and JSP compilation time.
29-Mar-2020 20:34:05.975 INFO [main] org.apache.catalina.startup.HostConfig.deployDirectory Deployment of web application directory [/home/hj/Desktop/workspace/NICER-master/apache-tomcat-9.0.17/webapps/manager] has finished in [1,029] ms
29-Mar-2020 20:34:05.975 INFO [main] org.apache.catalina.startup.HostConfig.deployDirectory Deploying web application directory [/home/hj/Desktop/workspace/NICER-master/apache-tomcat-9.0.17/webapps/docs]
29-Mar-2020 20:34:06.884 INFO [main] org.apache.jasper.servlet.TldScanner.scanJars At least one JAR was scanned for TLDs yet contained no TLDs. Enable debug logging for this logger for a complete list of JARs that were scanned but no TLDs were found in them. Skipping unneeded JARs during scanning can improve startup time and JSP compilation time.
29-Mar-2020 20:34:06.887 INFO [main] org.apache.catalina.startup.HostConfig.deployDirectory Deployment of web application directory [/home/hj/Desktop/workspace/NICER-master/apache-tomcat-9.0.17/webapps/docs] has finished in [911] ms
29-Mar-2020 20:34:06.887 INFO [main] org.apache.catalina.startup.HostConfig.deployDirectory Deploying web application directory [/home/hj/Desktop/workspace/NICER-master/apache-tomcat-9.0.17/webapps/host-manager]
29-Mar-2020 20:34:07.562 INFO [main] org.apache.jasper.servlet.TldScanner.scanJars At least one JAR was scanned for TLDs yet contained no TLDs. Enable debug logging for this logger for a complete list of JARs that were scanned but no TLDs were found in them. Skipping unneeded JARs during scanning can improve startup time and JSP compilation time.
29-Mar-2020 20:34:07.564 INFO [main] org.apache.catalina.startup.HostConfig.deployDirectory Deployment of web application directory [/home/hj/Desktop/workspace/NICER-master/apache-tomcat-9.0.17/webapps/host-manager] has finished in [677] ms
29-Mar-2020 20:34:07.570 INFO [main] org.apache.coyote.AbstractProtocol.start Starting ProtocolHandler ["http-nio-80"]
29-Mar-2020 20:34:07.578 INFO [main] org.apache.coyote.AbstractProtocol.start Starting ProtocolHandler ["ajp-nio-8009"]
29-Mar-2020 20:34:07.596 INFO [main] org.apache.catalina.startup.Catalina.start Server startup in [5,368] milliseconds
29-Mar-2020 20:34:38.088 INFO [Catalina-utility-2] org.apache.catalina.startup.HostConfig.undeploy Undeploying context []
29-Mar-2020 20:34:48.136 INFO [Catalina-utility-1] org.apache.catalina.startup.HostConfig.deployWAR Deploying web application archive [/home/hj/Desktop/workspace/NICER-master/apache-tomcat-9.0.17/webapps/ROOT.war]
29-Mar-2020 20:34:48.879 INFO [Catalina-utility-1] org.apache.jasper.servlet.TldScanner.scanJars At least one JAR was scanned for TLDs yet contained no TLDs. Enable debug logging for this logger for a complete list of JARs that were scanned but no TLDs were found in them. Skipping unneeded JARs during scanning can improve startup time and JSP compilation time.
29-Mar-2020 20:34:48.881 INFO [Catalina-utility-1] org.apache.catalina.startup.HostConfig.deployWAR Deployment of web application archive [/home/hj/Desktop/workspace/NICER-master/apache-tomcat-9.0.17/webapps/ROOT.war] has finished in [745] ms
29-Mar-2020 21:20:12.370 INFO [Catalina-utility-1] org.apache.catalina.startup.HostConfig.undeploy Undeploying context []
29-Mar-2020 21:20:12.403 INFO [Catalina-utility-1] org.apache.catalina.startup.HostConfig.deployWAR Deploying web application archive [/home/hj/Desktop/workspace/NICER-master/apache-tomcat-9.0.17/webapps/ROOT.war]
29-Mar-2020 21:20:13.087 INFO [Catalina-utility-1] org.apache.jasper.servlet.TldScanner.scanJars At least one JAR was scanned for TLDs yet contained no TLDs. Enable debug logging for this logger for a complete list of JARs that were scanned but no TLDs were found in them. Skipping unneeded JARs during scanning can improve startup time and JSP compilation time.
29-Mar-2020 21:20:13.088 INFO [Catalina-utility-1] org.apache.catalina.startup.HostConfig.deployWAR Deployment of web application archive [/home/hj/Desktop/workspace/NICER-master/apache-tomcat-9.0.17/webapps/ROOT.war] has finished in [685] ms
29-Mar-2020 21:33:48.207 SEVERE [ajp-nio-8009-exec-14] org.apache.coyote.ajp.AjpMessage.processHeader Invalid message received with signature [18245]
29-Mar-2020 21:33:48.208 SEVERE [ajp-nio-8009-exec-15] org.apache.coyote.ajp.AjpMessage.processHeader Invalid message received with signature [18245]
29-Mar-2020 21:33:48.210 SEVERE [ajp-nio-8009-exec-16] org.apache.coyote.ajp.AjpMessage.processHeader Invalid message received with signature [18245]
29-Mar-2020 21:34:08.976 INFO [main] org.apache.catalina.core.StandardServer.await A valid shutdown command was received via the shutdown port. Stopping the Server instance.
29-Mar-2020 21:34:08.976 INFO [main] org.apache.coyote.AbstractProtocol.pause Pausing ProtocolHandler ["http-nio-80"]
29-Mar-2020 21:34:08.983 INFO [main] org.apache.coyote.AbstractProtocol.pause Pausing ProtocolHandler ["ajp-nio-8009"]
29-Mar-2020 21:34:08.989 INFO [main] org.apache.catalina.core.StandardService.stopInternal Stopping service [Catalina]
29-Mar-2020 21:34:09.001 INFO [main] org.apache.coyote.AbstractProtocol.stop Stopping ProtocolHandler ["http-nio-80"]
29-Mar-2020 21:34:09.002 INFO [main] org.apache.coyote.AbstractProtocol.stop Stopping ProtocolHandler ["ajp-nio-8009"]
29-Mar-2020 21:34:09.004 INFO [main] org.apache.coyote.AbstractProtocol.destroy Destroying ProtocolHandler ["http-nio-80"]
29-Mar-2020 21:34:09.004 INFO [main] org.apache.coyote.AbstractProtocol.destroy Destroying ProtocolHandler ["ajp-nio-8009"]
29-Mar-2020 21:34:14.568 INFO [main] org.apache.catalina.startup.VersionLoggerListener.log Server version name:   Apache Tomcat/9.0.17
29-Mar-2020 21:34:14.570 INFO [main] org.apache.catalina.startup.VersionLoggerListener.log Server built:          Mar 13 2019 15:55:27 UTC
29-Mar-2020 21:34:14.570 INFO [main] org.apache.catalina.startup.VersionLoggerListener.log Server version number: 9.0.17.0
29-Mar-2020 21:34:14.570 INFO [main] org.apache.catalina.startup.VersionLoggerListener.log OS Name:               Linux
29-Mar-2020 21:34:14.570 INFO [main] org.apache.catalina.startup.VersionLoggerListener.log OS Version:            4.15.0-88-generic
29-Mar-2020 21:34:14.570 INFO [main] org.apache.catalina.startup.VersionLoggerListener.log Architecture:          amd64
29-Mar-2020 21:34:14.570 INFO [main] org.apache.catalina.startup.VersionLoggerListener.log Java Home:             /usr/lib/jvm/java-8-openjdk-amd64/jre
29-Mar-2020 21:34:14.570 INFO [main] org.apache.catalina.startup.VersionLoggerListener.log JVM Version:           1.8.0_242-8u242-b08-0ubuntu3~16.04-b08
29-Mar-2020 21:34:14.571 INFO [main] org.apache.catalina.startup.VersionLoggerListener.log JVM Vendor:            Private Build
29-Mar-2020 21:34:14.571 INFO [main] org.apache.catalina.startup.VersionLoggerListener.log CATALINA_BASE:         /home/hj/Desktop/workspace/NICER-master/apache-tomcat-9.0.17
29-Mar-2020 21:34:14.571 INFO [main] org.apache.catalina.startup.VersionLoggerListener.log CATALINA_HOME:         /home/hj/Desktop/workspace/NICER-master/apache-tomcat-9.0.17
29-Mar-2020 21:34:14.571 INFO [main] org.apache.catalina.startup.VersionLoggerListener.log Command line argument: -Djava.util.logging.config.file=/home/hj/Desktop/workspace/NICER-master/apache-tomcat-9.0.17/conf/logging.properties
29-Mar-2020 21:34:14.571 INFO [main] org.apache.catalina.startup.VersionLoggerListener.log Command line argument: -Djava.util.logging.manager=org.apache.juli.ClassLoaderLogManager
29-Mar-2020 21:34:14.571 INFO [main] org.apache.catalina.startup.VersionLoggerListener.log Command line argument: -Djdk.tls.ephemeralDHKeySize=2048
29-Mar-2020 21:34:14.571 INFO [main] org.apache.catalina.startup.VersionLoggerListener.log Command line argument: -Djava.protocol.handler.pkgs=org.apache.catalina.webresources
29-Mar-2020 21:34:14.571 INFO [main] org.apache.catalina.startup.VersionLoggerListener.log Command line argument: -Dorg.apache.catalina.security.SecurityListener.UMASK=0027
29-Mar-2020 21:34:14.572 INFO [main] org.apache.catalina.startup.VersionLoggerListener.log Command line argument: -Dignore.endorsed.dirs=
29-Mar-2020 21:34:14.572 INFO [main] org.apache.catalina.startup.VersionLoggerListener.log Command line argument: -Dcatalina.base=/home/hj/Desktop/workspace/NICER-master/apache-tomcat-9.0.17
29-Mar-2020 21:34:14.572 INFO [main] org.apache.catalina.startup.VersionLoggerListener.log Command line argument: -Dcatalina.home=/home/hj/Desktop/workspace/NICER-master/apache-tomcat-9.0.17
29-Mar-2020 21:34:14.572 INFO [main] org.apache.catalina.startup.VersionLoggerListener.log Command line argument: -Djava.io.tmpdir=/home/hj/Desktop/workspace/NICER-master/apache-tomcat-9.0.17/temp
29-Mar-2020 21:34:14.572 INFO [main] org.apache.catalina.core.AprLifecycleListener.lifecycleEvent The APR based Apache Tomcat Native library which allows optimal performance in production environments was not found on the java.library.path: [/usr/java/packages/lib/amd64:/usr/lib/x86_64-linux-gnu/jni:/lib/x86_64-linux-gnu:/usr/lib/x86_64-linux-gnu:/usr/lib/jni:/lib:/usr/lib]
29-Mar-2020 21:34:14.722 INFO [main] org.apache.coyote.AbstractProtocol.init Initializing ProtocolHandler ["http-nio-80"]
29-Mar-2020 21:34:14.737 INFO [main] org.apache.coyote.AbstractProtocol.init Initializing ProtocolHandler ["ajp-nio-8009"]
29-Mar-2020 21:34:14.740 INFO [main] org.apache.catalina.startup.Catalina.load Server initialization in [427] milliseconds
29-Mar-2020 21:34:14.757 INFO [main] org.apache.catalina.core.StandardService.startInternal Starting service [Catalina]
29-Mar-2020 21:34:14.757 INFO [main] org.apache.catalina.core.StandardEngine.startInternal Starting Servlet engine: [Apache Tomcat/9.0.17]
29-Mar-2020 21:34:14.771 INFO [main] org.apache.catalina.startup.HostConfig.deployWAR Deploying web application archive [/home/hj/Desktop/workspace/NICER-master/apache-tomcat-9.0.17/webapps/ROOT.war]
29-Mar-2020 21:34:16.164 INFO [main] org.apache.jasper.servlet.TldScanner.scanJars At least one JAR was scanned for TLDs yet contained no TLDs. Enable debug logging for this logger for a complete list of JARs that were scanned but no TLDs were found in them. Skipping unneeded JARs during scanning can improve startup time and JSP compilation time.
29-Mar-2020 21:34:16.198 INFO [main] org.apache.catalina.startup.HostConfig.deployWAR Deployment of web application archive [/home/hj/Desktop/workspace/NICER-master/apache-tomcat-9.0.17/webapps/ROOT.war] has finished in [1,426] ms
29-Mar-2020 21:34:16.198 INFO [main] org.apache.catalina.startup.HostConfig.deployDirectory Deploying web application directory [/home/hj/Desktop/workspace/NICER-master/apache-tomcat-9.0.17/webapps/examples]
29-Mar-2020 21:34:17.447 INFO [main] org.apache.jasper.servlet.TldScanner.scanJars At least one JAR was scanned for TLDs yet contained no TLDs. Enable debug logging for this logger for a complete list of JARs that were scanned but no TLDs were found in them. Skipping unneeded JARs during scanning can improve startup time and JSP compilation time.
29-Mar-2020 21:34:17.476 INFO [main] org.apache.catalina.startup.HostConfig.deployDirectory Deployment of web application directory [/home/hj/Desktop/workspace/NICER-master/apache-tomcat-9.0.17/webapps/examples] has finished in [1,277] ms
29-Mar-2020 21:34:17.476 INFO [main] org.apache.catalina.startup.HostConfig.deployDirectory Deploying web application directory [/home/hj/Desktop/workspace/NICER-master/apache-tomcat-9.0.17/webapps/manager]
29-Mar-2020 21:34:18.401 INFO [main] org.apache.jasper.servlet.TldScanner.scanJars At least one JAR was scanned for TLDs yet contained no TLDs. Enable debug logging for this logger for a complete list of JARs that were scanned but no TLDs were found in them. Skipping unneeded JARs during scanning can improve startup time and JSP compilation time.
29-Mar-2020 21:34:18.406 INFO [main] org.apache.catalina.startup.HostConfig.deployDirectory Deployment of web application directory [/home/hj/Desktop/workspace/NICER-master/apache-tomcat-9.0.17/webapps/manager] has finished in [929] ms
29-Mar-2020 21:34:18.406 INFO [main] org.apache.catalina.startup.HostConfig.deployDirectory Deploying web application directory [/home/hj/Desktop/workspace/NICER-master/apache-tomcat-9.0.17/webapps/docs]
29-Mar-2020 21:34:19.309 INFO [main] org.apache.jasper.servlet.TldScanner.scanJars At least one JAR was scanned for TLDs yet contained no TLDs. Enable debug logging for this logger for a complete list of JARs that were scanned but no TLDs were found in them. Skipping unneeded JARs during scanning can improve startup time and JSP compilation time.
29-Mar-2020 21:34:19.310 INFO [main] org.apache.catalina.startup.HostConfig.deployDirectory Deployment of web application directory [/home/hj/Desktop/workspace/NICER-master/apache-tomcat-9.0.17/webapps/docs] has finished in [904] ms
29-Mar-2020 21:34:19.311 INFO [main] org.apache.catalina.startup.HostConfig.deployDirectory Deploying web application directory [/home/hj/Desktop/workspace/NICER-master/apache-tomcat-9.0.17/webapps/host-manager]
29-Mar-2020 21:34:19.964 INFO [main] org.apache.jasper.servlet.TldScanner.scanJars At least one JAR was scanned for TLDs yet contained no TLDs. Enable debug logging for this logger for a complete list of JARs that were scanned but no TLDs were found in them. Skipping unneeded JARs during scanning can improve startup time and JSP compilation time.
29-Mar-2020 21:34:19.966 INFO [main] org.apache.catalina.startup.HostConfig.deployDirectory Deployment of web application directory [/home/hj/Desktop/workspace/NICER-master/apache-tomcat-9.0.17/webapps/host-manager] has finished in [655] ms
29-Mar-2020 21:34:19.970 INFO [main] org.apache.coyote.AbstractProtocol.start Starting ProtocolHandler ["http-nio-80"]
29-Mar-2020 21:34:19.980 INFO [main] org.apache.coyote.AbstractProtocol.start Starting ProtocolHandler ["ajp-nio-8009"]
29-Mar-2020 21:34:19.996 INFO [main] org.apache.catalina.startup.Catalina.start Server startup in [5,255] milliseconds
29-Mar-2020 21:34:20.017 SEVERE [ajp-nio-8009-exec-1] org.apache.coyote.ajp.AjpMessage.processHeader Invalid message received with signature [18245]
29-Mar-2020 21:42:13.595 INFO [main] org.apache.catalina.core.StandardServer.await A valid shutdown command was received via the shutdown port. Stopping the Server instance.
29-Mar-2020 21:42:13.596 INFO [main] org.apache.coyote.AbstractProtocol.pause Pausing ProtocolHandler ["http-nio-80"]
29-Mar-2020 21:42:13.603 INFO [main] org.apache.coyote.AbstractProtocol.pause Pausing ProtocolHandler ["ajp-nio-8009"]
29-Mar-2020 21:42:13.609 INFO [main] org.apache.catalina.core.StandardService.stopInternal Stopping service [Catalina]
29-Mar-2020 21:42:13.627 INFO [main] org.apache.coyote.AbstractProtocol.stop Stopping ProtocolHandler ["http-nio-80"]
29-Mar-2020 21:42:13.630 INFO [main] org.apache.coyote.AbstractProtocol.stop Stopping ProtocolHandler ["ajp-nio-8009"]
29-Mar-2020 21:42:13.631 INFO [main] org.apache.coyote.AbstractProtocol.destroy Destroying ProtocolHandler ["http-nio-80"]
29-Mar-2020 21:42:13.632 INFO [main] org.apache.coyote.AbstractProtocol.destroy Destroying ProtocolHandler ["ajp-nio-8009"]
29-Mar-2020 21:42:20.481 INFO [main] org.apache.catalina.startup.VersionLoggerListener.log Server version name:   Apache Tomcat/9.0.17
29-Mar-2020 21:42:20.482 INFO [main] org.apache.catalina.startup.VersionLoggerListener.log Server built:          Mar 13 2019 15:55:27 UTC
29-Mar-2020 21:42:20.482 INFO [main] org.apache.catalina.startup.VersionLoggerListener.log Server version number: 9.0.17.0
29-Mar-2020 21:42:20.482 INFO [main] org.apache.catalina.startup.VersionLoggerListener.log OS Name:               Linux
29-Mar-2020 21:42:20.482 INFO [main] org.apache.catalina.startup.VersionLoggerListener.log OS Version:            4.15.0-88-generic
29-Mar-2020 21:42:20.482 INFO [main] org.apache.catalina.startup.VersionLoggerListener.log Architecture:          amd64
29-Mar-2020 21:42:20.482 INFO [main] org.apache.catalina.startup.VersionLoggerListener.log Java Home:             /usr/lib/jvm/java-8-openjdk-amd64/jre
29-Mar-2020 21:42:20.482 INFO [main] org.apache.catalina.startup.VersionLoggerListener.log JVM Version:           1.8.0_242-8u242-b08-0ubuntu3~16.04-b08
29-Mar-2020 21:42:20.482 INFO [main] org.apache.catalina.startup.VersionLoggerListener.log JVM Vendor:            Private Build
29-Mar-2020 21:42:20.483 INFO [main] org.apache.catalina.startup.VersionLoggerListener.log CATALINA_BASE:         /home/hj/Desktop/workspace/NICER-master/apache-tomcat-9.0.17
29-Mar-2020 21:42:20.483 INFO [main] org.apache.catalina.startup.VersionLoggerListener.log CATALINA_HOME:         /home/hj/Desktop/workspace/NICER-master/apache-tomcat-9.0.17
29-Mar-2020 21:42:20.483 INFO [main] org.apache.catalina.startup.VersionLoggerListener.log Command line argument: -Djava.util.logging.config.file=/home/hj/Desktop/workspace/NICER-master/apache-tomcat-9.0.17/conf/logging.properties
29-Mar-2020 21:42:20.483 INFO [main] org.apache.catalina.startup.VersionLoggerListener.log Command line argument: -Djava.util.logging.manager=org.apache.juli.ClassLoaderLogManager
29-Mar-2020 21:42:20.483 INFO [main] org.apache.catalina.startup.VersionLoggerListener.log Command line argument: -Djdk.tls.ephemeralDHKeySize=2048
29-Mar-2020 21:42:20.483 INFO [main] org.apache.catalina.startup.VersionLoggerListener.log Command line argument: -Djava.protocol.handler.pkgs=org.apache.catalina.webresources
29-Mar-2020 21:42:20.483 INFO [main] org.apache.catalina.startup.VersionLoggerListener.log Command line argument: -Dorg.apache.catalina.security.SecurityListener.UMASK=0027
29-Mar-2020 21:42:20.483 INFO [main] org.apache.catalina.startup.VersionLoggerListener.log Command line argument: -Dignore.endorsed.dirs=
29-Mar-2020 21:42:20.483 INFO [main] org.apache.catalina.startup.VersionLoggerListener.log Command line argument: -Dcatalina.base=/home/hj/Desktop/workspace/NICER-master/apache-tomcat-9.0.17
29-Mar-2020 21:42:20.483 INFO [main] org.apache.catalina.startup.VersionLoggerListener.log Command line argument: -Dcatalina.home=/home/hj/Desktop/workspace/NICER-master/apache-tomcat-9.0.17
29-Mar-2020 21:42:20.483 INFO [main] org.apache.catalina.startup.VersionLoggerListener.log Command line argument: -Djava.io.tmpdir=/home/hj/Desktop/workspace/NICER-master/apache-tomcat-9.0.17/temp
29-Mar-2020 21:42:20.484 INFO [main] org.apache.catalina.core.AprLifecycleListener.lifecycleEvent The APR based Apache Tomcat Native library which allows optimal performance in production environments was not found on the java.library.path: [/usr/java/packages/lib/amd64:/usr/lib/x86_64-linux-gnu/jni:/lib/x86_64-linux-gnu:/usr/lib/x86_64-linux-gnu:/usr/lib/jni:/lib:/usr/lib]
29-Mar-2020 21:42:20.630 INFO [main] org.apache.coyote.AbstractProtocol.init Initializing ProtocolHandler ["http-nio-80"]
29-Mar-2020 21:42:20.647 INFO [main] org.apache.coyote.AbstractProtocol.init Initializing ProtocolHandler ["ajp-nio-8009"]
29-Mar-2020 21:42:20.649 INFO [main] org.apache.catalina.startup.Catalina.load Server initialization in [436] milliseconds
29-Mar-2020 21:42:20.668 INFO [main] org.apache.catalina.core.StandardService.startInternal Starting service [Catalina]
29-Mar-2020 21:42:20.668 INFO [main] org.apache.catalina.core.StandardEngine.startInternal Starting Servlet engine: [Apache Tomcat/9.0.17]
29-Mar-2020 21:42:20.682 INFO [main] org.apache.catalina.startup.HostConfig.deployWAR Deploying web application archive [/home/hj/Desktop/workspace/NICER-master/apache-tomcat-9.0.17/webapps/ROOT.war]
29-Mar-2020 21:42:22.324 INFO [main] org.apache.jasper.servlet.TldScanner.scanJars At least one JAR was scanned for TLDs yet contained no TLDs. Enable debug logging for this logger for a complete list of JARs that were scanned but no TLDs were found in them. Skipping unneeded JARs during scanning can improve startup time and JSP compilation time.
29-Mar-2020 21:42:22.363 INFO [main] org.apache.catalina.startup.HostConfig.deployWAR Deployment of web application archive [/home/hj/Desktop/workspace/NICER-master/apache-tomcat-9.0.17/webapps/ROOT.war] has finished in [1,681] ms
29-Mar-2020 21:42:22.364 INFO [main] org.apache.catalina.startup.HostConfig.deployDirectory Deploying web application directory [/home/hj/Desktop/workspace/NICER-master/apache-tomcat-9.0.17/webapps/examples]
29-Mar-2020 21:42:23.879 INFO [main] org.apache.jasper.servlet.TldScanner.scanJars At least one JAR was scanned for TLDs yet contained no TLDs. Enable debug logging for this logger for a complete list of JARs that were scanned but no TLDs were found in them. Skipping unneeded JARs during scanning can improve startup time and JSP compilation time.
29-Mar-2020 21:42:23.917 INFO [main] org.apache.catalina.startup.HostConfig.deployDirectory Deployment of web application directory [/home/hj/Desktop/workspace/NICER-master/apache-tomcat-9.0.17/webapps/examples] has finished in [1,553] ms
29-Mar-2020 21:42:23.918 INFO [main] org.apache.catalina.startup.HostConfig.deployDirectory Deploying web application directory [/home/hj/Desktop/workspace/NICER-master/apache-tomcat-9.0.17/webapps/manager]
29-Mar-2020 21:42:24.952 INFO [main] org.apache.jasper.servlet.TldScanner.scanJars At least one JAR was scanned for TLDs yet contained no TLDs. Enable debug logging for this logger for a complete list of JARs that were scanned but no TLDs were found in them. Skipping unneeded JARs during scanning can improve startup time and JSP compilation time.
29-Mar-2020 21:42:24.955 INFO [main] org.apache.catalina.startup.HostConfig.deployDirectory Deployment of web application directory [/home/hj/Desktop/workspace/NICER-master/apache-tomcat-9.0.17/webapps/manager] has finished in [1,038] ms
29-Mar-2020 21:42:24.955 INFO [main] org.apache.catalina.startup.HostConfig.deployDirectory Deploying web application directory [/home/hj/Desktop/workspace/NICER-master/apache-tomcat-9.0.17/webapps/docs]
29-Mar-2020 21:42:25.642 INFO [main] org.apache.jasper.servlet.TldScanner.scanJars At least one JAR was scanned for TLDs yet contained no TLDs. Enable debug logging for this logger for a complete list of JARs that were scanned but no TLDs were found in them. Skipping unneeded JARs during scanning can improve startup time and JSP compilation time.
29-Mar-2020 21:42:25.643 INFO [main] org.apache.catalina.startup.HostConfig.deployDirectory Deployment of web application directory [/home/hj/Desktop/workspace/NICER-master/apache-tomcat-9.0.17/webapps/docs] has finished in [688] ms
29-Mar-2020 21:42:25.643 INFO [main] org.apache.catalina.startup.HostConfig.deployDirectory Deploying web application directory [/home/hj/Desktop/workspace/NICER-master/apache-tomcat-9.0.17/webapps/host-manager]
29-Mar-2020 21:42:26.172 INFO [main] org.apache.jasper.servlet.TldScanner.scanJars At least one JAR was scanned for TLDs yet contained no TLDs. Enable debug logging for this logger for a complete list of JARs that were scanned but no TLDs were found in them. Skipping unneeded JARs during scanning can improve startup time and JSP compilation time.
29-Mar-2020 21:42:26.174 INFO [main] org.apache.catalina.startup.HostConfig.deployDirectory Deployment of web application directory [/home/hj/Desktop/workspace/NICER-master/apache-tomcat-9.0.17/webapps/host-manager] has finished in [531] ms
29-Mar-2020 21:42:26.176 INFO [main] org.apache.coyote.AbstractProtocol.start Starting ProtocolHandler ["http-nio-80"]
29-Mar-2020 21:42:26.196 INFO [main] org.apache.coyote.AbstractProtocol.start Starting ProtocolHandler ["ajp-nio-8009"]
29-Mar-2020 21:42:26.203 INFO [main] org.apache.catalina.startup.Catalina.start Server startup in [5,553] milliseconds
29-Mar-2020 21:42:38.573 INFO [main] org.apache.catalina.core.StandardServer.await A valid shutdown command was received via the shutdown port. Stopping the Server instance.
29-Mar-2020 21:42:38.573 INFO [main] org.apache.coyote.AbstractProtocol.pause Pausing ProtocolHandler ["http-nio-80"]
29-Mar-2020 21:42:38.580 INFO [main] org.apache.coyote.AbstractProtocol.pause Pausing ProtocolHandler ["ajp-nio-8009"]
29-Mar-2020 21:42:38.586 INFO [main] org.apache.catalina.core.StandardService.stopInternal Stopping service [Catalina]
29-Mar-2020 21:42:38.605 INFO [main] org.apache.coyote.AbstractProtocol.stop Stopping ProtocolHandler ["http-nio-80"]
29-Mar-2020 21:42:38.608 INFO [main] org.apache.coyote.AbstractProtocol.stop Stopping ProtocolHandler ["ajp-nio-8009"]
29-Mar-2020 21:42:38.610 INFO [main] org.apache.coyote.AbstractProtocol.destroy Destroying ProtocolHandler ["http-nio-80"]
29-Mar-2020 21:42:38.610 INFO [main] org.apache.coyote.AbstractProtocol.destroy Destroying ProtocolHandler ["ajp-nio-8009"]
29-Mar-2020 21:42:43.301 INFO [main] org.apache.catalina.startup.VersionLoggerListener.log Server version name:   Apache Tomcat/9.0.17
29-Mar-2020 21:42:43.302 INFO [main] org.apache.catalina.startup.VersionLoggerListener.log Server built:          Mar 13 2019 15:55:27 UTC
29-Mar-2020 21:42:43.302 INFO [main] org.apache.catalina.startup.VersionLoggerListener.log Server version number: 9.0.17.0
29-Mar-2020 21:42:43.303 INFO [main] org.apache.catalina.startup.VersionLoggerListener.log OS Name:               Linux
29-Mar-2020 21:42:43.303 INFO [main] org.apache.catalina.startup.VersionLoggerListener.log OS Version:            4.15.0-88-generic
29-Mar-2020 21:42:43.303 INFO [main] org.apache.catalina.startup.VersionLoggerListener.log Architecture:          amd64
29-Mar-2020 21:42:43.303 INFO [main] org.apache.catalina.startup.VersionLoggerListener.log Java Home:             /usr/lib/jvm/java-8-openjdk-amd64/jre
29-Mar-2020 21:42:43.303 INFO [main] org.apache.catalina.startup.VersionLoggerListener.log JVM Version:           1.8.0_242-8u242-b08-0ubuntu3~16.04-b08
29-Mar-2020 21:42:43.303 INFO [main] org.apache.catalina.startup.VersionLoggerListener.log JVM Vendor:            Private Build
29-Mar-2020 21:42:43.303 INFO [main] org.apache.catalina.startup.VersionLoggerListener.log CATALINA_BASE:         /home/hj/Desktop/workspace/NICER-master/apache-tomcat-9.0.17
29-Mar-2020 21:42:43.303 INFO [main] org.apache.catalina.startup.VersionLoggerListener.log CATALINA_HOME:         /home/hj/Desktop/workspace/NICER-master/apache-tomcat-9.0.17
29-Mar-2020 21:42:43.304 INFO [main] org.apache.catalina.startup.VersionLoggerListener.log Command line argument: -Djava.util.logging.config.file=/home/hj/Desktop/workspace/NICER-master/apache-tomcat-9.0.17/conf/logging.properties
29-Mar-2020 21:42:43.304 INFO [main] org.apache.catalina.startup.VersionLoggerListener.log Command line argument: -Djava.util.logging.manager=org.apache.juli.ClassLoaderLogManager
29-Mar-2020 21:42:43.304 INFO [main] org.apache.catalina.startup.VersionLoggerListener.log Command line argument: -Djdk.tls.ephemeralDHKeySize=2048
29-Mar-2020 21:42:43.304 INFO [main] org.apache.catalina.startup.VersionLoggerListener.log Command line argument: -Djava.protocol.handler.pkgs=org.apache.catalina.webresources
29-Mar-2020 21:42:43.304 INFO [main] org.apache.catalina.startup.VersionLoggerListener.log Command line argument: -Dorg.apache.catalina.security.SecurityListener.UMASK=0027
29-Mar-2020 21:42:43.304 INFO [main] org.apache.catalina.startup.VersionLoggerListener.log Command line argument: -Dignore.endorsed.dirs=
29-Mar-2020 21:42:43.304 INFO [main] org.apache.catalina.startup.VersionLoggerListener.log Command line argument: -Dcatalina.base=/home/hj/Desktop/workspace/NICER-master/apache-tomcat-9.0.17
29-Mar-2020 21:42:43.304 INFO [main] org.apache.catalina.startup.VersionLoggerListener.log Command line argument: -Dcatalina.home=/home/hj/Desktop/workspace/NICER-master/apache-tomcat-9.0.17
29-Mar-2020 21:42:43.304 INFO [main] org.apache.catalina.startup.VersionLoggerListener.log Command line argument: -Djava.io.tmpdir=/home/hj/Desktop/workspace/NICER-master/apache-tomcat-9.0.17/temp
29-Mar-2020 21:42:43.305 INFO [main] org.apache.catalina.core.AprLifecycleListener.lifecycleEvent The APR based Apache Tomcat Native library which allows optimal performance in production environments was not found on the java.library.path: [/usr/java/packages/lib/amd64:/usr/lib/x86_64-linux-gnu/jni:/lib/x86_64-linux-gnu:/usr/lib/x86_64-linux-gnu:/usr/lib/jni:/lib:/usr/lib]
29-Mar-2020 21:42:43.406 INFO [main] org.apache.coyote.AbstractProtocol.init Initializing ProtocolHandler ["http-nio-80"]
29-Mar-2020 21:42:43.422 INFO [main] org.apache.coyote.AbstractProtocol.init Initializing ProtocolHandler ["ajp-nio-8009"]
29-Mar-2020 21:42:43.423 INFO [main] org.apache.catalina.startup.Catalina.load Server initialization in [409] milliseconds
29-Mar-2020 21:42:43.443 INFO [main] org.apache.catalina.core.StandardService.startInternal Starting service [Catalina]
29-Mar-2020 21:42:43.443 INFO [main] org.apache.catalina.core.StandardEngine.startInternal Starting Servlet engine: [Apache Tomcat/9.0.17]
29-Mar-2020 21:42:43.457 INFO [main] org.apache.catalina.startup.HostConfig.deployWAR Deploying web application archive [/home/hj/Desktop/workspace/NICER-master/apache-tomcat-9.0.17/webapps/ROOT.war]
29-Mar-2020 21:42:44.922 INFO [main] org.apache.jasper.servlet.TldScanner.scanJars At least one JAR was scanned for TLDs yet contained no TLDs. Enable debug logging for this logger for a complete list of JARs that were scanned but no TLDs were found in them. Skipping unneeded JARs during scanning can improve startup time and JSP compilation time.
29-Mar-2020 21:42:44.957 INFO [main] org.apache.catalina.startup.HostConfig.deployWAR Deployment of web application archive [/home/hj/Desktop/workspace/NICER-master/apache-tomcat-9.0.17/webapps/ROOT.war] has finished in [1,500] ms
29-Mar-2020 21:42:44.957 INFO [main] org.apache.catalina.startup.HostConfig.deployDirectory Deploying web application directory [/home/hj/Desktop/workspace/NICER-master/apache-tomcat-9.0.17/webapps/examples]
29-Mar-2020 21:42:46.243 INFO [main] org.apache.jasper.servlet.TldScanner.scanJars At least one JAR was scanned for TLDs yet contained no TLDs. Enable debug logging for this logger for a complete list of JARs that were scanned but no TLDs were found in them. Skipping unneeded JARs during scanning can improve startup time and JSP compilation time.
29-Mar-2020 21:42:46.272 INFO [main] org.apache.catalina.startup.HostConfig.deployDirectory Deployment of web application directory [/home/hj/Desktop/workspace/NICER-master/apache-tomcat-9.0.17/webapps/examples] has finished in [1,315] ms
29-Mar-2020 21:42:46.273 INFO [main] org.apache.catalina.startup.HostConfig.deployDirectory Deploying web application directory [/home/hj/Desktop/workspace/NICER-master/apache-tomcat-9.0.17/webapps/manager]
29-Mar-2020 21:42:47.186 INFO [main] org.apache.jasper.servlet.TldScanner.scanJars At least one JAR was scanned for TLDs yet contained no TLDs. Enable debug logging for this logger for a complete list of JARs that were scanned but no TLDs were found in them. Skipping unneeded JARs during scanning can improve startup time and JSP compilation time.
29-Mar-2020 21:42:47.190 INFO [main] org.apache.catalina.startup.HostConfig.deployDirectory Deployment of web application directory [/home/hj/Desktop/workspace/NICER-master/apache-tomcat-9.0.17/webapps/manager] has finished in [917] ms
29-Mar-2020 21:42:47.190 INFO [main] org.apache.catalina.startup.HostConfig.deployDirectory Deploying web application directory [/home/hj/Desktop/workspace/NICER-master/apache-tomcat-9.0.17/webapps/docs]
29-Mar-2020 21:42:47.972 INFO [main] org.apache.jasper.servlet.TldScanner.scanJars At least one JAR was scanned for TLDs yet contained no TLDs. Enable debug logging for this logger for a complete list of JARs that were scanned but no TLDs were found in them. Skipping unneeded JARs during scanning can improve startup time and JSP compilation time.
29-Mar-2020 21:42:47.974 INFO [main] org.apache.catalina.startup.HostConfig.deployDirectory Deployment of web application directory [/home/hj/Desktop/workspace/NICER-master/apache-tomcat-9.0.17/webapps/docs] has finished in [783] ms
29-Mar-2020 21:42:47.974 INFO [main] org.apache.catalina.startup.HostConfig.deployDirectory Deploying web application directory [/home/hj/Desktop/workspace/NICER-master/apache-tomcat-9.0.17/webapps/host-manager]
29-Mar-2020 21:42:48.560 INFO [main] org.apache.jasper.servlet.TldScanner.scanJars At least one JAR was scanned for TLDs yet contained no TLDs. Enable debug logging for this logger for a complete list of JARs that were scanned but no TLDs were found in them. Skipping unneeded JARs during scanning can improve startup time and JSP compilation time.
29-Mar-2020 21:42:48.562 INFO [main] org.apache.catalina.startup.HostConfig.deployDirectory Deployment of web application directory [/home/hj/Desktop/workspace/NICER-master/apache-tomcat-9.0.17/webapps/host-manager] has finished in [588] ms
29-Mar-2020 21:42:48.565 INFO [main] org.apache.coyote.AbstractProtocol.start Starting ProtocolHandler ["http-nio-80"]
29-Mar-2020 21:42:48.574 INFO [main] org.apache.coyote.AbstractProtocol.start Starting ProtocolHandler ["ajp-nio-8009"]
29-Mar-2020 21:42:48.589 INFO [main] org.apache.catalina.startup.Catalina.start Server startup in [5,165] milliseconds
29-Mar-2020 21:55:43.419 SEVERE [ajp-nio-8009-exec-1] org.apache.coyote.ajp.AjpMessage.processHeader Invalid message received with signature [18245]
29-Mar-2020 21:55:43.421 SEVERE [ajp-nio-8009-exec-2] org.apache.coyote.ajp.AjpMessage.processHeader Invalid message received with signature [18245]
29-Mar-2020 21:55:43.423 SEVERE [ajp-nio-8009-exec-3] org.apache.coyote.ajp.AjpMessage.processHeader Invalid message received with signature [18245]
29-Mar-2020 21:55:48.522 SEVERE [ajp-nio-8009-exec-4] org.apache.coyote.ajp.AjpMessage.processHeader Invalid message received with signature [18245]
29-Mar-2020 21:55:48.523 SEVERE [ajp-nio-8009-exec-5] org.apache.coyote.ajp.AjpMessage.processHeader Invalid message received with signature [18245]
29-Mar-2020 21:55:48.524 SEVERE [ajp-nio-8009-exec-6] org.apache.coyote.ajp.AjpMessage.processHeader Invalid message received with signature [18245]
29-Mar-2020 21:56:18.569 SEVERE [ajp-nio-8009-exec-7] org.apache.coyote.ajp.AjpMessage.processHeader Invalid message received with signature [18245]
29-Mar-2020 21:56:18.571 SEVERE [ajp-nio-8009-exec-8] org.apache.coyote.ajp.AjpMessage.processHeader Invalid message received with signature [18245]
29-Mar-2020 21:56:18.573 SEVERE [ajp-nio-8009-exec-9] org.apache.coyote.ajp.AjpMessage.processHeader Invalid message received with signature [18245]
29-Mar-2020 21:57:18.619 SEVERE [ajp-nio-8009-exec-10] org.apache.coyote.ajp.AjpMessage.processHeader Invalid message received with signature [18245]
29-Mar-2020 21:57:18.620 SEVERE [ajp-nio-8009-exec-1] org.apache.coyote.ajp.AjpMessage.processHeader Invalid message received with signature [18245]
29-Mar-2020 21:57:18.622 SEVERE [ajp-nio-8009-exec-2] org.apache.coyote.ajp.AjpMessage.processHeader Invalid message received with signature [18245]
29-Mar-2020 21:59:15.804 INFO [main] org.apache.catalina.core.StandardServer.await A valid shutdown command was received via the shutdown port. Stopping the Server instance.
29-Mar-2020 21:59:15.805 INFO [main] org.apache.coyote.AbstractProtocol.pause Pausing ProtocolHandler ["http-nio-80"]
29-Mar-2020 21:59:15.812 INFO [main] org.apache.coyote.AbstractProtocol.pause Pausing ProtocolHandler ["ajp-nio-8009"]
29-Mar-2020 21:59:15.818 INFO [main] org.apache.catalina.core.StandardService.stopInternal Stopping service [Catalina]
29-Mar-2020 21:59:15.849 INFO [main] org.apache.coyote.AbstractProtocol.stop Stopping ProtocolHandler ["http-nio-80"]
29-Mar-2020 21:59:15.851 INFO [main] org.apache.coyote.AbstractProtocol.stop Stopping ProtocolHandler ["ajp-nio-8009"]
29-Mar-2020 21:59:15.852 INFO [main] org.apache.coyote.AbstractProtocol.destroy Destroying ProtocolHandler ["http-nio-80"]
29-Mar-2020 21:59:15.853 INFO [main] org.apache.coyote.AbstractProtocol.destroy Destroying ProtocolHandler ["ajp-nio-8009"]
29-Mar-2020 22:09:12.676 INFO [main] org.apache.catalina.startup.VersionLoggerListener.log Server version name:   Apache Tomcat/9.0.17
29-Mar-2020 22:09:12.678 INFO [main] org.apache.catalina.startup.VersionLoggerListener.log Server built:          Mar 13 2019 15:55:27 UTC
29-Mar-2020 22:09:12.678 INFO [main] org.apache.catalina.startup.VersionLoggerListener.log Server version number: 9.0.17.0
29-Mar-2020 22:09:12.678 INFO [main] org.apache.catalina.startup.VersionLoggerListener.log OS Name:               Linux
29-Mar-2020 22:09:12.678 INFO [main] org.apache.catalina.startup.VersionLoggerListener.log OS Version:            4.15.0-88-generic
29-Mar-2020 22:09:12.678 INFO [main] org.apache.catalina.startup.VersionLoggerListener.log Architecture:          amd64
29-Mar-2020 22:09:12.678 INFO [main] org.apache.catalina.startup.VersionLoggerListener.log Java Home:             /usr/lib/jvm/java-8-openjdk-amd64/jre
29-Mar-2020 22:09:12.678 INFO [main] org.apache.catalina.startup.VersionLoggerListener.log JVM Version:           1.8.0_242-8u242-b08-0ubuntu3~16.04-b08
29-Mar-2020 22:09:12.679 INFO [main] org.apache.catalina.startup.VersionLoggerListener.log JVM Vendor:            Private Build
29-Mar-2020 22:09:12.679 INFO [main] org.apache.catalina.startup.VersionLoggerListener.log CATALINA_BASE:         /home/hj/Desktop/workspace/NICER-master/apache-tomcat-9.0.17
29-Mar-2020 22:09:12.679 INFO [main] org.apache.catalina.startup.VersionLoggerListener.log CATALINA_HOME:         /home/hj/Desktop/workspace/NICER-master/apache-tomcat-9.0.17
29-Mar-2020 22:09:12.679 INFO [main] org.apache.catalina.startup.VersionLoggerListener.log Command line argument: -Djava.util.logging.config.file=/home/hj/Desktop/workspace/NICER-master/apache-tomcat-9.0.17/conf/logging.properties
29-Mar-2020 22:09:12.679 INFO [main] org.apache.catalina.startup.VersionLoggerListener.log Command line argument: -Djava.util.logging.manager=org.apache.juli.ClassLoaderLogManager
29-Mar-2020 22:09:12.679 INFO [main] org.apache.catalina.startup.VersionLoggerListener.log Command line argument: -Djdk.tls.ephemeralDHKeySize=2048
29-Mar-2020 22:09:12.679 INFO [main] org.apache.catalina.startup.VersionLoggerListener.log Command line argument: -Djava.protocol.handler.pkgs=org.apache.catalina.webresources
29-Mar-2020 22:09:12.680 INFO [main] org.apache.catalina.startup.VersionLoggerListener.log Command line argument: -Dorg.apache.catalina.security.SecurityListener.UMASK=0027
29-Mar-2020 22:09:12.680 INFO [main] org.apache.catalina.startup.VersionLoggerListener.log Command line argument: -Dignore.endorsed.dirs=
29-Mar-2020 22:09:12.680 INFO [main] org.apache.catalina.startup.VersionLoggerListener.log Command line argument: -Dcatalina.base=/home/hj/Desktop/workspace/NICER-master/apache-tomcat-9.0.17
29-Mar-2020 22:09:12.680 INFO [main] org.apache.catalina.startup.VersionLoggerListener.log Command line argument: -Dcatalina.home=/home/hj/Desktop/workspace/NICER-master/apache-tomcat-9.0.17
29-Mar-2020 22:09:12.680 INFO [main] org.apache.catalina.startup.VersionLoggerListener.log Command line argument: -Djava.io.tmpdir=/home/hj/Desktop/workspace/NICER-master/apache-tomcat-9.0.17/temp
29-Mar-2020 22:09:12.680 INFO [main] org.apache.catalina.core.AprLifecycleListener.lifecycleEvent The APR based Apache Tomcat Native library which allows optimal performance in production environments was not found on the java.library.path: [/usr/java/packages/lib/amd64:/usr/lib/x86_64-linux-gnu/jni:/lib/x86_64-linux-gnu:/usr/lib/x86_64-linux-gnu:/usr/lib/jni:/lib:/usr/lib]
29-Mar-2020 22:09:12.769 INFO [main] org.apache.coyote.AbstractProtocol.init Initializing ProtocolHandler ["http-nio-80"]
29-Mar-2020 22:09:12.787 INFO [main] org.apache.coyote.AbstractProtocol.init Initializing ProtocolHandler ["ajp-nio-8009"]
29-Mar-2020 22:09:12.789 INFO [main] org.apache.catalina.startup.Catalina.load Server initialization in [370] milliseconds
29-Mar-2020 22:09:12.812 INFO [main] org.apache.catalina.core.StandardService.startInternal Starting service [Catalina]
29-Mar-2020 22:09:12.812 INFO [main] org.apache.catalina.core.StandardEngine.startInternal Starting Servlet engine: [Apache Tomcat/9.0.17]
29-Mar-2020 22:09:12.829 INFO [main] org.apache.catalina.startup.HostConfig.deployWAR Deploying web application archive [/home/hj/Desktop/workspace/NICER-master/apache-tomcat-9.0.17/webapps/ROOT.war]
29-Mar-2020 22:09:14.285 INFO [main] org.apache.jasper.servlet.TldScanner.scanJars At least one JAR was scanned for TLDs yet contained no TLDs. Enable debug logging for this logger for a complete list of JARs that were scanned but no TLDs were found in them. Skipping unneeded JARs during scanning can improve startup time and JSP compilation time.
29-Mar-2020 22:09:14.342 INFO [main] org.apache.catalina.startup.HostConfig.deployWAR Deployment of web application archive [/home/hj/Desktop/workspace/NICER-master/apache-tomcat-9.0.17/webapps/ROOT.war] has finished in [1,513] ms
29-Mar-2020 22:09:14.343 INFO [main] org.apache.catalina.startup.HostConfig.deployDirectory Deploying web application directory [/home/hj/Desktop/workspace/NICER-master/apache-tomcat-9.0.17/webapps/examples]
29-Mar-2020 22:09:15.506 INFO [main] org.apache.jasper.servlet.TldScanner.scanJars At least one JAR was scanned for TLDs yet contained no TLDs. Enable debug logging for this logger for a complete list of JARs that were scanned but no TLDs were found in them. Skipping unneeded JARs during scanning can improve startup time and JSP compilation time.
29-Mar-2020 22:09:15.533 INFO [main] org.apache.catalina.startup.HostConfig.deployDirectory Deployment of web application directory [/home/hj/Desktop/workspace/NICER-master/apache-tomcat-9.0.17/webapps/examples] has finished in [1,191] ms
29-Mar-2020 22:09:15.534 INFO [main] org.apache.catalina.startup.HostConfig.deployDirectory Deploying web application directory [/home/hj/Desktop/workspace/NICER-master/apache-tomcat-9.0.17/webapps/manager]
29-Mar-2020 22:09:16.475 INFO [main] org.apache.jasper.servlet.TldScanner.scanJars At least one JAR was scanned for TLDs yet contained no TLDs. Enable debug logging for this logger for a complete list of JARs that were scanned but no TLDs were found in them. Skipping unneeded JARs during scanning can improve startup time and JSP compilation time.
29-Mar-2020 22:09:16.480 INFO [main] org.apache.catalina.startup.HostConfig.deployDirectory Deployment of web application directory [/home/hj/Desktop/workspace/NICER-master/apache-tomcat-9.0.17/webapps/manager] has finished in [945] ms
29-Mar-2020 22:09:16.480 INFO [main] org.apache.catalina.startup.HostConfig.deployDirectory Deploying web application directory [/home/hj/Desktop/workspace/NICER-master/apache-tomcat-9.0.17/webapps/docs]
29-Mar-2020 22:09:17.270 INFO [main] org.apache.jasper.servlet.TldScanner.scanJars At least one JAR was scanned for TLDs yet contained no TLDs. Enable debug logging for this logger for a complete list of JARs that were scanned but no TLDs were found in them. Skipping unneeded JARs during scanning can improve startup time and JSP compilation time.
29-Mar-2020 22:09:17.271 INFO [main] org.apache.catalina.startup.HostConfig.deployDirectory Deployment of web application directory [/home/hj/Desktop/workspace/NICER-master/apache-tomcat-9.0.17/webapps/docs] has finished in [791] ms
29-Mar-2020 22:09:17.271 INFO [main] org.apache.catalina.startup.HostConfig.deployDirectory Deploying web application directory [/home/hj/Desktop/workspace/NICER-master/apache-tomcat-9.0.17/webapps/host-manager]
29-Mar-2020 22:09:17.895 INFO [main] org.apache.jasper.servlet.TldScanner.scanJars At least one JAR was scanned for TLDs yet contained no TLDs. Enable debug logging for this logger for a complete list of JARs that were scanned but no TLDs were found in them. Skipping unneeded JARs during scanning can improve startup time and JSP compilation time.
29-Mar-2020 22:09:17.897 INFO [main] org.apache.catalina.startup.HostConfig.deployDirectory Deployment of web application directory [/home/hj/Desktop/workspace/NICER-master/apache-tomcat-9.0.17/webapps/host-manager] has finished in [625] ms
29-Mar-2020 22:09:17.899 INFO [main] org.apache.coyote.AbstractProtocol.start Starting ProtocolHandler ["http-nio-80"]
29-Mar-2020 22:09:17.913 INFO [main] org.apache.coyote.AbstractProtocol.start Starting ProtocolHandler ["ajp-nio-8009"]
29-Mar-2020 22:09:17.929 INFO [main] org.apache.catalina.startup.Catalina.start Server startup in [5,140] milliseconds
29-Mar-2020 22:14:08.993 INFO [Catalina-utility-2] org.apache.catalina.startup.HostConfig.undeploy Undeploying context []
29-Mar-2020 22:14:09.022 INFO [Catalina-utility-2] org.apache.catalina.startup.HostConfig.deployWAR Deploying web application archive [/home/hj/Desktop/workspace/NICER-master/apache-tomcat-9.0.17/webapps/ROOT.war]
29-Mar-2020 22:14:09.816 INFO [Catalina-utility-2] org.apache.jasper.servlet.TldScanner.scanJars At least one JAR was scanned for TLDs yet contained no TLDs. Enable debug logging for this logger for a complete list of JARs that were scanned but no TLDs were found in them. Skipping unneeded JARs during scanning can improve startup time and JSP compilation time.
29-Mar-2020 22:14:09.819 INFO [Catalina-utility-2] org.apache.catalina.startup.HostConfig.deployWAR Deployment of web application archive [/home/hj/Desktop/workspace/NICER-master/apache-tomcat-9.0.17/webapps/ROOT.war] has finished in [796] ms
29-Mar-2020 22:20:40.418 INFO [Catalina-utility-2] org.apache.catalina.startup.HostConfig.undeploy Undeploying context []
29-Mar-2020 22:20:50.449 INFO [Catalina-utility-2] org.apache.catalina.startup.HostConfig.deployWAR Deploying web application archive [/home/hj/Desktop/workspace/NICER-master/apache-tomcat-9.0.17/webapps/ROOT.war]
29-Mar-2020 22:20:51.250 INFO [Catalina-utility-2] org.apache.jasper.servlet.TldScanner.scanJars At least one JAR was scanned for TLDs yet contained no TLDs. Enable debug logging for this logger for a complete list of JARs that were scanned but no TLDs were found in them. Skipping unneeded JARs during scanning can improve startup time and JSP compilation time.
29-Mar-2020 22:20:51.252 INFO [Catalina-utility-2] org.apache.catalina.startup.HostConfig.deployWAR Deployment of web application archive [/home/hj/Desktop/workspace/NICER-master/apache-tomcat-9.0.17/webapps/ROOT.war] has finished in [803] ms
