29-Mar-2020 19:48:06.478 INFO [main] org.apache.catalina.core.ApplicationContext.log ContextListener: contextInitialized()
29-Mar-2020 19:48:06.478 INFO [main] org.apache.catalina.core.ApplicationContext.log SessionListener: contextInitialized()
29-Mar-2020 19:48:06.479 INFO [main] org.apache.catalina.core.ApplicationContext.log ContextListener: attributeAdded('StockTicker', 'async.Stockticker@6f37fb78')
29-Mar-2020 20:03:34.632 INFO [main] org.apache.catalina.core.ApplicationContext.log SessionListener: contextDestroyed()
29-Mar-2020 20:03:34.632 INFO [main] org.apache.catalina.core.ApplicationContext.log ContextListener: contextDestroyed()
29-Mar-2020 20:04:35.155 INFO [main] org.apache.catalina.core.ApplicationContext.log ContextListener: contextInitialized()
29-Mar-2020 20:04:35.155 INFO [main] org.apache.catalina.core.ApplicationContext.log SessionListener: contextInitialized()
29-Mar-2020 20:04:35.156 INFO [main] org.apache.catalina.core.ApplicationContext.log ContextListener: attributeAdded('StockTicker', 'async.Stockticker@63190b1')
29-Mar-2020 20:05:39.974 INFO [main] org.apache.catalina.core.ApplicationContext.log SessionListener: contextDestroyed()
29-Mar-2020 20:05:39.974 INFO [main] org.apache.catalina.core.ApplicationContext.log ContextListener: contextDestroyed()
29-Mar-2020 20:05:49.535 INFO [main] org.apache.catalina.core.ApplicationContext.log ContextListener: contextInitialized()
29-Mar-2020 20:05:49.535 INFO [main] org.apache.catalina.core.ApplicationContext.log SessionListener: contextInitialized()
29-Mar-2020 20:05:49.535 INFO [main] org.apache.catalina.core.ApplicationContext.log ContextListener: attributeAdded('StockTicker', 'async.Stockticker@63190b1')
29-Mar-2020 20:08:26.698 INFO [main] org.apache.catalina.core.ApplicationContext.log SessionListener: contextDestroyed()
29-Mar-2020 20:08:26.698 INFO [main] org.apache.catalina.core.ApplicationContext.log ContextListener: contextDestroyed()
29-Mar-2020 20:34:04.942 INFO [main] org.apache.catalina.core.ApplicationContext.log ContextListener: contextInitialized()
29-Mar-2020 20:34:04.942 INFO [main] org.apache.catalina.core.ApplicationContext.log SessionListener: contextInitialized()
29-Mar-2020 20:34:04.943 INFO [main] org.apache.catalina.core.ApplicationContext.log ContextListener: attributeAdded('StockTicker', 'async.Stockticker@63190b1')
29-Mar-2020 21:34:08.994 INFO [main] org.apache.catalina.core.ApplicationContext.log SessionListener: contextDestroyed()
29-Mar-2020 21:34:08.994 INFO [main] org.apache.catalina.core.ApplicationContext.log ContextListener: contextDestroyed()
29-Mar-2020 21:34:17.468 INFO [main] org.apache.catalina.core.ApplicationContext.log ContextListener: contextInitialized()
29-Mar-2020 21:34:17.468 INFO [main] org.apache.catalina.core.ApplicationContext.log SessionListener: contextInitialized()
29-Mar-2020 21:34:17.469 INFO [main] org.apache.catalina.core.ApplicationContext.log ContextListener: attributeAdded('StockTicker', 'async.Stockticker@7a3a8ee0')
29-Mar-2020 21:42:13.618 INFO [main] org.apache.catalina.core.ApplicationContext.log SessionListener: contextDestroyed()
29-Mar-2020 21:42:13.618 INFO [main] org.apache.catalina.core.ApplicationContext.log ContextListener: contextDestroyed()
29-Mar-2020 21:42:23.910 INFO [main] org.apache.catalina.core.ApplicationContext.log ContextListener: contextInitialized()
29-Mar-2020 21:42:23.910 INFO [main] org.apache.catalina.core.ApplicationContext.log SessionListener: contextInitialized()
29-Mar-2020 21:42:23.912 INFO [main] org.apache.catalina.core.ApplicationContext.log ContextListener: attributeAdded('StockTicker', 'async.Stockticker@7a3a8ee0')
29-Mar-2020 21:42:38.594 INFO [main] org.apache.catalina.core.ApplicationContext.log SessionListener: contextDestroyed()
29-Mar-2020 21:42:38.594 INFO [main] org.apache.catalina.core.ApplicationContext.log ContextListener: contextDestroyed()
29-Mar-2020 21:42:46.266 INFO [main] org.apache.catalina.core.ApplicationContext.log ContextListener: contextInitialized()
29-Mar-2020 21:42:46.267 INFO [main] org.apache.catalina.core.ApplicationContext.log SessionListener: contextInitialized()
29-Mar-2020 21:42:46.267 INFO [main] org.apache.catalina.core.ApplicationContext.log ContextListener: attributeAdded('StockTicker', 'async.Stockticker@7a3a8ee0')
29-Mar-2020 21:59:15.837 INFO [main] org.apache.catalina.core.ApplicationContext.log SessionListener: contextDestroyed()
29-Mar-2020 21:59:15.837 INFO [main] org.apache.catalina.core.ApplicationContext.log ContextListener: contextDestroyed()
29-Mar-2020 22:09:15.527 INFO [main] org.apache.catalina.core.ApplicationContext.log ContextListener: contextInitialized()
29-Mar-2020 22:09:15.528 INFO [main] org.apache.catalina.core.ApplicationContext.log SessionListener: contextInitialized()
29-Mar-2020 22:09:15.529 INFO [main] org.apache.catalina.core.ApplicationContext.log ContextListener: attributeAdded('StockTicker', 'async.Stockticker@41ef53a9')
