18-May-2020 10:24:06.817 INFO [main] org.apache.catalina.core.ApplicationContext.log ContextListener: contextInitialized()
18-May-2020 10:24:06.817 INFO [main] org.apache.catalina.core.ApplicationContext.log SessionListener: contextInitialized()
18-May-2020 10:24:06.818 INFO [main] org.apache.catalina.core.ApplicationContext.log ContextListener: attributeAdded('StockTicker', 'async.Stockticker@1828db5c')
18-May-2020 10:24:08.799 INFO [main] org.apache.catalina.core.ApplicationContext.log SessionListener: contextDestroyed()
18-May-2020 10:24:08.799 INFO [main] org.apache.catalina.core.ApplicationContext.log ContextListener: contextDestroyed()
18-May-2020 10:32:19.855 INFO [main] org.apache.catalina.core.ApplicationContext.log ContextListener: contextInitialized()
18-May-2020 10:32:19.855 INFO [main] org.apache.catalina.core.ApplicationContext.log SessionListener: contextInitialized()
18-May-2020 10:32:19.856 INFO [main] org.apache.catalina.core.ApplicationContext.log ContextListener: attributeAdded('StockTicker', 'async.Stockticker@1828db5c')
18-May-2020 10:32:33.794 INFO [main] org.apache.catalina.core.ApplicationContext.log ContextListener: contextInitialized()
18-May-2020 10:32:33.800 INFO [main] org.apache.catalina.core.ApplicationContext.log SessionListener: contextInitialized()
18-May-2020 10:32:33.802 INFO [main] org.apache.catalina.core.ApplicationContext.log ContextListener: attributeAdded('StockTicker', 'async.Stockticker@4992ebdc')
18-May-2020 10:32:37.430 INFO [main] org.apache.catalina.core.ApplicationContext.log ContextListener: contextInitialized()
18-May-2020 10:32:37.432 INFO [main] org.apache.catalina.core.ApplicationContext.log SessionListener: contextInitialized()
18-May-2020 10:32:37.435 INFO [main] org.apache.catalina.core.ApplicationContext.log ContextListener: attributeAdded('StockTicker', 'async.Stockticker@6cfc536a')
18-May-2020 10:32:40.862 INFO [main] org.apache.catalina.core.ApplicationContext.log ContextListener: contextInitialized()
18-May-2020 10:32:40.863 INFO [main] org.apache.catalina.core.ApplicationContext.log SessionListener: contextInitialized()
18-May-2020 10:32:40.865 INFO [main] org.apache.catalina.core.ApplicationContext.log ContextListener: attributeAdded('StockTicker', 'async.Stockticker@597d1122')
18-May-2020 10:32:41.312 INFO [main] org.apache.catalina.core.ApplicationContext.log ContextListener: contextInitialized()
18-May-2020 10:32:41.313 INFO [main] org.apache.catalina.core.ApplicationContext.log SessionListener: contextInitialized()
18-May-2020 10:32:41.314 INFO [main] org.apache.catalina.core.ApplicationContext.log ContextListener: attributeAdded('StockTicker', 'async.Stockticker@597d1122')
18-May-2020 10:32:41.586 INFO [main] org.apache.catalina.core.ApplicationContext.log SessionListener: contextDestroyed()
18-May-2020 10:32:41.587 INFO [main] org.apache.catalina.core.ApplicationContext.log ContextListener: contextDestroyed()
18-May-2020 10:32:42.489 INFO [main] org.apache.catalina.core.ApplicationContext.log ContextListener: contextInitialized()
18-May-2020 10:32:42.490 INFO [main] org.apache.catalina.core.ApplicationContext.log SessionListener: contextInitialized()
18-May-2020 10:32:42.492 INFO [main] org.apache.catalina.core.ApplicationContext.log ContextListener: attributeAdded('StockTicker', 'async.Stockticker@597d1122')
18-May-2020 10:32:45.321 INFO [main] org.apache.catalina.core.ApplicationContext.log SessionListener: contextDestroyed()
18-May-2020 10:32:45.321 INFO [main] org.apache.catalina.core.ApplicationContext.log ContextListener: contextDestroyed()
18-May-2020 10:32:46.166 INFO [main] org.apache.catalina.core.ApplicationContext.log SessionListener: contextDestroyed()
18-May-2020 10:32:46.166 INFO [main] org.apache.catalina.core.ApplicationContext.log ContextListener: contextDestroyed()
18-May-2020 10:32:46.424 INFO [main] org.apache.catalina.core.ApplicationContext.log SessionListener: contextDestroyed()
18-May-2020 10:32:46.424 INFO [main] org.apache.catalina.core.ApplicationContext.log ContextListener: contextDestroyed()
18-May-2020 10:32:46.525 INFO [main] org.apache.catalina.core.ApplicationContext.log SessionListener: contextDestroyed()
18-May-2020 10:32:46.525 INFO [main] org.apache.catalina.core.ApplicationContext.log ContextListener: contextDestroyed()
